Running StringTie 2.1.7. Command line:
stringtie -o stringtie-counts/SRR10416456-sorted/SRR10416456-sorted.gtf -p 18 -v -B -e -G GTF-files/merged-transcriptome/merged-transcriptome.gtf sorted-mappings/SRR10416456-sorted
Error creating temp dir stringtie-counts/SRR10416456-sorted/tmp_6OTOZV!(Not a directory)
Running StringTie 2.1.7. Command line:
stringtie -o stringtie-counts/SRR10416457-sorted/SRR10416457-sorted.gtf -p 18 -v -B -e -G GTF-files/merged-transcriptome/merged-transcriptome.gtf sorted-mappings/SRR10416457-sorted
Error creating temp dir stringtie-counts/SRR10416457-sorted/tmp_m52HjW!(Not a directory)
Running StringTie 2.1.7. Command line:
stringtie -o stringtie-counts/SRR10416458-sorted/SRR10416458-sorted.gtf -p 18 -v -B -e -G GTF-files/merged-transcriptome/merged-transcriptome.gtf sorted-mappings/SRR10416458-sorted
Error creating temp dir stringtie-counts/SRR10416458-sorted/tmp_OFz2rV!(Not a directory)
Running StringTie 2.1.7. Command line:
stringtie -o stringtie-counts/SRR10416459-sorted/SRR10416459-sorted.gtf -p 18 -v -B -e -G GTF-files/merged-transcriptome/merged-transcriptome.gtf sorted-mappings/SRR10416459-sorted
Error creating temp dir stringtie-counts/SRR10416459-sorted/tmp_yWBvFU!(Not a directory)
Running StringTie 2.1.7. Command line:
stringtie -o stringtie-counts/SRR10416460-sorted/SRR10416460-sorted.gtf -p 18 -v -B -e -G GTF-files/merged-transcriptome/merged-transcriptome.gtf sorted-mappings/SRR10416460-sorted
Error creating temp dir stringtie-counts/SRR10416460-sorted/tmp_4tElUU!(Not a directory)
Running StringTie 2.1.7. Command line:
stringtie -o stringtie-counts/SRR10416461-sorted/SRR10416461-sorted.gtf -p 18 -v -B -e -G GTF-files/merged-transcriptome/merged-transcriptome.gtf sorted-mappings/SRR10416461-sorted
Error creating temp dir stringtie-counts/SRR10416461-sorted/tmp_4z7uaV!(Not a directory)
Running StringTie 2.1.7. Command line:
stringtie -o stringtie-counts/SRR10416462-sorted/SRR10416462-sorted.gtf -p 18 -v -B -e -G GTF-files/merged-transcriptome/merged-transcriptome.gtf sorted-mappings/SRR10416462-sorted
Error creating temp dir stringtie-counts/SRR10416462-sorted/tmp_62oAYY!(Not a directory)
Running StringTie 2.1.7. Command line:
stringtie -o stringtie-counts/SRR10416463-sorted/SRR10416463-sorted.gtf -p 18 -v -B -e -G GTF-files/merged-transcriptome/merged-transcriptome.gtf sorted-mappings/SRR10416463-sorted
Error creating temp dir stringtie-counts/SRR10416463-sorted/tmp_YWe5aY!(Not a directory)
Running StringTie 2.1.7. Command line:
stringtie -o stringtie-counts/SRR10416464-sorted/SRR10416464-sorted.gtf -p 18 -v -B -e -G GTF-files/merged-transcriptome/merged-transcriptome.gtf sorted-mappings/SRR10416464-sorted
Error creating temp dir stringtie-counts/SRR10416464-sorted/tmp_SHGcvY!(Not a directory)
Running StringTie 2.1.7. Command line:
stringtie -o stringtie-counts/SRR10416465-sorted/SRR10416465-sorted.gtf -p 18 -v -B -e -G GTF-files/merged-transcriptome/merged-transcriptome.gtf sorted-mappings/SRR10416465-sorted
Error creating temp dir stringtie-counts/SRR10416465-sorted/tmp_U5rsIX!(Not a directory)
Running StringTie 2.1.7. Command line:
stringtie -o stringtie-counts/SRR10416466-sorted/SRR10416466-sorted.gtf -p 18 -v -B -e -G GTF-files/merged-transcriptome/merged-transcriptome.gtf sorted-mappings/SRR10416466-sorted
Error creating temp dir stringtie-counts/SRR10416466-sorted/tmp_4VFN5X!(Not a directory)
Running StringTie 2.1.7. Command line:
stringtie -o stringtie-counts/SRR10416467-sorted/SRR10416467-sorted.gtf -p 18 -v -B -e -G GTF-files/merged-transcriptome/merged-transcriptome.gtf sorted-mappings/SRR10416467-sorted
Error creating temp dir stringtie-counts/SRR10416467-sorted/tmp_Yz5b9W!(Not a directory)
