[M::bam2fq_mainloop] discarded 0 singletons
[M::bam2fq_mainloop] processed 1612638 reads
Output files will be written to: /vortexfs1/omics/env-bio/collaboration/jahala/data/raw_data/MAGS/humman_out_reseeded_24.alter_FASTQ

Running metaphlan ........


Total species selected from prescreen: 0

Selected species explain 0.00% of predicted community composition



No species were selected from the prescreen.
Because of this the custom ChocoPhlAn database is empty.
This will result in zero species-specific gene families and pathways.



Running diamond ........


Aligning to reference database: uniref90_201901b_full.dmnd

Total bugs after translated alignment: 1
unclassified: 573045 hits

Total gene families after translated alignment: 5171

Unaligned reads after translated alignment: 81.1710997756 %


Computing gene families ...

Computing pathways abundance and coverage ...

Output files created: 
/vortexfs1/omics/env-bio/collaboration/jahala/data/raw_data/MAGS/humman_out_reseeded_24.alter_FASTQ/reseeded_24.alter.bam_genefamilies.tsv
/vortexfs1/omics/env-bio/collaboration/jahala/data/raw_data/MAGS/humman_out_reseeded_24.alter_FASTQ/reseeded_24.alter.bam_pathabundance.tsv
/vortexfs1/omics/env-bio/collaboration/jahala/data/raw_data/MAGS/humman_out_reseeded_24.alter_FASTQ/reseeded_24.alter.bam_pathcoverage.tsv

