[M::bam2fq_mainloop] discarded 0 singletons
[M::bam2fq_mainloop] processed 3295443 reads
Creating output directory: /vortexfs1/omics/env-bio/collaboration/jahala/data/raw_data/MAGS/humman_out_control.alter_FASTQ
Output files will be written to: /vortexfs1/omics/env-bio/collaboration/jahala/data/raw_data/MAGS/humman_out_control.alter_FASTQ

Running metaphlan ........


Total species selected from prescreen: 0

Selected species explain 0.00% of predicted community composition



No species were selected from the prescreen.
Because of this the custom ChocoPhlAn database is empty.
This will result in zero species-specific gene families and pathways.



Running diamond ........


Aligning to reference database: uniref90_201901b_full.dmnd

Total bugs after translated alignment: 1
unclassified: 2345243 hits

Total gene families after translated alignment: 5918

Unaligned reads after translated alignment: 70.8402481851 %


Computing gene families ...

Computing pathways abundance and coverage ...

Output files created: 
/vortexfs1/omics/env-bio/collaboration/jahala/data/raw_data/MAGS/humman_out_control.alter_FASTQ/control.alter.bam_genefamilies.tsv
/vortexfs1/omics/env-bio/collaboration/jahala/data/raw_data/MAGS/humman_out_control.alter_FASTQ/control.alter.bam_pathabundance.tsv
/vortexfs1/omics/env-bio/collaboration/jahala/data/raw_data/MAGS/humman_out_control.alter_FASTQ/control.alter.bam_pathcoverage.tsv

