[E::hts_open_format] Failed to open file "SRR10420347_out.bam.bin.6" : No such file or directory
samtools merge: fail to open "SRR10420347_out.bam.bin.6": No such file or directory
[M::bam2fq_mainloop] discarded 0 singletons
[M::bam2fq_mainloop] processed 0 reads
[E::hts_open_format] Failed to open file "reseeded_24.bin.6.bam" : No such file or directory
samtools bam2fq: Cannot read file "reseeded_24.bin.6.bam": No such file or directory
[M::bam2fq_mainloop] discarded 0 singletons
[M::bam2fq_mainloop] processed 0 reads
[E::hts_open_format] Failed to open file "SRR10420347_out.bam.bin.1" : No such file or directory
samtools merge: fail to open "SRR10420347_out.bam.bin.1": No such file or directory
[M::bam2fq_mainloop] discarded 0 singletons
[M::bam2fq_mainloop] processed 0 reads
[E::hts_open_format] Failed to open file "reseeded_24.bin.1.bam" : No such file or directory
samtools bam2fq: Cannot read file "reseeded_24.bin.1.bam": No such file or directory
[M::bam2fq_mainloop] discarded 0 singletons
[M::bam2fq_mainloop] processed 0 reads
[E::hts_open_format] Failed to open file "SRR10420347_out.bam.bin.11" : No such file or directory
samtools merge: fail to open "SRR10420347_out.bam.bin.11": No such file or directory
[M::bam2fq_mainloop] discarded 0 singletons
[M::bam2fq_mainloop] processed 0 reads
[E::hts_open_format] Failed to open file "reseeded_24.bin.11.bam" : No such file or directory
samtools bam2fq: Cannot read file "reseeded_24.bin.11.bam": No such file or directory
[M::bam2fq_mainloop] discarded 0 singletons
[M::bam2fq_mainloop] processed 0 reads
[E::hts_open_format] Failed to open file "SRR10420347_out.bam.bin.15" : No such file or directory
samtools merge: fail to open "SRR10420347_out.bam.bin.15": No such file or directory
[M::bam2fq_mainloop] discarded 0 singletons
[M::bam2fq_mainloop] processed 0 reads
[E::hts_open_format] Failed to open file "reseeded_24.bin.15.bam" : No such file or directory
samtools bam2fq: Cannot read file "reseeded_24.bin.15.bam": No such file or directory
[M::bam2fq_mainloop] discarded 0 singletons
[M::bam2fq_mainloop] processed 0 reads
[E::hts_open_format] Failed to open file "SRR10420347_out.bam.bin.13" : No such file or directory
samtools merge: fail to open "SRR10420347_out.bam.bin.13": No such file or directory
[M::bam2fq_mainloop] discarded 0 singletons
[M::bam2fq_mainloop] processed 0 reads
[E::hts_open_format] Failed to open file "reseeded_24.bin.13.bam" : No such file or directory
samtools bam2fq: Cannot read file "reseeded_24.bin.13.bam": No such file or directory
[M::bam2fq_mainloop] discarded 0 singletons
[M::bam2fq_mainloop] processed 0 reads
[E::hts_open_format] Failed to open file "SRR10420347_out.bam.bin.5" : No such file or directory
samtools merge: fail to open "SRR10420347_out.bam.bin.5": No such file or directory
[M::bam2fq_mainloop] discarded 0 singletons
[M::bam2fq_mainloop] processed 0 reads
[E::hts_open_format] Failed to open file "reseeded_24.bin.5.bam" : No such file or directory
samtools bam2fq: Cannot read file "reseeded_24.bin.5.bam": No such file or directory
[M::bam2fq_mainloop] discarded 0 singletons
[M::bam2fq_mainloop] processed 0 reads
[E::hts_open_format] Failed to open file "SRR10420347_out.bam.bin.12" : No such file or directory
samtools merge: fail to open "SRR10420347_out.bam.bin.12": No such file or directory
[M::bam2fq_mainloop] discarded 0 singletons
[M::bam2fq_mainloop] processed 0 reads
[E::hts_open_format] Failed to open file "reseeded_24.bin.12.bam" : No such file or directory
samtools bam2fq: Cannot read file "reseeded_24.bin.12.bam": No such file or directory
[M::bam2fq_mainloop] discarded 0 singletons
[M::bam2fq_mainloop] processed 0 reads
[E::hts_open_format] Failed to open file "SRR10420347_out.bam.bin.14" : No such file or directory
samtools merge: fail to open "SRR10420347_out.bam.bin.14": No such file or directory
[M::bam2fq_mainloop] discarded 0 singletons
[M::bam2fq_mainloop] processed 0 reads
[E::hts_open_format] Failed to open file "reseeded_24.bin.14.bam" : No such file or directory
samtools bam2fq: Cannot read file "reseeded_24.bin.14.bam": No such file or directory
[M::bam2fq_mainloop] discarded 0 singletons
[M::bam2fq_mainloop] processed 0 reads
[E::hts_open_format] Failed to open file "SRR10420347_out.bam.bin.8" : No such file or directory
samtools merge: fail to open "SRR10420347_out.bam.bin.8": No such file or directory
[M::bam2fq_mainloop] discarded 0 singletons
[M::bam2fq_mainloop] processed 0 reads
[E::hts_open_format] Failed to open file "reseeded_24.bin.8.bam" : No such file or directory
samtools bam2fq: Cannot read file "reseeded_24.bin.8.bam": No such file or directory
[M::bam2fq_mainloop] discarded 0 singletons
[M::bam2fq_mainloop] processed 0 reads
[E::hts_open_format] Failed to open file "SRR10420347_out.bam.bin.2" : No such file or directory
samtools merge: fail to open "SRR10420347_out.bam.bin.2": No such file or directory
[M::bam2fq_mainloop] discarded 0 singletons
[M::bam2fq_mainloop] processed 0 reads
[E::hts_open_format] Failed to open file "reseeded_24.bin.2.bam" : No such file or directory
samtools bam2fq: Cannot read file "reseeded_24.bin.2.bam": No such file or directory
[M::bam2fq_mainloop] discarded 0 singletons
[M::bam2fq_mainloop] processed 0 reads
[E::hts_open_format] Failed to open file "SRR10420347_out.bam.bin.10" : No such file or directory
samtools merge: fail to open "SRR10420347_out.bam.bin.10": No such file or directory
[M::bam2fq_mainloop] discarded 0 singletons
[M::bam2fq_mainloop] processed 0 reads
[E::hts_open_format] Failed to open file "reseeded_24.bin.10.bam" : No such file or directory
samtools bam2fq: Cannot read file "reseeded_24.bin.10.bam": No such file or directory
[M::bam2fq_mainloop] discarded 0 singletons
[M::bam2fq_mainloop] processed 0 reads
[E::hts_open_format] Failed to open file "SRR10420347_out.bam.bin.3" : No such file or directory
samtools merge: fail to open "SRR10420347_out.bam.bin.3": No such file or directory
[M::bam2fq_mainloop] discarded 0 singletons
[M::bam2fq_mainloop] processed 0 reads
[E::hts_open_format] Failed to open file "reseeded_24.bin.3.bam" : No such file or directory
samtools bam2fq: Cannot read file "reseeded_24.bin.3.bam": No such file or directory
[M::bam2fq_mainloop] discarded 0 singletons
[M::bam2fq_mainloop] processed 0 reads
