java -Djava.library.path=/vortexfs1/home/katherine.lane/.conda/envs/jahala_clean_metagenome/bbtools/lib/jni/ -ea -Xmx58377m -cp /vortexfs1/home/katherine.lane/.conda/envs/jahala_clean_metagenome/bbtools/lib/current/ align2.BBMap build=1 overwrite=true fastareadlen=500 ref=/vortexfs1/omics/env-bio/collaboration/jahala/data/raw_data/diatom_genome/GCA_014885115.2_ASM1488511v2_genomic.fna in1=/vortexfs1/omics/env-bio/collaboration/jahala/data/raw_data/metagenome/sra/SRR10411456_1.trimmed.fastq.gz in2=/vortexfs1/omics/env-bio/collaboration/jahala/data/raw_data/metagenome/sra/SRR10411456_2.trimmed.fastq.gz outu=metagenome_reads_out.fq
Executing align2.BBMap [build=1, overwrite=true, fastareadlen=500, ref=/vortexfs1/omics/env-bio/collaboration/jahala/data/raw_data/diatom_genome/GCA_014885115.2_ASM1488511v2_genomic.fna, in1=/vortexfs1/omics/env-bio/collaboration/jahala/data/raw_data/metagenome/sra/SRR10411456_1.trimmed.fastq.gz, in2=/vortexfs1/omics/env-bio/collaboration/jahala/data/raw_data/metagenome/sra/SRR10411456_2.trimmed.fastq.gz, outu=metagenome_reads_out.fq]

BBMap version 37.62
Retaining first best site only for ambiguous mappings.
NOTE:	Ignoring reference file because it already appears to have been processed.
NOTE:	If you wish to regenerate the index, please manually delete ref/genome/1/summary.txt
Set genome to 1

Loaded Reference:	0.901 seconds.
Loading index for chunk 1-1, build 1
Generated Index:	1.969 seconds.
Analyzed Index:   	2.069 seconds.
Started output stream:	0.965 seconds.
Cleared Memory:    	0.390 seconds.
Processing reads in paired-ended mode.
Started read stream.
Started 36 mapping threads.
Detecting finished threads: 0, 1, 2, 3, 4, 5, 6, 7, 8, 9, 10, 11, 12, 13, 14, 15, 16, 17, 18, 19, 20, 21, 22, 23, 24, 25, 26, 27, 28, 29, 30, 31, 32, 33, 34, 35

   ------------------   Results   ------------------   

Genome:                	1
Key Length:            	13
Max Indel:             	16000
Minimum Score Ratio:  	0.56
Mapping Mode:         	normal
Reads Used:           	904212534	(91325465934 bases)

Mapping:          	1396.566 seconds.
Reads/sec:       	647454.12
kBases/sec:      	65392.87


Pairing data:   	pct pairs	num pairs 	pct bases	   num bases

mated pairs:     	  0.3027% 	  1368427 	  0.3027% 	   276422254
bad pairs:       	  0.0650% 	   294045 	  0.0650% 	    59397090
insert size avg: 	  462.70


Read 1 data:      	pct reads	num reads 	pct bases	   num bases

mapped:          	  0.4029% 	  1821396 	  0.4029% 	   183960996
unambiguous:     	  0.3714% 	  1679280 	  0.3714% 	   169607280
ambiguous:       	  0.0314% 	   142116 	  0.0314% 	    14353716
low-Q discards:  	  0.0014% 	     6483 	  0.0014% 	      654783

perfect best site:	  0.2212% 	  1000238 	  0.2212% 	   101024038
semiperfect site:	  0.2262% 	  1022535 	  0.2262% 	   103276035
rescued:         	  0.0191% 	    86181

Match Rate:      	      NA 	       NA 	 90.1592% 	   177846297
Error Rate:      	 43.8952% 	   799506 	  9.4862% 	    18712360
Sub Rate:        	 43.5753% 	   793678 	  2.6289% 	     5185751
Del Rate:        	  5.0714% 	    92371 	  6.7410% 	    13297132
Ins Rate:        	  3.6662% 	    66776 	  0.1163% 	      229477
N Rate:          	  2.0110% 	    36628 	  0.3546% 	      699471


Read 2 data:      	pct reads	num reads 	pct bases	   num bases

mapped:          	  0.3909% 	  1767271 	  0.3909% 	   178494371
unambiguous:     	  0.3610% 	  1632169 	  0.3610% 	   164849069
ambiguous:       	  0.0299% 	   135102 	  0.0299% 	    13645302
low-Q discards:  	  3.9804% 	 17995827 	  3.9804% 	  1817578527

perfect best site:	  0.2042% 	   923140 	  0.2042% 	    93237140
semiperfect site:	  0.2089% 	   944397 	  0.2089% 	    95384097
rescued:         	  0.0221% 	   100031

Match Rate:      	      NA 	       NA 	 89.9167% 	   172314482
Error Rate:      	 46.5848% 	   823280 	  9.7009% 	    18590602
Sub Rate:        	 46.2506% 	   817374 	  2.7201% 	     5212664
Del Rate:        	  5.1433% 	    90896 	  6.8585% 	    13143513
Ins Rate:        	  3.7935% 	    67042 	  0.1223% 	      234425
N Rate:          	  2.0504% 	    36236 	  0.3824% 	      732800

Total time:     	1404.132 seconds.
