java -Djava.library.path=/vortexfs1/home/katherine.lane/.conda/envs/jahala_clean_metagenome/bbtools/lib/jni/ -ea -Xmx54784m -cp /vortexfs1/home/katherine.lane/.conda/envs/jahala_clean_metagenome/bbtools/lib/current/ align2.BBMap build=1 overwrite=true fastareadlen=500 ref=/vortexfs1/omics/env-bio/collaboration/jahala/data/raw_data/diatom_genome/GCA_014885115.2_ASM1488511v2_genomic.fna in1=/vortexfs1/omics/env-bio/collaboration/jahala/data/raw_data/metagenome/sra/SRR10411456_1.trimmed.fastq.gz in2=/vortexfs1/omics/env-bio/collaboration/jahala/data/raw_data/metagenome/sra/SRR10411456_2.trimmed.fastq.gz outu=metagenome_reads_out.sam
Executing align2.BBMap [build=1, overwrite=true, fastareadlen=500, ref=/vortexfs1/omics/env-bio/collaboration/jahala/data/raw_data/diatom_genome/GCA_014885115.2_ASM1488511v2_genomic.fna, in1=/vortexfs1/omics/env-bio/collaboration/jahala/data/raw_data/metagenome/sra/SRR10411456_1.trimmed.fastq.gz, in2=/vortexfs1/omics/env-bio/collaboration/jahala/data/raw_data/metagenome/sra/SRR10411456_2.trimmed.fastq.gz, outu=metagenome_reads_out.sam]

BBMap version 37.62
Retaining first best site only for ambiguous mappings.
NOTE:	Ignoring reference file because it already appears to have been processed.
NOTE:	If you wish to regenerate the index, please manually delete ref/genome/1/summary.txt
Set genome to 1

Loaded Reference:	0.597 seconds.
Loading index for chunk 1-1, build 1
Generated Index:	2.511 seconds.
Analyzed Index:   	2.094 seconds.
Started output stream:	0.718 seconds.
Cleared Memory:    	0.338 seconds.
Processing reads in paired-ended mode.
Started read stream.
Started 36 mapping threads.
Detecting finished threads: 0, 1, 2, 3, 4, 5, 6, 7, 8, 9, 10, 11, 12, 13, 14, 15, 16, 17, 18, 19, 20, 21, 22, 23, 24, 25, 26, 27, 28, 29, 30, 31, 32, 33, 34, 35

   ------------------   Results   ------------------   

Genome:                	1
Key Length:            	13
Max Indel:             	16000
Minimum Score Ratio:  	0.56
Mapping Mode:         	normal
Reads Used:           	904212534	(91325465934 bases)

Mapping:          	1367.601 seconds.
Reads/sec:       	661166.69
kBases/sec:      	66777.84


Pairing data:   	pct pairs	num pairs 	pct bases	   num bases

mated pairs:     	  0.3026% 	  1368060 	  0.3026% 	   276348120
bad pairs:       	  0.0647% 	   292443 	  0.0647% 	    59073486
insert size avg: 	  462.19


Read 1 data:      	pct reads	num reads 	pct bases	   num bases

mapped:          	  0.4026% 	  1820195 	  0.4026% 	   183839695
unambiguous:     	  0.3713% 	  1678583 	  0.3713% 	   169536883
ambiguous:       	  0.0313% 	   141612 	  0.0313% 	    14302812
low-Q discards:  	  0.0014% 	     6483 	  0.0014% 	      654783

perfect best site:	  0.2212% 	  1000250 	  0.2212% 	   101025250
semiperfect site:	  0.2261% 	  1022346 	  0.2261% 	   103256946
rescued:         	  0.0191% 	    86518

Match Rate:      	      NA 	       NA 	 93.7753% 	   177734266
Error Rate:      	 43.8678% 	   798480 	  5.8598% 	    11106247
Sub Rate:        	 43.5482% 	   792663 	  2.7349% 	     5183552
Del Rate:        	  5.0475% 	    91875 	  3.0034% 	     5692445
Ins Rate:        	  3.6730% 	    66855 	  0.1215% 	      230250
N Rate:          	  1.9987% 	    36381 	  0.3649% 	      691627


Read 2 data:      	pct reads	num reads 	pct bases	   num bases

mapped:          	  0.3906% 	  1766040 	  0.3906% 	   178370040
unambiguous:     	  0.3609% 	  1631525 	  0.3609% 	   164784025
ambiguous:       	  0.0298% 	   134515 	  0.0298% 	    13586015
low-Q discards:  	  3.9805% 	 17995868 	  3.9805% 	  1817582668

perfect best site:	  0.2042% 	   923150 	  0.2042% 	    93238150
semiperfect site:	  0.2088% 	   944209 	  0.2088% 	    95365109
rescued:         	  0.0222% 	   100153

Match Rate:      	      NA 	       NA 	 93.5626% 	   172200071
Error Rate:      	 46.5565% 	   822207 	  6.0434% 	    11122667
Sub Rate:        	 46.2233% 	   816322 	  2.8307% 	     5209821
Del Rate:        	  5.1169% 	    90366 	  3.0850% 	     5677891
Ins Rate:        	  3.7962% 	    67043 	  0.1277% 	      234955
N Rate:          	  2.0386% 	    36002 	  0.3940% 	      725193

Total time:     	1375.111 seconds.
