Creating output directory: /vortexfs1/omics/env-bio/collaboration/jahala/data/raw_data/metagenome/sra/megahit_assembly2/humman_out_reseeded_05.bin.12_FASTQ
Output files will be written to: /vortexfs1/omics/env-bio/collaboration/jahala/data/raw_data/metagenome/sra/megahit_assembly2/humman_out_reseeded_05.bin.12_FASTQ

Running metaphlan ........


Total species selected from prescreen: 0

Selected species explain 0.00% of predicted community composition



No species were selected from the prescreen.
Because of this the custom ChocoPhlAn database is empty.
This will result in zero species-specific gene families and pathways.



Running diamond ........


Aligning to reference database: uniref90_201901b_full.dmnd

CRITICAL ERROR: Error executing: /vortexfs1/home/katherine.lane/.conda/envs/humann/bin/diamond blastx --query /vortexfs1/omics/env-bio/collaboration/jahala/data/raw_data/metagenome/sra/megahit_assembly2/humman_out_reseeded_05.bin.12_FASTQ/reseeded_05.bin.12.bam_humann_temp/tmpnejo_w61/tmpxgqypa9n --evalue 1.0 --threads 1 --top 1 --outfmt 6 --db /vortexfs1/omics/env-bio/collaboration/jahala/tools/humann_db/uniref/uniref90_201901b_full --out /vortexfs1/omics/env-bio/collaboration/jahala/data/raw_data/metagenome/sra/megahit_assembly2/humman_out_reseeded_05.bin.12_FASTQ/reseeded_05.bin.12.bam_humann_temp/tmpnejo_w61/diamond_m8_u_p08bew --tmpdir /vortexfs1/omics/env-bio/collaboration/jahala/data/raw_data/metagenome/sra/megahit_assembly2/humman_out_reseeded_05.bin.12_FASTQ/reseeded_05.bin.12.bam_humann_temp/tmpnejo_w61

Error message returned from diamond :
diamond v2.0.13.151 (C) Max Planck Society for the Advancement of Science
Documentation, support and updates available at http://www.diamondsearch.org
Please cite: http://dx.doi.org/10.1038/s41592-021-01101-x Nature Methods (2021)

#CPU threads: 1
Scoring parameters: (Matrix=BLOSUM62 Lambda=0.267 K=0.041 Penalties=11/1)
Temporary directory: /vortexfs1/omics/env-bio/collaboration/jahala/data/raw_data/metagenome/sra/megahit_assembly2/humman_out_reseeded_05.bin.12_FASTQ/reseeded_05.bin.12.bam_humann_temp/tmpnejo_w61
Percentage range of top alignment score to report hits: 1
Opening the database...  [0.443s]
Database: /vortexfs1/omics/env-bio/collaboration/jahala/tools/humann_db/uniref/uniref90_201901b_full.dmnd (type: Diamond database, sequences: 87296736, letters: 29247941583)
Block size = 2000000000
Opening the input file...  [0.226s]
Opening the output file...  [0s]
Loading query sequences...  [12.264s]
Masking queries...  [99.839s]
Algorithm: Double-indexed
Building query histograms...  [49.989s]
Allocating buffers...  [0s]
Loading reference sequences...  [21.594s]
Masking reference...  [88.933s]
Initializing dictionary...  [0.005s]
Initializing temporary storage...  [0.012s]
Building reference histograms...  [85.004s]
Allocating buffers...  [0s]
Processing query block 1, reference block 1/15, shape 1/2, index chunk 1/4.
Building reference seed array...  [24.777s]
Building query seed array...  [17.907s]
Computing hash join...  [7.581s]
Masking low complexity seeds...  [0.496s]
Searching alignments...  [101.618s]
Processing query block 1, reference block 1/15, shape 1/2, index chunk 2/4.
Building reference seed array...  [30.722s]
Building query seed array...  [20.893s]
Computing hash join...  [7.602s]
Masking low complexity seeds...  [0.495s]
Searching alignments...  [75.462s]
Processing query block 1, reference block 1/15, shape 1/2, index chunk 3/4.
Building reference seed array...  [33.588s]
Building query seed array...  [21.861s]
Computing hash join...  [7.591s]
Masking low complexity seeds...  [0.496s]
Searching alignments...  [70.565s]
Processing query block 1, reference block 1/15, shape 1/2, index chunk 4/4.
Building reference seed array...  [23.701s]
Building query seed array...  [17.29s]
Computing hash join...  [7.593s]
Masking low complexity seeds...  [0.494s]
Searching alignments...  [64.335s]
Processing query block 1, reference block 1/15, shape 2/2, index chunk 1/4.
Building reference seed array...  [23.74s]
Building query seed array...  [16.092s]
Computing hash join...  [7.236s]
Masking low complexity seeds...  [0.481s]
Searching alignments...  [60.462s]
Processing query block 1, reference block 1/15, shape 2/2, index chunk 2/4.
Building reference seed array...  [30.428s]
Building query seed array...  [19.035s]
Computing hash join...  [7.228s]
Masking low complexity seeds...  [0.48s]
Searching alignments...  [55.068s]
Processing query block 1, reference block 1/15, shape 2/2, index chunk 3/4.
Building reference seed array...  [33.45s]
Building query seed array...  [19.862s]
Computing hash join...  [7.233s]
Masking low complexity seeds...  [0.481s]
Searching alignments...  [53.242s]
Processing query block 1, reference block 1/15, shape 2/2, index chunk 4/4.
Building reference seed array...  [23.466s]
Building query seed array...  [15.894s]
Computing hash join...  [7.224s]
Masking low complexity seeds...  [0.48s]
Searching alignments...  [52.185s]
Deallocating buffers...  [0.008s]
Clearing query masking...  [0.467s]
Opening temporary output file...  [0.002s]
Computing alignments...  [1178.21s]
Deallocating reference...  [0.006s]
Loading reference sequences...  [10.082s]
Masking reference...  [88.821s]
Initializing dictionary...  [0.003s]
Initializing temporary storage...  [0.008s]
Building reference histograms...  [85.165s]
Allocating buffers...  [0s]
Processing query block 1, reference block 2/15, shape 1/2, index chunk 1/4.
Building reference seed array...  [24.745s]
Building query seed array...  [17.39s]
Computing hash join...  [7.691s]
Masking low complexity seeds...  [0.494s]
Searching alignments...  [103.589s]
Processing query block 1, reference block 2/15, shape 1/2, index chunk 2/4.
Building reference seed array...  [30.741s]
Building query seed array...  [20.894s]
Computing hash join...  [7.696s]
Masking low complexity seeds...  [0.504s]
Searching alignments...  [76.384s]
Processing query block 1, reference block 2/15, shape 1/2, index chunk 3/4.
Building reference seed array...  [33.598s]
Building query seed array...  [21.886s]
Computing hash join...  [7.709s]
Masking low complexity seeds...  [0.496s]
Searching alignments...  [71.166s]
Processing query block 1, reference block 2/15, shape 1/2, index chunk 4/4.
Building reference seed array...  [23.732s]
Building query seed array...  [17.28s]
Computing hash join...  [7.705s]
Masking low complexity seeds...  [0.494s]
Searching alignments...  [65.085s]
Processing query block 1, reference block 2/15, shape 2/2, index chunk 1/4.
Building reference seed array...  [23.743s]
Building query seed array...  [16.017s]
Computing hash join...  [7.319s]
Masking low complexity seeds...  [0.474s]
Searching alignments...  [60.456s]
Processing query block 1, reference block 2/15, shape 2/2, index chunk 2/4.
Building reference seed array...  [30.415s]
Building query seed array...  [19.033s]
Computing hash join...  [7.296s]
Masking low complexity seeds...  [0.473s]
Searching alignments...  [55.449s]
Processing query block 1, reference block 2/15, shape 2/2, index chunk 3/4.
Building reference seed array...  [33.243s]
Building query seed array...  [19.809s]
Computing hash join...  [7.34s]
Masking low complexity seeds...  [0.474s]
Searching alignments...  [53.608s]
Processing query block 1, reference block 2/15, shape 2/2, index chunk 4/4.
Building reference seed array...  [23.463s]
Building query seed array...  [15.876s]
Computing hash join...  [7.303s]
Masking low complexity seeds...  [0.473s]
Searching alignments...  [52.531s]
Deallocating buffers...  [0.008s]
Clearing query masking...  [0.468s]
Opening temporary output file...  [0.002s]
Computing alignments...  [1180.04s]
Deallocating reference...  [0.006s]
Loading reference sequences...  [44.952s]
Masking reference...  [88.812s]
Initializing dictionary...  [0.003s]
Initializing temporary storage...  [0.008s]
Building reference histograms...  [85.174s]
Allocating buffers...  [0s]
Processing query block 1, reference block 3/15, shape 1/2, index chunk 1/4.
Building reference seed array...  [24.788s]
Building query seed array...  [17.399s]
Computing hash join...  [7.744s]
Masking low complexity seeds...  [0.494s]
Searching alignments...  [102.143s]
Processing query block 1, reference block 3/15, shape 1/2, index chunk 2/4.
Building reference seed array...  [30.709s]
Building query seed array...  [20.887s]
Computing hash join...  [7.746s]
Masking low complexity seeds...  [0.494s]
Searching alignments...  [76.051s]
Processing query block 1, reference block 3/15, shape 1/2, index chunk 3/4.
Building reference seed array...  [33.578s]
Building query seed array...  [21.871s]
Computing hash join...  [7.724s]
Masking low complexity seeds...  [0.491s]
Searching alignments...  [70.536s]
Processing query block 1, reference block 3/15, shape 1/2, index chunk 4/4.
Building reference seed array...  [23.688s]
Building query seed array...  [17.266s]
Computing hash join...  [7.709s]
Masking low complexity seeds...  [0.489s]
Searching alignments...  [64.881s]
Processing query block 1, reference block 3/15, shape 2/2, index chunk 1/4.
Building reference seed array...  [23.769s]
Building query seed array...  [16.024s]
Computing hash join...  [7.378s]
Masking low complexity seeds...  [0.474s]
Searching alignments...  [60.259s]
Processing query block 1, reference block 3/15, shape 2/2, index chunk 2/4.
Building reference seed array...  [30.366s]
Building query seed array...  [19.026s]
Computing hash join...  [7.375s]
Masking low complexity seeds...  [0.474s]
Searching alignments...  [55.288s]
Processing query block 1, reference block 3/15, shape 2/2, index chunk 3/4.
Building reference seed array...  [33.224s]
Building query seed array...  [19.807s]
Computing hash join...  [7.394s]
Masking low complexity seeds...  [0.475s]
Searching alignments...  [53.459s]
Processing query block 1, reference block 3/15, shape 2/2, index chunk 4/4.
Building reference seed array...  [23.458s]
Building query seed array...  [15.891s]
Computing hash join...  [7.369s]
Masking low complexity seeds...  [0.474s]
Searching alignments...  [52.386s]
Deallocating buffers...  [0.008s]
Clearing query masking...  [0.463s]
Opening temporary output file...  [0.001s]
Computing alignments...  [1185.49s]
Deallocating reference...  [0.007s]
Loading reference sequences...  [3.852s]
Masking reference...  [88.903s]
Initializing dictionary...  [0.003s]
Initializing temporary storage...  [0.009s]
Building reference histograms...  [85.201s]
Allocating buffers...  [0s]
Processing query block 1, reference block 4/15, shape 1/2, index chunk 1/4.
Building reference seed array...  [24.749s]
Building query seed array...  [17.367s]
Computing hash join...  [7.559s]
Masking low complexity seeds...  [0.489s]
Searching alignments...  [101.313s]
Processing query block 1, reference block 4/15, shape 1/2, index chunk 2/4.
Building reference seed array...  [30.738s]
Building query seed array...  [20.889s]
Computing hash join...  [7.663s]
Masking low complexity seeds...  [0.488s]
Searching alignments...  [75.091s]
Processing query block 1, reference block 4/15, shape 1/2, index chunk 3/4.
Building reference seed array...  [33.576s]
Building query seed array...  [21.874s]
Computing hash join...  [7.565s]
Masking low complexity seeds...  [0.489s]
Searching alignments...  [69.968s]
Processing query block 1, reference block 4/15, shape 1/2, index chunk 4/4.
Building reference seed array...  [23.712s]
Building query seed array...  [17.22s]
Computing hash join...  [7.57s]
Masking low complexity seeds...  [0.488s]
Searching alignments...  [64.412s]
Processing query block 1, reference block 4/15, shape 2/2, index chunk 1/4.
Building reference seed array...  [23.731s]
Building query seed array...  [15.996s]
Computing hash join...  [7.217s]
Masking low complexity seeds...  [0.475s]
Searching alignments...  [59.681s]
Processing query block 1, reference block 4/15, shape 2/2, index chunk 2/4.
Building reference seed array...  [30.409s]
Building query seed array...  [19.018s]
Computing hash join...  [7.202s]
Masking low complexity seeds...  [0.475s]
Searching alignments...  [55.048s]
Processing query block 1, reference block 4/15, shape 2/2, index chunk 3/4.
Building reference seed array...  [33.261s]
Building query seed array...  [19.829s]
Computing hash join...  [7.225s]
Masking low complexity seeds...  [0.475s]
Searching alignments...  [53.154s]
Processing query block 1, reference block 4/15, shape 2/2, index chunk 4/4.
Building reference seed array...  [23.466s]
Building query seed array...  [15.875s]
Computing hash join...  [7.209s]
Masking low complexity seeds...  [0.474s]
Searching alignments...  [51.969s]
Deallocating buffers...  [0.009s]
Clearing query masking...  [0.464s]
Opening temporary output file...  [0.002s]
Computing alignments...  [1185.67s]
Deallocating reference...  [0.007s]
Loading reference sequences...  [3.04s]
Masking reference...  [88.814s]
Initializing dictionary...  [0.003s]
Initializing temporary storage...  [0.008s]
Building reference histograms...  [85.063s]
Allocating buffers...  [0s]
Processing query block 1, reference block 5/15, shape 1/2, index chunk 1/4.
Building reference seed array...  [24.751s]
Building query seed array...  [17.389s]
Computing hash join...  [7.742s]
Masking low complexity seeds...  [0.495s]
Searching alignments...  [100.898s]
Processing query block 1, reference block 5/15, shape 1/2, index chunk 2/4.
Building reference seed array...  [30.722s]
Building query seed array...  [20.941s]
Computing hash join...  [7.743s]
Masking low complexity seeds...  [0.494s]
Searching alignments...  [75.082s]
Processing query block 1, reference block 5/15, shape 1/2, index chunk 3/4.
Building reference seed array...  [33.562s]
Building query seed array...  [21.82s]
Computing hash join...  [7.738s]
Masking low complexity seeds...  [0.496s]
Searching alignments...  [70.826s]
Processing query block 1, reference block 5/15, shape 1/2, index chunk 4/4.
Building reference seed array...  [23.698s]
Building query seed array...  [17.264s]
Computing hash join...  [7.747s]
Masking low complexity seeds...  [0.494s]
Searching alignments...  [64.32s]
Processing query block 1, reference block 5/15, shape 2/2, index chunk 1/4.
Building reference seed array...  [23.746s]
Building query seed array...  [16.004s]
Computing hash join...  [7.411s]
Masking low complexity seeds...  [0.48s]
Searching alignments...  [59.723s]
Processing query block 1, reference block 5/15, shape 2/2, index chunk 2/4.
Building reference seed array...  [30.402s]
Building query seed array...  [19.066s]
Computing hash join...  [7.393s]
Masking low complexity seeds...  [0.481s]
Searching alignments...  [54.85s]
Processing query block 1, reference block 5/15, shape 2/2, index chunk 3/4.
Building reference seed array...  [33.234s]
Building query seed array...  [19.819s]
Computing hash join...  [7.413s]
Masking low complexity seeds...  [0.481s]
Searching alignments...  [53.442s]
Processing query block 1, reference block 5/15, shape 2/2, index chunk 4/4.
Building reference seed array...  [23.469s]
Building query seed array...  [15.885s]
Computing hash join...  [7.421s]
Masking low complexity seeds...  [0.482s]
Searching alignments...  [52.092s]
Deallocating buffers...  [0.008s]
Clearing query masking...  [0.465s]
Opening temporary output file...  [0.001s]
Computing alignments...  [1185.62s]
Deallocating reference...  [0.007s]
Loading reference sequences...  [4.646s]
Masking reference...  [88.824s]
Initializing dictionary...  [0.002s]
Initializing temporary storage...  [0.009s]
Building reference histograms...  [84.97s]
Allocating buffers...  [0s]
Processing query block 1, reference block 6/15, shape 1/2, index chunk 1/4.
Building reference seed array...  [24.739s]
Building query seed array...  [17.384s]
Computing hash join...  [7.751s]
Masking low complexity seeds...  [0.495s]
Searching alignments...  [101.078s]
Processing query block 1, reference block 6/15, shape 1/2, index chunk 2/4.
Building reference seed array...  [30.727s]
Building query seed array...  [20.909s]
Computing hash join...  [7.776s]
Masking low complexity seeds...  [0.495s]
Searching alignments...  [75s]
Processing query block 1, reference block 6/15, shape 1/2, index chunk 3/4.
Building reference seed array...  [33.541s]
Building query seed array...  [21.871s]
Computing hash join...  [7.755s]
Masking low complexity seeds...  [0.496s]
Searching alignments...  [70.204s]
Processing query block 1, reference block 6/15, shape 1/2, index chunk 4/4.
Building reference seed array...  [23.711s]
Building query seed array...  [17.257s]
Computing hash join...  [7.751s]
Masking low complexity seeds...  [0.494s]
Searching alignments...  [64.182s]
Processing query block 1, reference block 6/15, shape 2/2, index chunk 1/4.
Building reference seed array...  [23.721s]
Building query seed array...  [16.015s]
Computing hash join...  [7.417s]
Masking low complexity seeds...  [0.481s]
Searching alignments...  [59.833s]
Processing query block 1, reference block 6/15, shape 2/2, index chunk 2/4.
Building reference seed array...  [30.408s]
Building query seed array...  [19.047s]
Computing hash join...  [7.405s]
Masking low complexity seeds...  [0.48s]
Searching alignments...  [54.857s]
Processing query block 1, reference block 6/15, shape 2/2, index chunk 3/4.
Building reference seed array...  [33.196s]
Building query seed array...  [19.848s]
Computing hash join...  [7.416s]
Masking low complexity seeds...  [0.48s]
Searching alignments...  [52.949s]
Processing query block 1, reference block 6/15, shape 2/2, index chunk 4/4.
Building reference seed array...  [23.465s]
Building query seed array...  [15.898s]
Computing hash join...  [7.656s]
Masking low complexity seeds...  [0.481s]
Searching alignments...  [52.147s]
Deallocating buffers...  [0.008s]
Clearing query masking...  [0.468s]
Opening temporary output file...  [0.002s]
Computing alignments...  [1186.74s]
Deallocating reference...  [0.005s]
Loading reference sequences...  [3.579s]
Masking reference...  [89s]
Initializing dictionary...  [0.003s]
Initializing temporary storage...  [0.009s]
Building reference histograms...  [85.086s]
Allocating buffers...  [0s]
Processing query block 1, reference block 7/15, shape 1/2, index chunk 1/4.
Building reference seed array...  [24.753s]
Building query seed array...  [17.41s]
Computing hash join...  [7.711s]
Masking low complexity seeds...  [0.488s]
Searching alignments...  [100.88s]
Processing query block 1, reference block 7/15, shape 1/2, index chunk 2/4.
Building reference seed array...  [30.703s]
Building query seed array...  [20.887s]
Computing hash join...  [7.716s]
Masking low complexity seeds...  [0.488s]
Searching alignments...  [74.847s]
Processing query block 1, reference block 7/15, shape 1/2, index chunk 3/4.
Building reference seed array...  [33.577s]
Building query seed array...  [21.855s]
Computing hash join...  [7.712s]
Masking low complexity seeds...  [0.584s]
Searching alignments...  [69.995s]
Processing query block 1, reference block 7/15, shape 1/2, index chunk 4/4.
Building reference seed array...  [23.708s]
Building query seed array...  [17.243s]
Computing hash join...  [7.714s]
Masking low complexity seeds...  [0.485s]
Searching alignments...  [64.098s]
Processing query block 1, reference block 7/15, shape 2/2, index chunk 1/4.
Building reference seed array...  [23.712s]
Building query seed array...  [16.002s]
Computing hash join...  [7.388s]
Masking low complexity seeds...  [0.472s]
Searching alignments...  [59.944s]
Processing query block 1, reference block 7/15, shape 2/2, index chunk 2/4.
Building reference seed array...  [30.425s]
Building query seed array...  [19.021s]
Computing hash join...  [7.348s]
Masking low complexity seeds...  [0.471s]
Searching alignments...  [54.579s]
Processing query block 1, reference block 7/15, shape 2/2, index chunk 3/4.
Building reference seed array...  [33.222s]
Building query seed array...  [19.825s]
Computing hash join...  [7.386s]
Masking low complexity seeds...  [0.472s]
Searching alignments...  [52.681s]
Processing query block 1, reference block 7/15, shape 2/2, index chunk 4/4.
Building reference seed array...  [23.507s]
Building query seed array...  [15.873s]
Computing hash join...  [7.361s]
Masking low complexity seeds...  [0.471s]
Searching alignments...  [52.129s]
Deallocating buffers...  [0.009s]
Clearing query masking...  [0.471s]
Opening temporary output file...  [0.001s]
Computing alignments...  [1188.24s]
Deallocating reference...  [0.007s]
Loading reference sequences...  [3.024s]
Masking reference...  [88.838s]
Initializing dictionary...  [0.003s]
Initializing temporary storage...  [0.008s]
Building reference histograms...  [85.052s]
Allocating buffers...  [0s]
Processing query block 1, reference block 8/15, shape 1/2, index chunk 1/4.
Building reference seed array...  [24.731s]
Building query seed array...  [17.386s]
Computing hash join...  [7.733s]
Masking low complexity seeds...  [0.492s]
Searching alignments...  [101.492s]
Processing query block 1, reference block 8/15, shape 1/2, index chunk 2/4.
Building reference seed array...  [30.684s]
Building query seed array...  [20.885s]
Computing hash join...  [7.741s]
Masking low complexity seeds...  [0.491s]
Searching alignments...  [75.105s]
Processing query block 1, reference block 8/15, shape 1/2, index chunk 3/4.
Building reference seed array...  [33.562s]
Building query seed array...  [21.88s]
Computing hash join...  [7.744s]
Masking low complexity seeds...  [0.493s]
Searching alignments...  [70.057s]
Processing query block 1, reference block 8/15, shape 1/2, index chunk 4/4.
Building reference seed array...  [23.716s]
Building query seed array...  [17.278s]
Computing hash join...  [7.751s]
Masking low complexity seeds...  [0.49s]
Searching alignments...  [64.252s]
Processing query block 1, reference block 8/15, shape 2/2, index chunk 1/4.
Building reference seed array...  [23.739s]
Building query seed array...  [16.022s]
Computing hash join...  [7.48s]
Masking low complexity seeds...  [0.611s]
Searching alignments...  [59.833s]
Processing query block 1, reference block 8/15, shape 2/2, index chunk 2/4.
Building reference seed array...  [30.401s]
Building query seed array...  [19.031s]
Computing hash join...  [7.388s]
Masking low complexity seeds...  [0.474s]
Searching alignments...  [54.846s]
Processing query block 1, reference block 8/15, shape 2/2, index chunk 3/4.
Building reference seed array...  [33.218s]
Building query seed array...  [19.818s]
Computing hash join...  [7.406s]
Masking low complexity seeds...  [0.475s]
Searching alignments...  [53.004s]
Processing query block 1, reference block 8/15, shape 2/2, index chunk 4/4.
Building reference seed array...  [23.486s]
Building query seed array...  [15.895s]
Computing hash join...  [7.4s]
Masking low complexity seeds...  [0.474s]
Searching alignments...  [52.243s]
Deallocating buffers...  [0.008s]
Clearing query masking...  [0.475s]
Opening temporary output file...  [0.001s]
Computing alignments...  [1177.33s]
Deallocating reference...  [0.007s]
Loading reference sequences...  [3.645s]
Masking reference...  [88.735s]
Initializing dictionary...  [0.003s]
Initializing temporary storage...  [0.008s]
Building reference histograms...  [85.059s]
Allocating buffers...  [0s]
Processing query block 1, reference block 9/15, shape 1/2, index chunk 1/4.
Building reference seed array...  [24.72s]
Building query seed array...  [17.386s]
Computing hash join...  [7.596s]
Masking low complexity seeds...  [0.494s]
Searching alignments...  [101.195s]
Processing query block 1, reference block 9/15, shape 1/2, index chunk 2/4.
Building reference seed array...  [30.721s]
Building query seed array...  [20.891s]
Computing hash join...  [7.587s]
Masking low complexity seeds...  [0.495s]
Searching alignments...  [75.115s]
Processing query block 1, reference block 9/15, shape 1/2, index chunk 3/4.
Building reference seed array...  [33.573s]
Building query seed array...  [21.853s]
Computing hash join...  [7.598s]
Masking low complexity seeds...  [0.496s]
Searching alignments...  [70.123s]
Processing query block 1, reference block 9/15, shape 1/2, index chunk 4/4.
Building reference seed array...  [23.7s]
Building query seed array...  [17.246s]
Computing hash join...  [7.659s]
Masking low complexity seeds...  [0.491s]
Searching alignments...  [64.071s]
Processing query block 1, reference block 9/15, shape 2/2, index chunk 1/4.
Building reference seed array...  [23.73s]
Building query seed array...  [16.017s]
Computing hash join...  [7.214s]
Masking low complexity seeds...  [0.474s]
Searching alignments...  [59.551s]
Processing query block 1, reference block 9/15, shape 2/2, index chunk 2/4.
Building reference seed array...  [30.402s]
Building query seed array...  [19.022s]
Computing hash join...  [7.194s]
Masking low complexity seeds...  [0.473s]
Searching alignments...  [54.982s]
Processing query block 1, reference block 9/15, shape 2/2, index chunk 3/4.
Building reference seed array...  [33.196s]
Building query seed array...  [19.829s]
Computing hash join...  [7.218s]
Masking low complexity seeds...  [0.474s]
Searching alignments...  [52.864s]
Processing query block 1, reference block 9/15, shape 2/2, index chunk 4/4.
Building reference seed array...  [23.48s]
Building query seed array...  [15.887s]
Computing hash join...  [7.209s]
Masking low complexity seeds...  [0.474s]
Searching alignments...  [52.163s]
Deallocating buffers...  [0.008s]
Clearing query masking...  [0.468s]
Opening temporary output file...  [0.014s]
Computing alignments...  [1180.74s]
Deallocating reference...  [0.007s]
Loading reference sequences...  [3.283s]
Masking reference...  [88.867s]
Initializing dictionary...  [0.003s]
Initializing temporary storage...  [0.008s]
Building reference histograms...  [85.006s]
Allocating buffers...  [0s]
Processing query block 1, reference block 10/15, shape 1/2, index chunk 1/4.
Building reference seed array...  [24.736s]
Building query seed array...  [17.409s]
Computing hash join...  [7.765s]
Masking low complexity seeds...  [0.496s]
Searching alignments...  [102.975s]
Processing query block 1, reference block 10/15, shape 1/2, index chunk 2/4.
Building reference seed array...  [30.741s]
Building query seed array...  [20.897s]
Computing hash join...  [7.764s]
Masking low complexity seeds...  [0.494s]
Searching alignments...  [75.39s]
Processing query block 1, reference block 10/15, shape 1/2, index chunk 3/4.
Building reference seed array...  [33.539s]
Building query seed array...  [21.852s]
Computing hash join...  [7.763s]
Masking low complexity seeds...  [0.496s]
Searching alignments...  [70.3s]
Processing query block 1, reference block 10/15, shape 1/2, index chunk 4/4.
Building reference seed array...  [23.761s]
Building query seed array...  [17.289s]
Computing hash join...  [7.766s]
Masking low complexity seeds...  [0.494s]
Searching alignments...  [64.384s]
Processing query block 1, reference block 10/15, shape 2/2, index chunk 1/4.
Building reference seed array...  [23.729s]
Building query seed array...  [16.012s]
Computing hash join...  [7.437s]
Masking low complexity seeds...  [0.48s]
Searching alignments...  [60.005s]
Processing query block 1, reference block 10/15, shape 2/2, index chunk 2/4.
Building reference seed array...  [30.385s]
Building query seed array...  [19.022s]
Computing hash join...  [7.42s]
Masking low complexity seeds...  [0.48s]
Searching alignments...  [55.144s]
Processing query block 1, reference block 10/15, shape 2/2, index chunk 3/4.
Building reference seed array...  [33.201s]
Building query seed array...  [19.83s]
Computing hash join...  [7.444s]
Masking low complexity seeds...  [0.481s]
Searching alignments...  [53.285s]
Processing query block 1, reference block 10/15, shape 2/2, index chunk 4/4.
Building reference seed array...  [23.494s]
Building query seed array...  [15.927s]
Computing hash join...  [7.416s]
Masking low complexity seeds...  [0.567s]
Searching alignments...  [52.233s]
Deallocating buffers...  [0.008s]
Clearing query masking...  [0.469s]
Opening temporary output file...  [0.001s]
Computing alignments...  [1180.12s]
Deallocating reference...  [0.007s]
Loading reference sequences...  [4.112s]
Masking reference...  [88.763s]
Initializing dictionary...  [0.003s]
Initializing temporary storage...  [0.013s]
Building reference histograms...  [85.244s]
Allocating buffers...  [0s]
Processing query block 1, reference block 11/15, shape 1/2, index chunk 1/4.
Building reference seed array...  [24.781s]
Building query seed array...  [17.446s]
Computing hash join...  [7.832s]
Masking low complexity seeds...  [0.508s]
Searching alignments...  [101.98s]
Processing query block 1, reference block 11/15, shape 1/2, index chunk 2/4.
Building reference seed array...  [30.689s]
Building query seed array...  [20.929s]
Computing hash join...  [7.759s]
Masking low complexity seeds...  [0.494s]
Searching alignments...  [75.767s]
Processing query block 1, reference block 11/15, shape 1/2, index chunk 3/4.
Building reference seed array...  [33.614s]
Building query seed array...  [21.832s]
Computing hash join...  [7.753s]
Masking low complexity seeds...  [0.496s]
Searching alignments...  [70.51s]
Processing query block 1, reference block 11/15, shape 1/2, index chunk 4/4.
Building reference seed array...  [23.722s]
Building query seed array...  [17.257s]
Computing hash join...  [7.747s]
Masking low complexity seeds...  [0.497s]
Searching alignments...  [64.686s]
Processing query block 1, reference block 11/15, shape 2/2, index chunk 1/4.
Building reference seed array...  [23.736s]
Building query seed array...  [16.057s]
Computing hash join...  [7.409s]
Masking low complexity seeds...  [0.481s]
Searching alignments...  [60.276s]
Processing query block 1, reference block 11/15, shape 2/2, index chunk 2/4.
Building reference seed array...  [30.412s]
Building query seed array...  [19.024s]
Computing hash join...  [7.389s]
Masking low complexity seeds...  [0.48s]
Searching alignments...  [55.404s]
Processing query block 1, reference block 11/15, shape 2/2, index chunk 3/4.
Building reference seed array...  [33.242s]
Building query seed array...  [19.827s]
Computing hash join...  [7.404s]
Masking low complexity seeds...  [0.484s]
Searching alignments...  [53.476s]
Processing query block 1, reference block 11/15, shape 2/2, index chunk 4/4.
Building reference seed array...  [23.465s]
Building query seed array...  [15.894s]
Computing hash join...  [7.4s]
Masking low complexity seeds...  [0.48s]
Searching alignments...  [52.435s]
Deallocating buffers...  [0.008s]
Clearing query masking...  [0.465s]
Opening temporary output file...  [0.001s]
Computing alignments...  [1182.75s]
Deallocating reference...  [0.007s]
Loading reference sequences...  [3.408s]
Masking reference...  [88.842s]
Initializing dictionary...  [0.003s]
Initializing temporary storage...  [0.009s]
Building reference histograms...  [84.993s]
Allocating buffers...  [0s]
Processing query block 1, reference block 12/15, shape 1/2, index chunk 1/4.
Building reference seed array...  [24.732s]
Building query seed array...  [17.402s]
Computing hash join...  [7.729s]
Masking low complexity seeds...  [0.494s]
Searching alignments...  [101.395s]
Processing query block 1, reference block 12/15, shape 1/2, index chunk 2/4.
Building reference seed array...  [30.72s]
Building query seed array...  [20.886s]
Computing hash join...  [7.779s]
Masking low complexity seeds...  [0.494s]
Searching alignments...  [75.461s]
Processing query block 1, reference block 12/15, shape 1/2, index chunk 3/4.
Building reference seed array...  [33.578s]
Building query seed array...  [21.854s]
Computing hash join...  [7.733s]
Masking low complexity seeds...  [0.496s]
Searching alignments...  [70.502s]
Processing query block 1, reference block 12/15, shape 1/2, index chunk 4/4.
Building reference seed array...  [23.716s]
Building query seed array...  [17.262s]
Computing hash join...  [7.735s]
Masking low complexity seeds...  [0.494s]
Searching alignments...  [64.444s]
Processing query block 1, reference block 12/15, shape 2/2, index chunk 1/4.
Building reference seed array...  [23.747s]
Building query seed array...  [16.037s]
Computing hash join...  [7.409s]
Masking low complexity seeds...  [0.48s]
Searching alignments...  [59.932s]
Processing query block 1, reference block 12/15, shape 2/2, index chunk 2/4.
Building reference seed array...  [30.386s]
Building query seed array...  [19.037s]
Computing hash join...  [7.393s]
Masking low complexity seeds...  [0.48s]
Searching alignments...  [54.991s]
Processing query block 1, reference block 12/15, shape 2/2, index chunk 3/4.
Building reference seed array...  [33.205s]
Building query seed array...  [19.82s]
Computing hash join...  [7.423s]
Masking low complexity seeds...  [0.481s]
Searching alignments...  [53.226s]
Processing query block 1, reference block 12/15, shape 2/2, index chunk 4/4.
Building reference seed array...  [23.478s]
Building query seed array...  [15.908s]
Computing hash join...  [7.406s]
Masking low complexity seeds...  [0.48s]
Searching alignments...  [52.244s]
Deallocating buffers...  [0.009s]
Clearing query masking...  [0.463s]
Opening temporary output file... No such file or directory
 [0.015s]
Error: Error opening temporary file /vortexfs1/omics/env-bio/collaboration/jahala/data/raw_data/metagenome/sra/megahit_assembly2/humman_out_reseeded_05.bin.12_FASTQ/reseeded_05.bin.12.bam_humann_temp/tmpnejo_w61/diamond-tmp-mKsFUt

