Creating output directory: /vortexfs1/omics/env-bio/collaboration/jahala/data/raw_data/metagenome/sra/megahit_assembly2/humman_out_reseeded_05.bin.1_FASTQ
Output files will be written to: /vortexfs1/omics/env-bio/collaboration/jahala/data/raw_data/metagenome/sra/megahit_assembly2/humman_out_reseeded_05.bin.1_FASTQ

Running metaphlan ........


Total species selected from prescreen: 0

Selected species explain 0.00% of predicted community composition



No species were selected from the prescreen.
Because of this the custom ChocoPhlAn database is empty.
This will result in zero species-specific gene families and pathways.



Running diamond ........


Aligning to reference database: uniref90_201901b_full.dmnd

CRITICAL ERROR: Error executing: /vortexfs1/home/katherine.lane/.conda/envs/humann/bin/diamond blastx --query /vortexfs1/omics/env-bio/collaboration/jahala/data/raw_data/metagenome/sra/megahit_assembly2/humman_out_reseeded_05.bin.1_FASTQ/reseeded_05.bin.1.bam_humann_temp/tmplk8z7rdc/tmp1vdqbkx3 --evalue 1.0 --threads 1 --top 1 --outfmt 6 --db /vortexfs1/omics/env-bio/collaboration/jahala/tools/humann_db/uniref/uniref90_201901b_full --out /vortexfs1/omics/env-bio/collaboration/jahala/data/raw_data/metagenome/sra/megahit_assembly2/humman_out_reseeded_05.bin.1_FASTQ/reseeded_05.bin.1.bam_humann_temp/tmplk8z7rdc/diamond_m8_j0uu0i0n --tmpdir /vortexfs1/omics/env-bio/collaboration/jahala/data/raw_data/metagenome/sra/megahit_assembly2/humman_out_reseeded_05.bin.1_FASTQ/reseeded_05.bin.1.bam_humann_temp/tmplk8z7rdc

Error message returned from diamond :
diamond v2.0.13.151 (C) Max Planck Society for the Advancement of Science
Documentation, support and updates available at http://www.diamondsearch.org
Please cite: http://dx.doi.org/10.1038/s41592-021-01101-x Nature Methods (2021)

#CPU threads: 1
Scoring parameters: (Matrix=BLOSUM62 Lambda=0.267 K=0.041 Penalties=11/1)
Temporary directory: /vortexfs1/omics/env-bio/collaboration/jahala/data/raw_data/metagenome/sra/megahit_assembly2/humman_out_reseeded_05.bin.1_FASTQ/reseeded_05.bin.1.bam_humann_temp/tmplk8z7rdc
Percentage range of top alignment score to report hits: 1
Opening the database...  [0.88s]
Database: /vortexfs1/omics/env-bio/collaboration/jahala/tools/humann_db/uniref/uniref90_201901b_full.dmnd (type: Diamond database, sequences: 87296736, letters: 29247941583)
Block size = 2000000000
Opening the input file...  [0.024s]
Opening the output file...  [0s]
Loading query sequences...  [12.308s]
Masking queries...  [99.804s]
Algorithm: Double-indexed
Building query histograms...  [48.68s]
Allocating buffers...  [0s]
Loading reference sequences...  [41.715s]
Masking reference...  [88.8s]
Initializing dictionary...  [0.005s]
Initializing temporary storage...  [0.01s]
Building reference histograms...  [84.959s]
Allocating buffers...  [0s]
Processing query block 1, reference block 1/15, shape 1/2, index chunk 1/4.
Building reference seed array...  [24.817s]
Building query seed array...  [17.359s]
Computing hash join...  [7.543s]
Masking low complexity seeds...  [0.535s]
Searching alignments...  [81.485s]
Processing query block 1, reference block 1/15, shape 1/2, index chunk 2/4.
Building reference seed array...  [30.708s]
Building query seed array...  [20.333s]
Computing hash join...  [7.641s]
Masking low complexity seeds...  [0.535s]
Searching alignments...  [65.144s]
Processing query block 1, reference block 1/15, shape 1/2, index chunk 3/4.
Building reference seed array...  [33.585s]
Building query seed array...  [21.127s]
Computing hash join...  [7.566s]
Masking low complexity seeds...  [0.536s]
Searching alignments...  [59.063s]
Processing query block 1, reference block 1/15, shape 1/2, index chunk 4/4.
Building reference seed array...  [23.713s]
Building query seed array...  [16.811s]
Computing hash join...  [7.555s]
Masking low complexity seeds...  [0.536s]
Searching alignments...  [55.062s]
Processing query block 1, reference block 1/15, shape 2/2, index chunk 1/4.
Building reference seed array...  [23.729s]
Building query seed array...  [15.58s]
Computing hash join...  [7.175s]
Masking low complexity seeds...  [0.52s]
Searching alignments...  [48.561s]
Processing query block 1, reference block 1/15, shape 2/2, index chunk 2/4.
Building reference seed array...  [30.382s]
Building query seed array...  [18.405s]
Computing hash join...  [7.175s]
Masking low complexity seeds...  [0.519s]
Searching alignments...  [46.269s]
Processing query block 1, reference block 1/15, shape 2/2, index chunk 3/4.
Building reference seed array...  [33.223s]
Building query seed array...  [19.152s]
Computing hash join...  [7.171s]
Masking low complexity seeds...  [0.519s]
Searching alignments...  [45.64s]
Processing query block 1, reference block 1/15, shape 2/2, index chunk 4/4.
Building reference seed array...  [23.47s]
Building query seed array...  [15.487s]
Computing hash join...  [7.169s]
Masking low complexity seeds...  [0.519s]
Searching alignments...  [44.897s]
Deallocating buffers...  [0.008s]
Clearing query masking...  [0.465s]
Opening temporary output file...  [0s]
Computing alignments...  [1068.36s]
Deallocating reference...  [0.006s]
Loading reference sequences...  [36.859s]
Masking reference...  [88.899s]
Initializing dictionary...  [0.003s]
Initializing temporary storage...  [0.008s]
Building reference histograms...  [85.428s]
Allocating buffers...  [0s]
Processing query block 1, reference block 2/15, shape 1/2, index chunk 1/4.
Building reference seed array...  [24.718s]
Building query seed array...  [16.942s]
Computing hash join...  [7.631s]
Masking low complexity seeds...  [0.534s]
Searching alignments...  [81.209s]
Processing query block 1, reference block 2/15, shape 1/2, index chunk 2/4.
Building reference seed array...  [30.747s]
Building query seed array...  [20.252s]
Computing hash join...  [7.58s]
Masking low complexity seeds...  [0.535s]
Searching alignments...  [64.977s]
Processing query block 1, reference block 2/15, shape 1/2, index chunk 3/4.
Building reference seed array...  [33.543s]
Building query seed array...  [21.118s]
Computing hash join...  [7.559s]
Masking low complexity seeds...  [0.536s]
Searching alignments...  [58.978s]
Processing query block 1, reference block 2/15, shape 1/2, index chunk 4/4.
Building reference seed array...  [23.711s]
Building query seed array...  [16.788s]
Computing hash join...  [7.553s]
Masking low complexity seeds...  [0.535s]
Searching alignments...  [55.006s]
Processing query block 1, reference block 2/15, shape 2/2, index chunk 1/4.
Building reference seed array...  [23.717s]
Building query seed array...  [15.577s]
Computing hash join...  [7.454s]
Masking low complexity seeds...  [0.519s]
Searching alignments...  [48.316s]
Processing query block 1, reference block 2/15, shape 2/2, index chunk 2/4.
Building reference seed array...  [30.412s]
Building query seed array...  [18.425s]
Computing hash join...  [7.189s]
Masking low complexity seeds...  [0.52s]
Searching alignments...  [46.11s]
Processing query block 1, reference block 2/15, shape 2/2, index chunk 3/4.
Building reference seed array...  [33.276s]
Building query seed array...  [19.151s]
Computing hash join...  [7.29s]
Masking low complexity seeds...  [0.519s]
Searching alignments...  [45.633s]
Processing query block 1, reference block 2/15, shape 2/2, index chunk 4/4.
Building reference seed array...  [23.482s]
Building query seed array...  [15.505s]
Computing hash join...  [7.26s]
Masking low complexity seeds...  [0.52s]
Searching alignments...  [44.906s]
Deallocating buffers...  [0.008s]
Clearing query masking...  [0.459s]
Opening temporary output file...  [0.001s]
Computing alignments...  [1071.27s]
Deallocating reference...  [0.006s]
Loading reference sequences...  [34.491s]
Masking reference...  [88.91s]
Initializing dictionary...  [0.003s]
Initializing temporary storage...  [0.007s]
Building reference histograms...  [85.51s]
Allocating buffers...  [0s]
Processing query block 1, reference block 3/15, shape 1/2, index chunk 1/4.
Building reference seed array...  [24.831s]
Building query seed array...  [16.939s]
Computing hash join...  [7.532s]
Masking low complexity seeds...  [0.532s]
Searching alignments...  [80.897s]
Processing query block 1, reference block 3/15, shape 1/2, index chunk 2/4.
Building reference seed array...  [30.712s]
Building query seed array...  [20.232s]
Computing hash join...  [7.564s]
Masking low complexity seeds...  [0.623s]
Searching alignments...  [64.732s]
Processing query block 1, reference block 3/15, shape 1/2, index chunk 3/4.
Building reference seed array...  [33.549s]
Building query seed array...  [21.121s]
Computing hash join...  [7.548s]
Masking low complexity seeds...  [0.53s]
Searching alignments...  [59.025s]
Processing query block 1, reference block 3/15, shape 1/2, index chunk 4/4.
Building reference seed array...  [23.699s]
Building query seed array...  [16.795s]
Computing hash join...  [7.534s]
Masking low complexity seeds...  [0.529s]
Searching alignments...  [54.77s]
Processing query block 1, reference block 3/15, shape 2/2, index chunk 1/4.
Building reference seed array...  [23.794s]
Building query seed array...  [15.712s]
Computing hash join...  [7.183s]
Masking low complexity seeds...  [0.515s]
Searching alignments...  [48.263s]
Processing query block 1, reference block 3/15, shape 2/2, index chunk 2/4.
Building reference seed array...  [30.431s]
Building query seed array...  [18.415s]
Computing hash join...  [7.169s]
Masking low complexity seeds...  [0.514s]
Searching alignments...  [45.99s]
Processing query block 1, reference block 3/15, shape 2/2, index chunk 3/4.
Building reference seed array...  [33.246s]
Building query seed array...  [19.133s]
Computing hash join...  [7.21s]
Masking low complexity seeds...  [0.514s]
Searching alignments...  [45.458s]
Processing query block 1, reference block 3/15, shape 2/2, index chunk 4/4.
Building reference seed array...  [23.445s]
Building query seed array...  [15.476s]
Computing hash join...  [7.276s]
Masking low complexity seeds...  [0.514s]
Searching alignments...  [44.898s]
Deallocating buffers...  [0.008s]
Clearing query masking...  [0.475s]
Opening temporary output file...  [0.002s]
Computing alignments...  [1074.05s]
Deallocating reference...  [0.007s]
Loading reference sequences...  [33.013s]
Masking reference...  [88.861s]
Initializing dictionary...  [0.003s]
Initializing temporary storage...  [0.009s]
Building reference histograms...  [85.17s]
Allocating buffers...  [0s]
Processing query block 1, reference block 4/15, shape 1/2, index chunk 1/4.
Building reference seed array...  [24.707s]
Building query seed array...  [16.896s]
Computing hash join...  [7.666s]
Masking low complexity seeds...  [0.533s]
Searching alignments...  [81.361s]
Processing query block 1, reference block 4/15, shape 1/2, index chunk 2/4.
Building reference seed array...  [30.706s]
Building query seed array...  [20.219s]
Computing hash join...  [7.555s]
Masking low complexity seeds...  [0.533s]
Searching alignments...  [65.049s]
Processing query block 1, reference block 4/15, shape 1/2, index chunk 3/4.
Building reference seed array...  [33.55s]
Building query seed array...  [21.101s]
Computing hash join...  [7.554s]
Masking low complexity seeds...  [0.533s]
Searching alignments...  [59s]
Processing query block 1, reference block 4/15, shape 1/2, index chunk 4/4.
Building reference seed array...  [23.711s]
Building query seed array...  [16.782s]
Computing hash join...  [7.556s]
Masking low complexity seeds...  [0.532s]
Searching alignments...  [55.043s]
Processing query block 1, reference block 4/15, shape 2/2, index chunk 1/4.
Building reference seed array...  [23.733s]
Building query seed array...  [15.557s]
Computing hash join...  [7.181s]
Masking low complexity seeds...  [0.517s]
Searching alignments...  [48.414s]
Processing query block 1, reference block 4/15, shape 2/2, index chunk 2/4.
Building reference seed array...  [30.424s]
Building query seed array...  [18.395s]
Computing hash join...  [7.163s]
Masking low complexity seeds...  [0.516s]
Searching alignments...  [46.231s]
Processing query block 1, reference block 4/15, shape 2/2, index chunk 3/4.
Building reference seed array...  [33.238s]
Building query seed array...  [19.129s]
Computing hash join...  [7.187s]
Masking low complexity seeds...  [0.517s]
Searching alignments...  [45.553s]
Processing query block 1, reference block 4/15, shape 2/2, index chunk 4/4.
Building reference seed array...  [23.448s]
Building query seed array...  [15.455s]
Computing hash join...  [7.269s]
Masking low complexity seeds...  [0.517s]
Searching alignments...  [45.111s]
Deallocating buffers...  [0.008s]
Clearing query masking...  [0.462s]
Opening temporary output file...  [0.001s]
Computing alignments...  [1079.01s]
Deallocating reference...  [0.007s]
Loading reference sequences...  [33.994s]
Masking reference...  [88.93s]
Initializing dictionary...  [0.003s]
Initializing temporary storage...  [0.007s]
Building reference histograms...  [85.092s]
Allocating buffers...  [0s]
Processing query block 1, reference block 5/15, shape 1/2, index chunk 1/4.
Building reference seed array...  [24.744s]
Building query seed array...  [16.91s]
Computing hash join...  [7.641s]
Masking low complexity seeds...  [0.532s]
Searching alignments...  [80.415s]
Processing query block 1, reference block 5/15, shape 1/2, index chunk 2/4.
Building reference seed array...  [30.752s]
Building query seed array...  [20.305s]
Computing hash join...  [7.595s]
Masking low complexity seeds...  [0.533s]
Searching alignments...  [64.733s]
Processing query block 1, reference block 5/15, shape 1/2, index chunk 3/4.
Building reference seed array...  [33.601s]
Building query seed array...  [21.078s]
Computing hash join...  [7.598s]
Masking low complexity seeds...  [0.533s]
Searching alignments...  [58.549s]
Processing query block 1, reference block 5/15, shape 1/2, index chunk 4/4.
Building reference seed array...  [23.732s]
Building query seed array...  [16.811s]
Computing hash join...  [7.585s]
Masking low complexity seeds...  [0.533s]
Searching alignments...  [54.899s]
Processing query block 1, reference block 5/15, shape 2/2, index chunk 1/4.
Building reference seed array...  [23.761s]
Building query seed array...  [15.573s]
Computing hash join...  [7.216s]
Masking low complexity seeds...  [0.642s]
Searching alignments...  [47.955s]
Processing query block 1, reference block 5/15, shape 2/2, index chunk 2/4.
Building reference seed array...  [30.438s]
Building query seed array...  [18.431s]
Computing hash join...  [7.201s]
Masking low complexity seeds...  [0.513s]
Searching alignments...  [45.958s]
Processing query block 1, reference block 5/15, shape 2/2, index chunk 3/4.
Building reference seed array...  [33.266s]
Building query seed array...  [19.12s]
Computing hash join...  [7.25s]
Masking low complexity seeds...  [0.514s]
Searching alignments...  [45.24s]
Processing query block 1, reference block 5/15, shape 2/2, index chunk 4/4.
Building reference seed array...  [23.504s]
Building query seed array...  [15.494s]
Computing hash join...  [7.269s]
Masking low complexity seeds...  [0.515s]
Searching alignments...  [44.867s]
Deallocating buffers...  [0.008s]
Clearing query masking...  [0.473s]
Opening temporary output file...  [0.001s]
Computing alignments...  [1077.62s]
Deallocating reference...  [0.007s]
Loading reference sequences...  [32.487s]
Masking reference...  [88.801s]
Initializing dictionary...  [0.002s]
Initializing temporary storage...  [0.009s]
Building reference histograms...  [85.12s]
Allocating buffers...  [0s]
Processing query block 1, reference block 6/15, shape 1/2, index chunk 1/4.
Building reference seed array...  [24.719s]
Building query seed array...  [16.913s]
Computing hash join...  [7.55s]
Masking low complexity seeds...  [0.53s]
Searching alignments...  [80.289s]
Processing query block 1, reference block 6/15, shape 1/2, index chunk 2/4.
Building reference seed array...  [30.716s]
Building query seed array...  [20.21s]
Computing hash join...  [7.56s]
Masking low complexity seeds...  [0.532s]
Searching alignments...  [64.714s]
Processing query block 1, reference block 6/15, shape 1/2, index chunk 3/4.
Building reference seed array...  [33.566s]
Building query seed array...  [21.111s]
Computing hash join...  [7.558s]
Masking low complexity seeds...  [0.537s]
Searching alignments...  [58.553s]
Processing query block 1, reference block 6/15, shape 1/2, index chunk 4/4.
Building reference seed array...  [23.688s]
Building query seed array...  [16.799s]
Computing hash join...  [7.544s]
Masking low complexity seeds...  [0.531s]
Searching alignments...  [54.443s]
Processing query block 1, reference block 6/15, shape 2/2, index chunk 1/4.
Building reference seed array...  [23.75s]
Building query seed array...  [15.567s]
Computing hash join...  [7.179s]
Masking low complexity seeds...  [0.515s]
Searching alignments...  [48.002s]
Processing query block 1, reference block 6/15, shape 2/2, index chunk 2/4.
Building reference seed array...  [30.389s]
Building query seed array...  [18.39s]
Computing hash join...  [7.167s]
Masking low complexity seeds...  [0.515s]
Searching alignments...  [45.752s]
Processing query block 1, reference block 6/15, shape 2/2, index chunk 3/4.
Building reference seed array...  [33.204s]
Building query seed array...  [19.134s]
Computing hash join...  [7.183s]
Masking low complexity seeds...  [0.515s]
Searching alignments...  [45.099s]
Processing query block 1, reference block 6/15, shape 2/2, index chunk 4/4.
Building reference seed array...  [23.454s]
Building query seed array...  [15.47s]
Computing hash join...  [7.174s]
Masking low complexity seeds...  [0.516s]
Searching alignments...  [44.818s]
Deallocating buffers...  [0.008s]
Clearing query masking...  [0.46s]
Opening temporary output file...  [0.001s]
Computing alignments...  [1077.27s]
Deallocating reference...  [0.006s]
Loading reference sequences...  [34.096s]
Masking reference...  [88.773s]
Initializing dictionary...  [0.003s]
Initializing temporary storage...  [0.009s]
Building reference histograms...  [85.03s]
Allocating buffers...  [0s]
Processing query block 1, reference block 7/15, shape 1/2, index chunk 1/4.
Building reference seed array...  [24.737s]
Building query seed array...  [16.944s]
Computing hash join...  [7.615s]
Masking low complexity seeds...  [0.536s]
Searching alignments...  [80.586s]
Processing query block 1, reference block 7/15, shape 1/2, index chunk 2/4.
Building reference seed array...  [30.74s]
Building query seed array...  [20.232s]
Computing hash join...  [7.574s]
Masking low complexity seeds...  [0.532s]
Searching alignments...  [64.67s]
Processing query block 1, reference block 7/15, shape 1/2, index chunk 3/4.
Building reference seed array...  [33.565s]
Building query seed array...  [21.123s]
Computing hash join...  [7.564s]
Masking low complexity seeds...  [0.532s]
Searching alignments...  [58.502s]
Processing query block 1, reference block 7/15, shape 1/2, index chunk 4/4.
Building reference seed array...  [23.715s]
Building query seed array...  [16.787s]
Computing hash join...  [7.623s]
Masking low complexity seeds...  [0.531s]
Searching alignments...  [54.609s]
Processing query block 1, reference block 7/15, shape 2/2, index chunk 1/4.
Building reference seed array...  [23.727s]
Building query seed array...  [15.582s]
Computing hash join...  [7.135s]
Masking low complexity seeds...  [0.517s]
Searching alignments...  [48.06s]
Processing query block 1, reference block 7/15, shape 2/2, index chunk 2/4.
Building reference seed array...  [30.44s]
Building query seed array...  [18.594s]
Computing hash join...  [7.128s]
Masking low complexity seeds...  [0.515s]
Searching alignments...  [45.737s]
Processing query block 1, reference block 7/15, shape 2/2, index chunk 3/4.
Building reference seed array...  [33.219s]
Building query seed array...  [19.15s]
Computing hash join...  [7.134s]
Masking low complexity seeds...  [0.515s]
Searching alignments...  [45.174s]
Processing query block 1, reference block 7/15, shape 2/2, index chunk 4/4.
Building reference seed array...  [23.453s]
Building query seed array...  [15.476s]
Computing hash join...  [7.13s]
Masking low complexity seeds...  [0.516s]
Searching alignments...  [44.708s]
Deallocating buffers...  [0.009s]
Clearing query masking...  [0.463s]
Opening temporary output file...  [0.001s]
Computing alignments...  [1073.35s]
Deallocating reference...  [0.007s]
Loading reference sequences...  [31.499s]
Masking reference...  [88.856s]
Initializing dictionary...  [0.003s]
Initializing temporary storage...  [0.007s]
Building reference histograms...  [85.433s]
Allocating buffers...  [0s]
Processing query block 1, reference block 8/15, shape 1/2, index chunk 1/4.
Building reference seed array...  [24.737s]
Building query seed array...  [16.91s]
Computing hash join...  [7.526s]
Masking low complexity seeds...  [0.535s]
Searching alignments...  [80.317s]
Processing query block 1, reference block 8/15, shape 1/2, index chunk 2/4.
Building reference seed array...  [30.726s]
Building query seed array...  [20.291s]
Computing hash join...  [7.554s]
Masking low complexity seeds...  [0.536s]
Searching alignments...  [64.578s]
Processing query block 1, reference block 8/15, shape 1/2, index chunk 3/4.
Building reference seed array...  [33.544s]
Building query seed array...  [21.135s]
Computing hash join...  [7.548s]
Masking low complexity seeds...  [0.536s]
Searching alignments...  [58.444s]
Processing query block 1, reference block 8/15, shape 1/2, index chunk 4/4.
Building reference seed array...  [23.738s]
Building query seed array...  [16.785s]
Computing hash join...  [7.522s]
Masking low complexity seeds...  [0.534s]
Searching alignments...  [54.4s]
Processing query block 1, reference block 8/15, shape 2/2, index chunk 1/4.
Building reference seed array...  [23.741s]
Building query seed array...  [15.588s]
Computing hash join...  [7.145s]
Masking low complexity seeds...  [0.519s]
Searching alignments...  [47.96s]
Processing query block 1, reference block 8/15, shape 2/2, index chunk 2/4.
Building reference seed array...  [30.412s]
Building query seed array...  [18.394s]
Computing hash join...  [7.14s]
Masking low complexity seeds...  [0.518s]
Searching alignments...  [45.72s]
Processing query block 1, reference block 8/15, shape 2/2, index chunk 3/4.
Building reference seed array...  [33.219s]
Building query seed array...  [19.139s]
Computing hash join...  [7.154s]
Masking low complexity seeds...  [0.518s]
Searching alignments...  [45.203s]
Processing query block 1, reference block 8/15, shape 2/2, index chunk 4/4.
Building reference seed array...  [23.463s]
Building query seed array...  [15.481s]
Computing hash join...  [7.151s]
Masking low complexity seeds...  [0.525s]
Searching alignments...  [44.602s]
Deallocating buffers...  [0.008s]
Clearing query masking...  [0.469s]
Opening temporary output file...  [0.001s]
Computing alignments...  [1062.84s]
Deallocating reference...  [0.007s]
Loading reference sequences...  [37.068s]
Masking reference...  [88.829s]
Initializing dictionary...  [0.003s]
Initializing temporary storage...  [0.008s]
Building reference histograms...  [85.442s]
Allocating buffers...  [0s]
Processing query block 1, reference block 9/15, shape 1/2, index chunk 1/4.
Building reference seed array...  [24.72s]
Building query seed array...  [16.899s]
Computing hash join...  [7.499s]
Masking low complexity seeds...  [0.531s]
Searching alignments...  [81.248s]
Processing query block 1, reference block 9/15, shape 1/2, index chunk 2/4.
Building reference seed array...  [30.724s]
Building query seed array...  [20.222s]
Computing hash join...  [7.518s]
Masking low complexity seeds...  [0.532s]
Searching alignments...  [64.906s]
Processing query block 1, reference block 9/15, shape 1/2, index chunk 3/4.
Building reference seed array...  [33.529s]
Building query seed array...  [21.112s]
Computing hash join...  [7.512s]
Masking low complexity seeds...  [0.536s]
Searching alignments...  [58.738s]
Processing query block 1, reference block 9/15, shape 1/2, index chunk 4/4.
Building reference seed array...  [23.701s]
Building query seed array...  [16.801s]
Computing hash join...  [7.51s]
Masking low complexity seeds...  [0.533s]
Searching alignments...  [54.785s]
Processing query block 1, reference block 9/15, shape 2/2, index chunk 1/4.
Building reference seed array...  [23.744s]
Building query seed array...  [15.57s]
Computing hash join...  [7.21s]
Masking low complexity seeds...  [0.516s]
Searching alignments...  [48.481s]
Processing query block 1, reference block 9/15, shape 2/2, index chunk 2/4.
Building reference seed array...  [30.399s]
Building query seed array...  [18.409s]
Computing hash join...  [7.115s]
Masking low complexity seeds...  [0.516s]
Searching alignments...  [46.019s]
Processing query block 1, reference block 9/15, shape 2/2, index chunk 3/4.
Building reference seed array...  [33.228s]
Building query seed array...  [19.156s]
Computing hash join...  [7.231s]
Masking low complexity seeds...  [0.516s]
Searching alignments...  [45.63s]
Processing query block 1, reference block 9/15, shape 2/2, index chunk 4/4.
Building reference seed array...  [23.459s]
Building query seed array...  [15.475s]
Computing hash join...  [7.134s]
Masking low complexity seeds...  [0.517s]
Searching alignments...  [44.998s]
Deallocating buffers...  [0.008s]
Clearing query masking...  [0.458s]
Opening temporary output file...  [0.021s]
Computing alignments...  [1079.57s]
Deallocating reference...  [0.007s]
Loading reference sequences...  [10.084s]
Masking reference...  [88.945s]
Initializing dictionary...  [0.003s]
Initializing temporary storage...  [0.007s]
Building reference histograms...  [85.485s]
Allocating buffers...  [0s]
Processing query block 1, reference block 10/15, shape 1/2, index chunk 1/4.
Building reference seed array...  [24.792s]
Building query seed array...  [16.911s]
Computing hash join...  [7.574s]
Masking low complexity seeds...  [0.536s]
Searching alignments...  [81.045s]
Processing query block 1, reference block 10/15, shape 1/2, index chunk 2/4.
Building reference seed array...  [30.701s]
Building query seed array...  [20.23s]
Computing hash join...  [7.581s]
Masking low complexity seeds...  [0.537s]
Searching alignments...  [64.672s]
Processing query block 1, reference block 10/15, shape 1/2, index chunk 3/4.
Building reference seed array...  [33.638s]
Building query seed array...  [21.131s]
Computing hash join...  [7.589s]
Masking low complexity seeds...  [0.537s]
Searching alignments...  [58.679s]
Processing query block 1, reference block 10/15, shape 1/2, index chunk 4/4.
Building reference seed array...  [23.768s]
Building query seed array...  [16.854s]
Computing hash join...  [7.569s]
Masking low complexity seeds...  [0.537s]
Searching alignments...  [54.683s]
Processing query block 1, reference block 10/15, shape 2/2, index chunk 1/4.
Building reference seed array...  [23.755s]
Building query seed array...  [15.576s]
Computing hash join...  [7.196s]
Masking low complexity seeds...  [0.521s]
Searching alignments...  [48.136s]
Processing query block 1, reference block 10/15, shape 2/2, index chunk 2/4.
Building reference seed array...  [30.429s]
Building query seed array...  [18.455s]
Computing hash join...  [7.194s]
Masking low complexity seeds...  [0.521s]
Searching alignments...  [45.978s]
Processing query block 1, reference block 10/15, shape 2/2, index chunk 3/4.
Building reference seed array...  [33.285s]
Building query seed array...  [19.142s]
Computing hash join...  [7.154s]
Masking low complexity seeds...  [0.619s]
Searching alignments...  [45.315s]
Processing query block 1, reference block 10/15, shape 2/2, index chunk 4/4.
Building reference seed array...  [23.543s]
Building query seed array...  [15.472s]
Computing hash join...  [7.14s]
Masking low complexity seeds...  [0.512s]
Searching alignments...  [45.016s]
Deallocating buffers...  [0.008s]
Clearing query masking...  [0.473s]
Opening temporary output file...  [0.004s]
Computing alignments...  [1071.63s]
Deallocating reference...  [0.007s]
Loading reference sequences...  [31.846s]
Masking reference...  [88.781s]
Initializing dictionary...  [0.003s]
Initializing temporary storage...  [0.008s]
Building reference histograms...  [85.015s]
Allocating buffers...  [0s]
Processing query block 1, reference block 11/15, shape 1/2, index chunk 1/4.
Building reference seed array...  [24.88s]
Building query seed array...  [16.929s]
Computing hash join...  [7.512s]
Masking low complexity seeds...  [0.53s]
Searching alignments...  [80.968s]
Processing query block 1, reference block 11/15, shape 1/2, index chunk 2/4.
Building reference seed array...  [30.757s]
Building query seed array...  [20.804s]
Computing hash join...  [7.517s]
Masking low complexity seeds...  [0.531s]
Searching alignments...  [64.868s]
Processing query block 1, reference block 11/15, shape 1/2, index chunk 3/4.
Building reference seed array...  [33.543s]
Building query seed array...  [21.085s]
Computing hash join...  [7.599s]
Masking low complexity seeds...  [0.532s]
Searching alignments...  [58.715s]
Processing query block 1, reference block 11/15, shape 1/2, index chunk 4/4.
Building reference seed array...  [23.705s]
Building query seed array...  [16.799s]
Computing hash join...  [7.515s]
Masking low complexity seeds...  [0.531s]
Searching alignments...  [54.753s]
Processing query block 1, reference block 11/15, shape 2/2, index chunk 1/4.
Building reference seed array...  [23.759s]
Building query seed array...  [15.571s]
Computing hash join...  [7.127s]
Masking low complexity seeds...  [0.515s]
Searching alignments...  [48.333s]
Processing query block 1, reference block 11/15, shape 2/2, index chunk 2/4.
Building reference seed array...  [30.405s]
Building query seed array...  [18.374s]
Computing hash join...  [7.153s]
Masking low complexity seeds...  [0.515s]
Searching alignments...  [45.959s]
Processing query block 1, reference block 11/15, shape 2/2, index chunk 3/4.
Building reference seed array...  [33.242s]
Building query seed array...  [19.675s]
Computing hash join...  [7.129s]
Masking low complexity seeds...  [0.515s]
Searching alignments...  [45.487s]
Processing query block 1, reference block 11/15, shape 2/2, index chunk 4/4.
Building reference seed array...  [23.447s]
Building query seed array...  [15.483s]
Computing hash join...  [7.126s]
Masking low complexity seeds...  [0.516s]
Searching alignments...  [44.901s]
Deallocating buffers...  [0.009s]
Clearing query masking...  [0.464s]
Opening temporary output file...  [0.009s]
Computing alignments...  [1069.78s]
Deallocating reference...  [0.007s]
Loading reference sequences...  [32.916s]
Masking reference...  [88.901s]
Initializing dictionary...  [0.003s]
Initializing temporary storage...  [0.008s]
Building reference histograms...  [85.006s]
Allocating buffers...  [0s]
Processing query block 1, reference block 12/15, shape 1/2, index chunk 1/4.
Building reference seed array...  [24.771s]
Building query seed array...  [16.928s]
Computing hash join...  [7.565s]
Masking low complexity seeds...  [0.537s]
Searching alignments...  [80.911s]
Processing query block 1, reference block 12/15, shape 1/2, index chunk 2/4.
Building reference seed array...  [30.733s]
Building query seed array...  [20.223s]
Computing hash join...  [7.584s]
Masking low complexity seeds...  [0.65s]
Searching alignments...  [64.799s]
Processing query block 1, reference block 12/15, shape 1/2, index chunk 3/4.
Building reference seed array...  [33.568s]
Building query seed array...  [21.115s]
Computing hash join...  [7.574s]
Masking low complexity seeds...  [0.536s]
Searching alignments...  [58.77s]
Processing query block 1, reference block 12/15, shape 1/2, index chunk 4/4.
Building reference seed array...  [23.716s]
Building query seed array...  [16.797s]
Computing hash join...  [7.581s]
Masking low complexity seeds...  [0.536s]
Searching alignments...  [54.814s]
Processing query block 1, reference block 12/15, shape 2/2, index chunk 1/4.
Building reference seed array...  [23.731s]
Building query seed array...  [15.609s]
Computing hash join...  [7.186s]
Masking low complexity seeds...  [0.519s]
Searching alignments...  [48.349s]
Processing query block 1, reference block 12/15, shape 2/2, index chunk 2/4.
Building reference seed array...  [30.411s]
Building query seed array...  [18.413s]
Computing hash join...  [7.178s]
Masking low complexity seeds...  [0.518s]
Searching alignments...  [46.039s]
Processing query block 1, reference block 12/15, shape 2/2, index chunk 3/4.
Building reference seed array...  [33.244s]
Building query seed array...  [19.14s]
Computing hash join...  [7.202s]
Masking low complexity seeds...  [0.52s]
Searching alignments...  [45.436s]
Processing query block 1, reference block 12/15, shape 2/2, index chunk 4/4.
Building reference seed array...  [23.458s]
Building query seed array...  [15.48s]
Computing hash join...  [7.183s]
Masking low complexity seeds...  [0.607s]
Searching alignments...  [44.929s]
Deallocating buffers...  [0.008s]
Clearing query masking...  [0.47s]
Opening temporary output file...  [0.002s]
Computing alignments...  [1074.76s]
Deallocating reference...  [0.007s]
Loading reference sequences...  [33.965s]
Masking reference...  [88.788s]
Initializing dictionary...  [0.003s]
Initializing temporary storage... No such file or directory
 [0.056s]
Error: Error opening temporary file /vortexfs1/omics/env-bio/collaboration/jahala/data/raw_data/metagenome/sra/megahit_assembly2/humman_out_reseeded_05.bin.1_FASTQ/reseeded_05.bin.1.bam_humann_temp/tmplk8z7rdc/diamond-tmp-Znimae

