Creating output directory: /vortexfs1/omics/env-bio/collaboration/jahala/data/raw_data/metagenome/sra/megahit_assembly2/control.bin.6_FASTQ
Output files will be written to: /vortexfs1/omics/env-bio/collaboration/jahala/data/raw_data/metagenome/sra/megahit_assembly2/control.bin.6_FASTQ

Running metaphlan ........

Found g__Alteromonas.s__Alteromonas_macleodii : 100.00% of mapped reads

Total species selected from prescreen: 1

Selected species explain 100.00% of predicted community composition


Creating custom ChocoPhlAn database ........


Running bowtie2-build ........


Running bowtie2 ........

Total bugs from nucleotide alignment: 1
g__Alteromonas.s__Alteromonas_macleodii: 1733715 hits

Total gene families from nucleotide alignment: 2874

Unaligned reads after nucleotide alignment: 34.3713872778 %


Running diamond ........


Aligning to reference database: uniref90_201901b_full.dmnd

Total bugs after translated alignment: 2
g__Alteromonas.s__Alteromonas_macleodii: 1733715 hits
unclassified: 201103 hits

Total gene families after translated alignment: 3588

Unaligned reads after translated alignment: 28.8284918912 %


Computing gene families ...

Computing pathways abundance and coverage ...

Output files created: 
/vortexfs1/omics/env-bio/collaboration/jahala/data/raw_data/metagenome/sra/megahit_assembly2/control.bin.6_FASTQ/control.bin.6.bam_genefamilies.tsv
/vortexfs1/omics/env-bio/collaboration/jahala/data/raw_data/metagenome/sra/megahit_assembly2/control.bin.6_FASTQ/control.bin.6.bam_pathabundance.tsv
/vortexfs1/omics/env-bio/collaboration/jahala/data/raw_data/metagenome/sra/megahit_assembly2/control.bin.6_FASTQ/control.bin.6.bam_pathcoverage.tsv

