Creating output directory: /vortexfs1/omics/env-bio/collaboration/jahala/data/raw_data/metagenome/sra/megahit_assembly2/humman_out_reseeded_24.bin.1_FASTQ
Output files will be written to: /vortexfs1/omics/env-bio/collaboration/jahala/data/raw_data/metagenome/sra/megahit_assembly2/humman_out_reseeded_24.bin.1_FASTQ

Running metaphlan ........


Total species selected from prescreen: 0

Selected species explain 0.00% of predicted community composition



No species were selected from the prescreen.
Because of this the custom ChocoPhlAn database is empty.
This will result in zero species-specific gene families and pathways.



Running diamond ........


Aligning to reference database: uniref90_201901b_full.dmnd

CRITICAL ERROR: Error executing: /vortexfs1/home/katherine.lane/.conda/envs/humann/bin/diamond blastx --query /vortexfs1/omics/env-bio/collaboration/jahala/data/raw_data/metagenome/sra/megahit_assembly2/humman_out_reseeded_24.bin.1_FASTQ/reseeded_24.bin.1.bam_humann_temp/tmpzfhu2fw9/tmpdu6ftybl --evalue 1.0 --threads 1 --top 1 --outfmt 6 --db /vortexfs1/omics/env-bio/collaboration/jahala/tools/humann_db/uniref/uniref90_201901b_full --out /vortexfs1/omics/env-bio/collaboration/jahala/data/raw_data/metagenome/sra/megahit_assembly2/humman_out_reseeded_24.bin.1_FASTQ/reseeded_24.bin.1.bam_humann_temp/tmpzfhu2fw9/diamond_m8_6kykbqn3 --tmpdir /vortexfs1/omics/env-bio/collaboration/jahala/data/raw_data/metagenome/sra/megahit_assembly2/humman_out_reseeded_24.bin.1_FASTQ/reseeded_24.bin.1.bam_humann_temp/tmpzfhu2fw9

Error message returned from diamond :
diamond v2.0.13.151 (C) Max Planck Society for the Advancement of Science
Documentation, support and updates available at http://www.diamondsearch.org
Please cite: http://dx.doi.org/10.1038/s41592-021-01101-x Nature Methods (2021)

#CPU threads: 1
Scoring parameters: (Matrix=BLOSUM62 Lambda=0.267 K=0.041 Penalties=11/1)
Temporary directory: /vortexfs1/omics/env-bio/collaboration/jahala/data/raw_data/metagenome/sra/megahit_assembly2/humman_out_reseeded_24.bin.1_FASTQ/reseeded_24.bin.1.bam_humann_temp/tmpzfhu2fw9
Percentage range of top alignment score to report hits: 1
Opening the database...  [0.119s]
Database: /vortexfs1/omics/env-bio/collaboration/jahala/tools/humann_db/uniref/uniref90_201901b_full.dmnd (type: Diamond database, sequences: 87296736, letters: 29247941583)
Block size = 2000000000
Opening the input file...  [0.024s]
Opening the output file...  [0s]
Loading query sequences...  [6.815s]
Masking queries...  [57.674s]
Algorithm: Double-indexed
Building query histograms...  [28.942s]
Allocating buffers...  [0s]
Loading reference sequences...  [9.825s]
Masking reference...  [89.349s]
Initializing dictionary...  [0.004s]
Initializing temporary storage...  [0.008s]
Building reference histograms...  [84.978s]
Allocating buffers...  [0s]
Processing query block 1, reference block 1/15, shape 1/2, index chunk 1/4.
Building reference seed array...  [24.767s]
Building query seed array...  [10.317s]
Computing hash join...  [6.215s]
Masking low complexity seeds...  [0.374s]
Searching alignments...  [54.447s]
Processing query block 1, reference block 1/15, shape 1/2, index chunk 2/4.
Building reference seed array...  [30.717s]
Building query seed array...  [12.027s]
Computing hash join...  [6.241s]
Masking low complexity seeds...  [0.371s]
Searching alignments...  [43.287s]
Processing query block 1, reference block 1/15, shape 1/2, index chunk 3/4.
Building reference seed array...  [33.588s]
Building query seed array...  [12.594s]
Computing hash join...  [6.234s]
Masking low complexity seeds...  [0.371s]
Searching alignments...  [40.003s]
Processing query block 1, reference block 1/15, shape 1/2, index chunk 4/4.
Building reference seed array...  [23.717s]
Building query seed array...  [9.948s]
Computing hash join...  [6.072s]
Masking low complexity seeds...  [0.37s]
Searching alignments...  [36.272s]
Processing query block 1, reference block 1/15, shape 2/2, index chunk 1/4.
Building reference seed array...  [23.744s]
Building query seed array...  [9.277s]
Computing hash join...  [6.877s]
Masking low complexity seeds...  [0.357s]
Searching alignments...  [34.724s]
Processing query block 1, reference block 1/15, shape 2/2, index chunk 2/4.
Building reference seed array...  [30.875s]
Building query seed array...  [11.264s]
Computing hash join...  [6.001s]
Masking low complexity seeds...  [0.545s]
Searching alignments...  [31.998s]
Processing query block 1, reference block 1/15, shape 2/2, index chunk 3/4.
Building reference seed array...  [33.209s]
Building query seed array...  [11.485s]
Computing hash join...  [5.76s]
Masking low complexity seeds...  [0.361s]
Searching alignments...  [30.711s]
Processing query block 1, reference block 1/15, shape 2/2, index chunk 4/4.
Building reference seed array...  [23.536s]
Building query seed array...  [9.19s]
Computing hash join...  [6.794s]
Masking low complexity seeds...  [0.756s]
Searching alignments...  [30.805s]
Deallocating buffers...  [0.009s]
Clearing query masking...  [0.297s]
Opening temporary output file...  [0.002s]
Computing alignments...  [680.874s]
Deallocating reference...  [0.008s]
Loading reference sequences...  [38.165s]
Masking reference...  [89.28s]
Initializing dictionary...  [0.004s]
Initializing temporary storage...  [0.008s]
Building reference histograms...  [84.885s]
Allocating buffers...  [0s]
Processing query block 1, reference block 2/15, shape 1/2, index chunk 1/4.
Building reference seed array...  [24.776s]
Building query seed array...  [10.195s]
Computing hash join...  [6.126s]
Masking low complexity seeds...  [0.376s]
Searching alignments...  [55.396s]
Processing query block 1, reference block 2/15, shape 1/2, index chunk 2/4.
Building reference seed array...  [30.819s]
Building query seed array...  [12.159s]
Computing hash join...  [6.139s]
Masking low complexity seeds...  [0.379s]
Searching alignments...  [43.551s]
Processing query block 1, reference block 2/15, shape 1/2, index chunk 3/4.
Building reference seed array...  [33.565s]
Building query seed array...  [12.58s]
Computing hash join...  [6.135s]
Masking low complexity seeds...  [0.373s]
Searching alignments...  [41.468s]
Processing query block 1, reference block 2/15, shape 1/2, index chunk 4/4.
Building reference seed array...  [23.869s]
Building query seed array...  [10.101s]
Computing hash join...  [6.174s]
Masking low complexity seeds...  [0.558s]
Searching alignments...  [38.621s]
Processing query block 1, reference block 2/15, shape 2/2, index chunk 1/4.
Building reference seed array...  [23.891s]
Building query seed array...  [9.41s]
Computing hash join...  [5.872s]
Masking low complexity seeds...  [0.544s]
Searching alignments...  [33.651s]
Processing query block 1, reference block 2/15, shape 2/2, index chunk 2/4.
Building reference seed array...  [30.572s]
Building query seed array...  [11.152s]
Computing hash join...  [5.861s]
Masking low complexity seeds...  [0.542s]
Searching alignments...  [33.735s]
Processing query block 1, reference block 2/15, shape 2/2, index chunk 3/4.
Building reference seed array...  [33.371s]
Building query seed array...  [11.608s]
Computing hash join...  [5.836s]
Masking low complexity seeds...  [0.476s]
Searching alignments...  [32.576s]
Processing query block 1, reference block 2/15, shape 2/2, index chunk 4/4.
Building reference seed array...  [23.618s]
Building query seed array...  [9.359s]
Computing hash join...  [5.83s]
Masking low complexity seeds...  [0.544s]
Searching alignments...  [31.665s]
Deallocating buffers...  [0.012s]
Clearing query masking...  [0.274s]
Opening temporary output file...  [0s]
Computing alignments...  [685.636s]
Deallocating reference...  [0.01s]
Loading reference sequences...  [37.354s]
Masking reference...  [89.292s]
Initializing dictionary...  [0.004s]
Initializing temporary storage...  [0.009s]
Building reference histograms...  [84.995s]
Allocating buffers...  [0s]
Processing query block 1, reference block 3/15, shape 1/2, index chunk 1/4.
Building reference seed array...  [24.793s]
Building query seed array...  [10.252s]
Computing hash join...  [6.091s]
Masking low complexity seeds...  [0.458s]
Searching alignments...  [55.276s]
Processing query block 1, reference block 3/15, shape 1/2, index chunk 2/4.
Building reference seed array...  [30.79s]
Building query seed array...  [12.125s]
Computing hash join...  [6.087s]
Masking low complexity seeds...  [0.38s]
Searching alignments...  [44.859s]
Processing query block 1, reference block 3/15, shape 1/2, index chunk 3/4.
Building reference seed array...  [33.721s]
Building query seed array...  [12.733s]
Computing hash join...  [6.103s]
Masking low complexity seeds...  [0.56s]
Searching alignments...  [41.896s]
Processing query block 1, reference block 3/15, shape 1/2, index chunk 4/4.
Building reference seed array...  [23.861s]
Building query seed array...  [10.092s]
Computing hash join...  [7.005s]
Masking low complexity seeds...  [0.56s]
Searching alignments...  [40.11s]
Processing query block 1, reference block 3/15, shape 2/2, index chunk 1/4.
Building reference seed array...  [24.317s]
Building query seed array...  [9.537s]
Computing hash join...  [6.188s]
Masking low complexity seeds...  [0.544s]
Searching alignments...  [33.997s]
Processing query block 1, reference block 3/15, shape 2/2, index chunk 2/4.
Building reference seed array...  [30.566s]
Building query seed array...  [11.137s]
Computing hash join...  [5.88s]
Masking low complexity seeds...  [0.543s]
Searching alignments...  [33.429s]
Processing query block 1, reference block 3/15, shape 2/2, index chunk 3/4.
Building reference seed array...  [33.353s]
Building query seed array...  [11.609s]
Computing hash join...  [5.85s]
Masking low complexity seeds...  [0.543s]
Searching alignments...  [31.261s]
Processing query block 1, reference block 3/15, shape 2/2, index chunk 4/4.
Building reference seed array...  [23.638s]
Building query seed array...  [9.357s]
Computing hash join...  [5.862s]
Masking low complexity seeds...  [0.544s]
Searching alignments...  [30.339s]
Deallocating buffers...  [0.012s]
Clearing query masking...  [0.276s]
Opening temporary output file...  [0.001s]
Computing alignments...  [684.873s]
Deallocating reference...  [0.01s]
Loading reference sequences...  [37.548s]
Masking reference...  [89.398s]
Initializing dictionary...  [0.004s]
Initializing temporary storage...  [0.008s]
Building reference histograms...  [85.239s]
Allocating buffers...  [0s]
Processing query block 1, reference block 4/15, shape 1/2, index chunk 1/4.
Building reference seed array...  [24.886s]
Building query seed array...  [10.25s]
Computing hash join...  [6.132s]
Masking low complexity seeds...  [0.498s]
Searching alignments...  [55.956s]
Processing query block 1, reference block 4/15, shape 1/2, index chunk 2/4.
Building reference seed array...  [30.86s]
Building query seed array...  [12.153s]
Computing hash join...  [6.155s]
Masking low complexity seeds...  [0.401s]
Searching alignments...  [44.943s]
Processing query block 1, reference block 4/15, shape 1/2, index chunk 3/4.
Building reference seed array...  [33.71s]
Building query seed array...  [12.71s]
Computing hash join...  [6.206s]
Masking low complexity seeds...  [0.56s]
Searching alignments...  [41.773s]
Processing query block 1, reference block 4/15, shape 1/2, index chunk 4/4.
Building reference seed array...  [23.873s]
Building query seed array...  [10.081s]
Computing hash join...  [6.154s]
Masking low complexity seeds...  [0.558s]
Searching alignments...  [37.85s]
Processing query block 1, reference block 4/15, shape 2/2, index chunk 1/4.
Building reference seed array...  [23.904s]
Building query seed array...  [9.419s]
Computing hash join...  [5.898s]
Masking low complexity seeds...  [0.544s]
Searching alignments...  [34.286s]
Processing query block 1, reference block 4/15, shape 2/2, index chunk 2/4.
Building reference seed array...  [30.561s]
Building query seed array...  [11.14s]
Computing hash join...  [5.829s]
Masking low complexity seeds...  [0.542s]
Searching alignments...  [33.455s]
Processing query block 1, reference block 4/15, shape 2/2, index chunk 3/4.
Building reference seed array...  [33.382s]
Building query seed array...  [11.61s]
Computing hash join...  [5.841s]
Masking low complexity seeds...  [0.543s]
Searching alignments...  [31.355s]
Processing query block 1, reference block 4/15, shape 2/2, index chunk 4/4.
Building reference seed array...  [23.628s]
Building query seed array...  [9.349s]
Computing hash join...  [5.8s]
Masking low complexity seeds...  [0.545s]
Searching alignments...  [31.371s]
Deallocating buffers...  [0.012s]
Clearing query masking...  [0.298s]
Opening temporary output file...  [0s]
Computing alignments...  [685.459s]
Deallocating reference...  [0.01s]
Loading reference sequences...  [39.791s]
Masking reference...  [88.987s]
Initializing dictionary...  [0.005s]
Initializing temporary storage...  [0.008s]
Building reference histograms...  [84.866s]
Allocating buffers...  [0s]
Processing query block 1, reference block 5/15, shape 1/2, index chunk 1/4.
Building reference seed array...  [24.771s]
Building query seed array...  [10.11s]
Computing hash join...  [6.102s]
Masking low complexity seeds...  [0.428s]
Searching alignments...  [54.052s]
Processing query block 1, reference block 5/15, shape 1/2, index chunk 2/4.
Building reference seed array...  [30.712s]
Building query seed array...  [12.02s]
Computing hash join...  [6.122s]
Masking low complexity seeds...  [0.372s]
Searching alignments...  [44.857s]
Processing query block 1, reference block 5/15, shape 1/2, index chunk 3/4.
Building reference seed array...  [33.736s]
Building query seed array...  [12.738s]
Computing hash join...  [6.209s]
Masking low complexity seeds...  [0.569s]
Searching alignments...  [41.629s]
Processing query block 1, reference block 5/15, shape 1/2, index chunk 4/4.
Building reference seed array...  [23.905s]
Building query seed array...  [10.08s]
Computing hash join...  [6.115s]
Masking low complexity seeds...  [0.37s]
Searching alignments...  [37.486s]
Processing query block 1, reference block 5/15, shape 2/2, index chunk 1/4.
Building reference seed array...  [23.955s]
Building query seed array...  [9.424s]
Computing hash join...  [5.885s]
Masking low complexity seeds...  [0.544s]
Searching alignments...  [34.075s]
Processing query block 1, reference block 5/15, shape 2/2, index chunk 2/4.
Building reference seed array...  [30.536s]
Building query seed array...  [11.135s]
Computing hash join...  [5.822s]
Masking low complexity seeds...  [0.543s]
Searching alignments...  [33.426s]
Processing query block 1, reference block 5/15, shape 2/2, index chunk 3/4.
Building reference seed array...  [33.381s]
Building query seed array...  [11.59s]
Computing hash join...  [5.902s]
Masking low complexity seeds...  [0.544s]
Searching alignments...  [32.118s]
Processing query block 1, reference block 5/15, shape 2/2, index chunk 4/4.
Building reference seed array...  [23.62s]
Building query seed array...  [9.358s]
Computing hash join...  [5.861s]
Masking low complexity seeds...  [0.544s]
Searching alignments...  [30.483s]
Deallocating buffers...  [0.012s]
Clearing query masking...  [0.301s]
Opening temporary output file...  [0s]
Computing alignments...  [684.968s]
Deallocating reference...  [0.01s]
Loading reference sequences...  [49.247s]
Masking reference...  [89.321s]
Initializing dictionary...  [0.004s]
Initializing temporary storage...  [0.008s]
Building reference histograms...  [84.868s]
Allocating buffers...  [0s]
Processing query block 1, reference block 6/15, shape 1/2, index chunk 1/4.
Building reference seed array...  [24.764s]
Building query seed array...  [10.021s]
Computing hash join...  [6.071s]
Masking low complexity seeds...  [0.37s]
Searching alignments...  [54.106s]
Processing query block 1, reference block 6/15, shape 1/2, index chunk 2/4.
Building reference seed array...  [30.683s]
Building query seed array...  [12.029s]
Computing hash join...  [6.067s]
Masking low complexity seeds...  [0.372s]
Searching alignments...  [44.975s]
Processing query block 1, reference block 6/15, shape 1/2, index chunk 3/4.
Building reference seed array...  [33.677s]
Building query seed array...  [12.717s]
Computing hash join...  [6.165s]
Masking low complexity seeds...  [0.489s]
Searching alignments...  [41.572s]
Processing query block 1, reference block 6/15, shape 1/2, index chunk 4/4.
Building reference seed array...  [23.873s]
Building query seed array...  [10.097s]
Computing hash join...  [6.196s]
Masking low complexity seeds...  [0.559s]
Searching alignments...  [36.946s]
Processing query block 1, reference block 6/15, shape 2/2, index chunk 1/4.
Building reference seed array...  [23.881s]
Building query seed array...  [9.437s]
Computing hash join...  [5.987s]
Masking low complexity seeds...  [0.543s]
Searching alignments...  [33.578s]
Processing query block 1, reference block 6/15, shape 2/2, index chunk 2/4.
Building reference seed array...  [30.399s]
Building query seed array...  [11.013s]
Computing hash join...  [5.951s]
Masking low complexity seeds...  [0.362s]
Searching alignments...  [32.558s]
Processing query block 1, reference block 6/15, shape 2/2, index chunk 3/4.
Building reference seed array...  [33.342s]
Building query seed array...  [11.588s]
Computing hash join...  [5.971s]
Masking low complexity seeds...  [0.469s]
Searching alignments...  [30.947s]
Processing query block 1, reference block 6/15, shape 2/2, index chunk 4/4.
Building reference seed array...  [23.448s]
Building query seed array...  [9.204s]
Computing hash join...  [5.966s]
Masking low complexity seeds...  [0.361s]
Searching alignments...  [29.567s]
Deallocating buffers...  [0.012s]
Clearing query masking...  [0.305s]
Opening temporary output file...  [0s]
Computing alignments...  [685.118s]
Deallocating reference...  [0.009s]
Loading reference sequences...  [38.744s]
Masking reference...  [88.8s]
Initializing dictionary...  [0.004s]
Initializing temporary storage...  [0.008s]
Building reference histograms...  [85.131s]
Allocating buffers...  [0s]
Processing query block 1, reference block 7/15, shape 1/2, index chunk 1/4.
Building reference seed array...  [24.796s]
Building query seed array...  [10.128s]
Computing hash join...  [6.19s]
Masking low complexity seeds...  [0.386s]
Searching alignments...  [54.565s]
Processing query block 1, reference block 7/15, shape 1/2, index chunk 2/4.
Building reference seed array...  [30.811s]
Building query seed array...  [12.173s]
Computing hash join...  [6.195s]
Masking low complexity seeds...  [0.372s]
Searching alignments...  [43.834s]
Processing query block 1, reference block 7/15, shape 1/2, index chunk 3/4.
Building reference seed array...  [33.655s]
Building query seed array...  [12.718s]
Computing hash join...  [6.188s]
Masking low complexity seeds...  [0.38s]
Searching alignments...  [41.431s]
Processing query block 1, reference block 7/15, shape 1/2, index chunk 4/4.
Building reference seed array...  [23.867s]
Building query seed array...  [10.09s]
Computing hash join...  [6.165s]
Masking low complexity seeds...  [0.557s]
Searching alignments...  [37.838s]
Processing query block 1, reference block 7/15, shape 2/2, index chunk 1/4.
Building reference seed array...  [23.904s]
Building query seed array...  [9.678s]
Computing hash join...  [6.034s]
Masking low complexity seeds...  [0.566s]
Searching alignments...  [33.009s]
Processing query block 1, reference block 7/15, shape 2/2, index chunk 2/4.
Building reference seed array...  [30.564s]
Building query seed array...  [11.376s]
Computing hash join...  [5.858s]
Masking low complexity seeds...  [0.543s]
Searching alignments...  [33.299s]
Processing query block 1, reference block 7/15, shape 2/2, index chunk 3/4.
Building reference seed array...  [33.361s]
Building query seed array...  [11.601s]
Computing hash join...  [5.837s]
Masking low complexity seeds...  [0.456s]
Searching alignments...  [31.107s]
Processing query block 1, reference block 7/15, shape 2/2, index chunk 4/4.
Building reference seed array...  [23.459s]
Building query seed array...  [9.206s]
Computing hash join...  [5.768s]
Masking low complexity seeds...  [0.362s]
Searching alignments...  [30.85s]
Deallocating buffers...  [0.012s]
Clearing query masking...  [0.268s]
Opening temporary output file...  [0s]
Computing alignments...  [687.56s]
Deallocating reference...  [0.01s]
Loading reference sequences...  [38.588s]
Masking reference...  [89.262s]
Initializing dictionary...  [0.004s]
Initializing temporary storage...  [0.008s]
Building reference histograms...  [84.849s]
Allocating buffers...  [0s]
Processing query block 1, reference block 8/15, shape 1/2, index chunk 1/4.
Building reference seed array...  [24.768s]
Building query seed array...  [10.296s]
Computing hash join...  [6.089s]
Masking low complexity seeds...  [0.43s]
Searching alignments...  [55.016s]
Processing query block 1, reference block 8/15, shape 1/2, index chunk 2/4.
Building reference seed array...  [31.003s]
Building query seed array...  [12.185s]
Computing hash join...  [6.114s]
Masking low complexity seeds...  [0.38s]
Searching alignments...  [43.275s]
Processing query block 1, reference block 8/15, shape 1/2, index chunk 3/4.
Building reference seed array...  [33.535s]
Building query seed array...  [12.576s]
Computing hash join...  [6.105s]
Masking low complexity seeds...  [0.373s]
Searching alignments...  [42.171s]
Processing query block 1, reference block 8/15, shape 1/2, index chunk 4/4.
Building reference seed array...  [23.771s]
Building query seed array...  [10.017s]
Computing hash join...  [6.097s]
Masking low complexity seeds...  [0.369s]
Searching alignments...  [37.646s]
Processing query block 1, reference block 8/15, shape 2/2, index chunk 1/4.
Building reference seed array...  [23.906s]
Building query seed array...  [9.424s]
Computing hash join...  [5.881s]
Masking low complexity seeds...  [0.543s]
Searching alignments...  [34.077s]
Processing query block 1, reference block 8/15, shape 2/2, index chunk 2/4.
Building reference seed array...  [30.57s]
Building query seed array...  [11.145s]
Computing hash join...  [5.827s]
Masking low complexity seeds...  [0.543s]
Searching alignments...  [33.084s]
Processing query block 1, reference block 8/15, shape 2/2, index chunk 3/4.
Building reference seed array...  [33.367s]
Building query seed array...  [11.582s]
Computing hash join...  [5.786s]
Masking low complexity seeds...  [0.432s]
Searching alignments...  [31.642s]
Processing query block 1, reference block 8/15, shape 2/2, index chunk 4/4.
Building reference seed array...  [23.639s]
Building query seed array...  [9.358s]
Computing hash join...  [5.875s]
Masking low complexity seeds...  [0.544s]
Searching alignments...  [31.861s]
Deallocating buffers...  [0.012s]
Clearing query masking...  [0.268s]
Opening temporary output file...  [0s]
Computing alignments...  [680.978s]
Deallocating reference...  [0.01s]
Loading reference sequences...  [40.3s]
Masking reference...  [89.166s]
Initializing dictionary...  [0.004s]
Initializing temporary storage...  [0.009s]
Building reference histograms...  [84.965s]
Allocating buffers...  [0s]
Processing query block 1, reference block 9/15, shape 1/2, index chunk 1/4.
Building reference seed array...  [24.766s]
Building query seed array...  [10.297s]
Computing hash join...  [6.121s]
Masking low complexity seeds...  [0.388s]
Searching alignments...  [54.719s]
Processing query block 1, reference block 9/15, shape 1/2, index chunk 2/4.
Building reference seed array...  [30.692s]
Building query seed array...  [12.027s]
Computing hash join...  [6.114s]
Masking low complexity seeds...  [0.373s]
Searching alignments...  [45.069s]
Processing query block 1, reference block 9/15, shape 1/2, index chunk 3/4.
Building reference seed array...  [33.816s]
Building query seed array...  [12.793s]
Computing hash join...  [6.16s]
Masking low complexity seeds...  [0.563s]
Searching alignments...  [40.715s]
Processing query block 1, reference block 9/15, shape 1/2, index chunk 4/4.
Building reference seed array...  [23.695s]
Building query seed array...  [9.94s]
Computing hash join...  [6.101s]
Masking low complexity seeds...  [0.372s]
Searching alignments...  [37.883s]
Processing query block 1, reference block 9/15, shape 2/2, index chunk 1/4.
Building reference seed array...  [23.908s]
Building query seed array...  [9.436s]
Computing hash join...  [5.879s]
Masking low complexity seeds...  [0.544s]
Searching alignments...  [34.954s]
Processing query block 1, reference block 9/15, shape 2/2, index chunk 2/4.
Building reference seed array...  [30.559s]
Building query seed array...  [11.19s]
Computing hash join...  [5.825s]
Masking low complexity seeds...  [0.544s]
Searching alignments...  [32.203s]
Processing query block 1, reference block 9/15, shape 2/2, index chunk 3/4.
Building reference seed array...  [33.194s]
Building query seed array...  [11.482s]
Computing hash join...  [5.778s]
Masking low complexity seeds...  [0.362s]
Searching alignments...  [32.235s]
Processing query block 1, reference block 9/15, shape 2/2, index chunk 4/4.
Building reference seed array...  [23.639s]
Building query seed array...  [9.349s]
Computing hash join...  [5.868s]
Masking low complexity seeds...  [0.545s]
Searching alignments...  [31.478s]
Deallocating buffers...  [0.012s]
Clearing query masking...  [0.269s]
Opening temporary output file...  [0.04s]
Computing alignments...  [686.846s]
Deallocating reference...  [0.01s]
Loading reference sequences...  [40.654s]
Masking reference...  [89.022s]
Initializing dictionary...  [0.003s]
Initializing temporary storage...  [0.008s]
Building reference histograms...  [85.135s]
Allocating buffers...  [0s]
Processing query block 1, reference block 10/15, shape 1/2, index chunk 1/4.
Building reference seed array...  [24.767s]
Building query seed array...  [10.319s]
Computing hash join...  [6.091s]
Masking low complexity seeds...  [0.387s]
Searching alignments...  [54.364s]
Processing query block 1, reference block 10/15, shape 1/2, index chunk 2/4.
Building reference seed array...  [30.696s]
Building query seed array...  [12.019s]
Computing hash join...  [6.08s]
Masking low complexity seeds...  [0.373s]
Searching alignments...  [43.238s]
Processing query block 1, reference block 10/15, shape 1/2, index chunk 3/4.
Building reference seed array...  [33.538s]
Building query seed array...  [12.58s]
Computing hash join...  [6.106s]
Masking low complexity seeds...  [0.372s]
Searching alignments...  [41.038s]
Processing query block 1, reference block 10/15, shape 1/2, index chunk 4/4.
Building reference seed array...  [23.923s]
Building query seed array...  [10.107s]
Computing hash join...  [6.11s]
Masking low complexity seeds...  [0.558s]
Searching alignments...  [36.969s]
Processing query block 1, reference block 10/15, shape 2/2, index chunk 1/4.
Building reference seed array...  [23.913s]
Building query seed array...  [9.431s]
Computing hash join...  [6.036s]
Masking low complexity seeds...  [0.543s]
Searching alignments...  [33.692s]
Processing query block 1, reference block 10/15, shape 2/2, index chunk 2/4.
Building reference seed array...  [30.56s]
Building query seed array...  [11.139s]
Computing hash join...  [5.955s]
Masking low complexity seeds...  [0.541s]
Searching alignments...  [33.47s]
Processing query block 1, reference block 10/15, shape 2/2, index chunk 3/4.
Building reference seed array...  [33.357s]
Building query seed array...  [11.597s]
Computing hash join...  [5.955s]
Masking low complexity seeds...  [0.544s]
Searching alignments...  [32.111s]
Processing query block 1, reference block 10/15, shape 2/2, index chunk 4/4.
Building reference seed array...  [23.689s]
Building query seed array...  [9.364s]
Computing hash join...  [5.938s]
Masking low complexity seeds...  [0.544s]
Searching alignments...  [30.591s]
Deallocating buffers...  [0.012s]
Clearing query masking...  [0.303s]
Opening temporary output file...  [0.001s]
Computing alignments...  [683.264s]
Deallocating reference...  [0.01s]
Loading reference sequences...  [40.169s]
Masking reference...  [89.259s]
Initializing dictionary...  [0.004s]
Initializing temporary storage... No such file or directory
 [0.018s]
Error: Error opening temporary file /vortexfs1/omics/env-bio/collaboration/jahala/data/raw_data/metagenome/sra/megahit_assembly2/humman_out_reseeded_24.bin.1_FASTQ/reseeded_24.bin.1.bam_humann_temp/tmpzfhu2fw9/diamond-tmp-ezffpA

