Creating output directory: /vortexfs1/omics/env-bio/collaboration/jahala/data/raw_data/metagenome/sra/megahit_assembly2/humman_out_reseeded_24.bin.11_FASTQ
Output files will be written to: /vortexfs1/omics/env-bio/collaboration/jahala/data/raw_data/metagenome/sra/megahit_assembly2/humman_out_reseeded_24.bin.11_FASTQ

Running metaphlan ........


Total species selected from prescreen: 0

Selected species explain 0.00% of predicted community composition



No species were selected from the prescreen.
Because of this the custom ChocoPhlAn database is empty.
This will result in zero species-specific gene families and pathways.



Running diamond ........


Aligning to reference database: uniref90_201901b_full.dmnd

CRITICAL ERROR: Error executing: /vortexfs1/home/katherine.lane/.conda/envs/humann/bin/diamond blastx --query /vortexfs1/omics/env-bio/collaboration/jahala/data/raw_data/metagenome/sra/megahit_assembly2/humman_out_reseeded_24.bin.11_FASTQ/reseeded_24.bin.11.bam_humann_temp/tmp5lo_jghi/tmp4ldm67xv --evalue 1.0 --threads 1 --top 1 --outfmt 6 --db /vortexfs1/omics/env-bio/collaboration/jahala/tools/humann_db/uniref/uniref90_201901b_full --out /vortexfs1/omics/env-bio/collaboration/jahala/data/raw_data/metagenome/sra/megahit_assembly2/humman_out_reseeded_24.bin.11_FASTQ/reseeded_24.bin.11.bam_humann_temp/tmp5lo_jghi/diamond_m8_afsgpoco --tmpdir /vortexfs1/omics/env-bio/collaboration/jahala/data/raw_data/metagenome/sra/megahit_assembly2/humman_out_reseeded_24.bin.11_FASTQ/reseeded_24.bin.11.bam_humann_temp/tmp5lo_jghi

Error message returned from diamond :
diamond v2.0.13.151 (C) Max Planck Society for the Advancement of Science
Documentation, support and updates available at http://www.diamondsearch.org
Please cite: http://dx.doi.org/10.1038/s41592-021-01101-x Nature Methods (2021)

#CPU threads: 1
Scoring parameters: (Matrix=BLOSUM62 Lambda=0.267 K=0.041 Penalties=11/1)
Temporary directory: /vortexfs1/omics/env-bio/collaboration/jahala/data/raw_data/metagenome/sra/megahit_assembly2/humman_out_reseeded_24.bin.11_FASTQ/reseeded_24.bin.11.bam_humann_temp/tmp5lo_jghi
Percentage range of top alignment score to report hits: 1
Opening the database...  [0.299s]
Database: /vortexfs1/omics/env-bio/collaboration/jahala/tools/humann_db/uniref/uniref90_201901b_full.dmnd (type: Diamond database, sequences: 87296736, letters: 29247941583)
Block size = 2000000000
Opening the input file...  [0.024s]
Opening the output file...  [0s]
Loading query sequences...  [8.903s]
Masking queries...  [73.844s]
Algorithm: Double-indexed
Building query histograms...  [28.454s]
Allocating buffers...  [0s]
Loading reference sequences...  [38.6s]
Masking reference...  [89.379s]
Initializing dictionary...  [0.006s]
Initializing temporary storage...  [0.015s]
Building reference histograms...  [84.903s]
Allocating buffers...  [0s]
Processing query block 1, reference block 1/15, shape 1/2, index chunk 1/4.
Building reference seed array...  [24.962s]
Building query seed array...  [10.473s]
Computing hash join...  [5.967s]
Masking low complexity seeds...  [0.596s]
Searching alignments...  [55.182s]
Processing query block 1, reference block 1/15, shape 1/2, index chunk 2/4.
Building reference seed array...  [30.748s]
Building query seed array...  [11.705s]
Computing hash join...  [5.865s]
Masking low complexity seeds...  [0.381s]
Searching alignments...  [46.774s]
Processing query block 1, reference block 1/15, shape 1/2, index chunk 3/4.
Building reference seed array...  [33.611s]
Building query seed array...  [12.014s]
Computing hash join...  [5.896s]
Masking low complexity seeds...  [0.379s]
Searching alignments...  [41.345s]
Processing query block 1, reference block 1/15, shape 1/2, index chunk 4/4.
Building reference seed array...  [23.71s]
Building query seed array...  [9.961s]
Computing hash join...  [5.884s]
Masking low complexity seeds...  [0.379s]
Searching alignments...  [40.892s]
Processing query block 1, reference block 1/15, shape 2/2, index chunk 1/4.
Building reference seed array...  [23.915s]
Building query seed array...  [9.329s]
Computing hash join...  [5.693s]
Masking low complexity seeds...  [0.372s]
Searching alignments...  [37.597s]
Processing query block 1, reference block 1/15, shape 2/2, index chunk 2/4.
Building reference seed array...  [30.593s]
Building query seed array...  [10.676s]
Computing hash join...  [5.734s]
Masking low complexity seeds...  [0.555s]
Searching alignments...  [33.78s]
Processing query block 1, reference block 1/15, shape 2/2, index chunk 3/4.
Building reference seed array...  [33.231s]
Building query seed array...  [10.875s]
Computing hash join...  [5.633s]
Masking low complexity seeds...  [0.37s]
Searching alignments...  [32.342s]
Processing query block 1, reference block 1/15, shape 2/2, index chunk 4/4.
Building reference seed array...  [23.475s]
Building query seed array...  [9.183s]
Computing hash join...  [5.623s]
Masking low complexity seeds...  [0.369s]
Searching alignments...  [30.705s]
Deallocating buffers...  [0.012s]
Clearing query masking...  [0.378s]
Opening temporary output file...  [0.002s]
Computing alignments...  [742.588s]
Deallocating reference...  [0.01s]
Loading reference sequences...  [44.928s]
Masking reference...  [88.775s]
Initializing dictionary...  [0.004s]
Initializing temporary storage...  [0.008s]
Building reference histograms...  [84.92s]
Allocating buffers...  [0s]
Processing query block 1, reference block 2/15, shape 1/2, index chunk 1/4.
Building reference seed array...  [24.928s]
Building query seed array...  [10.087s]
Computing hash join...  [6.034s]
Masking low complexity seeds...  [0.392s]
Searching alignments...  [56.744s]
Processing query block 1, reference block 2/15, shape 1/2, index chunk 2/4.
Building reference seed array...  [30.905s]
Building query seed array...  [11.728s]
Computing hash join...  [6.023s]
Masking low complexity seeds...  [0.513s]
Searching alignments...  [46.474s]
Processing query block 1, reference block 2/15, shape 1/2, index chunk 3/4.
Building reference seed array...  [33.55s]
Building query seed array...  [12.015s]
Computing hash join...  [6.03s]
Masking low complexity seeds...  [0.381s]
Searching alignments...  [41.648s]
Processing query block 1, reference block 2/15, shape 1/2, index chunk 4/4.
Building reference seed array...  [23.707s]
Building query seed array...  [9.945s]
Computing hash join...  [6.039s]
Masking low complexity seeds...  [0.379s]
Searching alignments...  [39.106s]
Processing query block 1, reference block 2/15, shape 2/2, index chunk 1/4.
Building reference seed array...  [23.748s]
Building query seed array...  [9.286s]
Computing hash join...  [5.729s]
Masking low complexity seeds...  [0.37s]
Searching alignments...  [35.957s]
Processing query block 1, reference block 2/15, shape 2/2, index chunk 2/4.
Building reference seed array...  [30.386s]
Building query seed array...  [10.62s]
Computing hash join...  [5.742s]
Masking low complexity seeds...  [0.37s]
Searching alignments...  [34.316s]
Processing query block 1, reference block 2/15, shape 2/2, index chunk 3/4.
Building reference seed array...  [33.231s]
Building query seed array...  [10.883s]
Computing hash join...  [5.745s]
Masking low complexity seeds...  [0.37s]
Searching alignments...  [32.571s]
Processing query block 1, reference block 2/15, shape 2/2, index chunk 4/4.
Building reference seed array...  [23.464s]
Building query seed array...  [9.199s]
Computing hash join...  [5.717s]
Masking low complexity seeds...  [0.369s]
Searching alignments...  [30.705s]
Deallocating buffers...  [0.011s]
Clearing query masking...  [0.392s]
Opening temporary output file...  [0s]
Computing alignments...  [746.668s]
Deallocating reference...  [0.01s]
Loading reference sequences...  [43.413s]
Masking reference...  [89.332s]
Initializing dictionary...  [0.004s]
Initializing temporary storage...  [0.008s]
Building reference histograms...  [84.972s]
Allocating buffers...  [0s]
Processing query block 1, reference block 3/15, shape 1/2, index chunk 1/4.
Building reference seed array...  [24.797s]
Building query seed array...  [9.998s]
Computing hash join...  [6.026s]
Masking low complexity seeds...  [0.377s]
Searching alignments...  [56.748s]
Processing query block 1, reference block 3/15, shape 1/2, index chunk 2/4.
Building reference seed array...  [30.874s]
Building query seed array...  [11.722s]
Computing hash join...  [6.052s]
Masking low complexity seeds...  [0.499s]
Searching alignments...  [47.834s]
Processing query block 1, reference block 3/15, shape 1/2, index chunk 3/4.
Building reference seed array...  [33.804s]
Building query seed array...  [12.065s]
Computing hash join...  [6.068s]
Masking low complexity seeds...  [0.568s]
Searching alignments...  [42.789s]
Processing query block 1, reference block 3/15, shape 1/2, index chunk 4/4.
Building reference seed array...  [23.704s]
Building query seed array...  [9.943s]
Computing hash join...  [6.027s]
Masking low complexity seeds...  [0.379s]
Searching alignments...  [39.145s]
Processing query block 1, reference block 3/15, shape 2/2, index chunk 1/4.
Building reference seed array...  [23.783s]
Building query seed array...  [9.266s]
Computing hash join...  [5.727s]
Masking low complexity seeds...  [0.371s]
Searching alignments...  [35.965s]
Processing query block 1, reference block 3/15, shape 2/2, index chunk 2/4.
Building reference seed array...  [30.417s]
Building query seed array...  [10.586s]
Computing hash join...  [5.73s]
Masking low complexity seeds...  [0.37s]
Searching alignments...  [32.844s]
Processing query block 1, reference block 3/15, shape 2/2, index chunk 3/4.
Building reference seed array...  [33.243s]
Building query seed array...  [10.875s]
Computing hash join...  [5.731s]
Masking low complexity seeds...  [0.371s]
Searching alignments...  [32.435s]
Processing query block 1, reference block 3/15, shape 2/2, index chunk 4/4.
Building reference seed array...  [23.46s]
Building query seed array...  [9.183s]
Computing hash join...  [5.734s]
Masking low complexity seeds...  [0.37s]
Searching alignments...  [32.534s]
Deallocating buffers...  [0.012s]
Clearing query masking...  [0.346s]
Opening temporary output file...  [0.001s]
Computing alignments...  [747.895s]
Deallocating reference...  [0.01s]
Loading reference sequences...  [39.655s]
Masking reference...  [88.735s]
Initializing dictionary...  [0.004s]
Initializing temporary storage...  [0.008s]
Building reference histograms...  [84.975s]
Allocating buffers...  [0s]
Processing query block 1, reference block 4/15, shape 1/2, index chunk 1/4.
Building reference seed array...  [24.791s]
Building query seed array...  [10.16s]
Computing hash join...  [7.468s]
Masking low complexity seeds...  [0.713s]
Searching alignments...  [55.924s]
Processing query block 1, reference block 4/15, shape 1/2, index chunk 2/4.
Building reference seed array...  [31.095s]
Building query seed array...  [11.683s]
Computing hash join...  [6.056s]
Masking low complexity seeds...  [0.378s]
Searching alignments...  [47.443s]
Processing query block 1, reference block 4/15, shape 1/2, index chunk 3/4.
Building reference seed array...  [33.743s]
Building query seed array...  [12.071s]
Computing hash join...  [6.105s]
Masking low complexity seeds...  [0.565s]
Searching alignments...  [42.694s]
Processing query block 1, reference block 4/15, shape 1/2, index chunk 4/4.
Building reference seed array...  [23.721s]
Building query seed array...  [9.939s]
Computing hash join...  [6.031s]
Masking low complexity seeds...  [0.376s]
Searching alignments...  [40.54s]
Processing query block 1, reference block 4/15, shape 2/2, index chunk 1/4.
Building reference seed array...  [23.929s]
Building query seed array...  [9.313s]
Computing hash join...  [5.86s]
Masking low complexity seeds...  [0.552s]
Searching alignments...  [36.739s]
Processing query block 1, reference block 4/15, shape 2/2, index chunk 2/4.
Building reference seed array...  [30.589s]
Building query seed array...  [10.654s]
Computing hash join...  [5.841s]
Masking low complexity seeds...  [0.551s]
Searching alignments...  [33.814s]
Processing query block 1, reference block 4/15, shape 2/2, index chunk 3/4.
Building reference seed array...  [33.222s]
Building query seed array...  [10.879s]
Computing hash join...  [5.742s]
Masking low complexity seeds...  [0.369s]
Searching alignments...  [32.313s]
Processing query block 1, reference block 4/15, shape 2/2, index chunk 4/4.
Building reference seed array...  [23.489s]
Building query seed array...  [9.184s]
Computing hash join...  [5.726s]
Masking low complexity seeds...  [0.366s]
Searching alignments...  [30.811s]
Deallocating buffers...  [0.012s]
Clearing query masking...  [0.389s]
Opening temporary output file...  [0.001s]
Computing alignments...  [748.541s]
Deallocating reference...  [0.01s]
Loading reference sequences...  [38.688s]
Masking reference...  [89.438s]
Initializing dictionary...  [0.004s]
Initializing temporary storage...  [0.009s]
Building reference histograms...  [84.955s]
Allocating buffers...  [0s]
Processing query block 1, reference block 5/15, shape 1/2, index chunk 1/4.
Building reference seed array...  [24.78s]
Building query seed array...  [10.591s]
Computing hash join...  [6.287s]
Masking low complexity seeds...  [0.407s]
Searching alignments...  [55.496s]
Processing query block 1, reference block 5/15, shape 1/2, index chunk 2/4.
Building reference seed array...  [30.777s]
Building query seed array...  [11.681s]
Computing hash join...  [5.911s]
Masking low complexity seeds...  [0.384s]
Searching alignments...  [45.814s]
Processing query block 1, reference block 5/15, shape 1/2, index chunk 3/4.
Building reference seed array...  [33.559s]
Building query seed array...  [11.984s]
Computing hash join...  [5.927s]
Masking low complexity seeds...  [0.38s]
Searching alignments...  [43.173s]
Processing query block 1, reference block 5/15, shape 1/2, index chunk 4/4.
Building reference seed array...  [23.92s]
Building query seed array...  [10.039s]
Computing hash join...  [6.066s]
Masking low complexity seeds...  [0.568s]
Searching alignments...  [41.447s]
Processing query block 1, reference block 5/15, shape 2/2, index chunk 1/4.
Building reference seed array...  [23.908s]
Building query seed array...  [9.315s]
Computing hash join...  [5.701s]
Masking low complexity seeds...  [0.555s]
Searching alignments...  [38.091s]
Processing query block 1, reference block 5/15, shape 2/2, index chunk 2/4.
Building reference seed array...  [30.574s]
Building query seed array...  [10.664s]
Computing hash join...  [5.61s]
Masking low complexity seeds...  [0.426s]
Searching alignments...  [33.161s]
Processing query block 1, reference block 5/15, shape 2/2, index chunk 3/4.
Building reference seed array...  [33.241s]
Building query seed array...  [10.883s]
Computing hash join...  [5.62s]
Masking low complexity seeds...  [0.371s]
Searching alignments...  [32.304s]
Processing query block 1, reference block 5/15, shape 2/2, index chunk 4/4.
Building reference seed array...  [23.453s]
Building query seed array...  [9.202s]
Computing hash join...  [5.602s]
Masking low complexity seeds...  [0.369s]
Searching alignments...  [30.779s]
Deallocating buffers...  [0.012s]
Clearing query masking...  [0.39s]
Opening temporary output file...  [0.002s]
Computing alignments...  [748.49s]
Deallocating reference...  [0.009s]
Loading reference sequences...  [40.033s]
Masking reference...  [89.328s]
Initializing dictionary...  [0.004s]
Initializing temporary storage...  [0.008s]
Building reference histograms...  [85.081s]
Allocating buffers...  [0s]
Processing query block 1, reference block 6/15, shape 1/2, index chunk 1/4.
Building reference seed array...  [24.792s]
Building query seed array...  [10.071s]
Computing hash join...  [6.081s]
Masking low complexity seeds...  [0.383s]
Searching alignments...  [54.996s]
Processing query block 1, reference block 6/15, shape 1/2, index chunk 2/4.
Building reference seed array...  [30.7s]
Building query seed array...  [11.609s]
Computing hash join...  [5.998s]
Masking low complexity seeds...  [0.38s]
Searching alignments...  [45.831s]
Processing query block 1, reference block 6/15, shape 1/2, index chunk 3/4.
Building reference seed array...  [33.541s]
Building query seed array...  [11.977s]
Computing hash join...  [6.01s]
Masking low complexity seeds...  [0.379s]
Searching alignments...  [43.195s]
Processing query block 1, reference block 6/15, shape 1/2, index chunk 4/4.
Building reference seed array...  [23.875s]
Building query seed array...  [10.081s]
Computing hash join...  [6.162s]
Masking low complexity seeds...  [0.568s]
Searching alignments...  [39.811s]
Processing query block 1, reference block 6/15, shape 2/2, index chunk 1/4.
Building reference seed array...  [23.941s]
Building query seed array...  [9.319s]
Computing hash join...  [5.821s]
Masking low complexity seeds...  [0.553s]
Searching alignments...  [38.565s]
Processing query block 1, reference block 6/15, shape 2/2, index chunk 2/4.
Building reference seed array...  [30.583s]
Building query seed array...  [10.654s]
Computing hash join...  [5.933s]
Masking low complexity seeds...  [0.555s]
Searching alignments...  [34.187s]
Processing query block 1, reference block 6/15, shape 2/2, index chunk 3/4.
Building reference seed array...  [33.227s]
Building query seed array...  [10.962s]
Computing hash join...  [5.819s]
Masking low complexity seeds...  [0.386s]
Searching alignments...  [34.301s]
Processing query block 1, reference block 6/15, shape 2/2, index chunk 4/4.
Building reference seed array...  [23.672s]
Building query seed array...  [9.269s]
Computing hash join...  [5.876s]
Masking low complexity seeds...  [0.489s]
Searching alignments...  [31.644s]
Deallocating buffers...  [0.012s]
Clearing query masking...  [0.391s]
Opening temporary output file...  [0s]
Computing alignments...  [749.119s]
Deallocating reference...  [0.009s]
Loading reference sequences...  [39.282s]
Masking reference...  [89.452s]
Initializing dictionary...  [0.004s]
Initializing temporary storage...  [0.008s]
Building reference histograms...  [84.989s]
Allocating buffers...  [0s]
Processing query block 1, reference block 7/15, shape 1/2, index chunk 1/4.
Building reference seed array...  [24.794s]
Building query seed array...  [9.987s]
Computing hash join...  [6.054s]
Masking low complexity seeds...  [0.374s]
Searching alignments...  [54.942s]
Processing query block 1, reference block 7/15, shape 1/2, index chunk 2/4.
Building reference seed array...  [30.705s]
Building query seed array...  [11.624s]
Computing hash join...  [6.045s]
Masking low complexity seeds...  [0.38s]
Searching alignments...  [45.869s]
Processing query block 1, reference block 7/15, shape 1/2, index chunk 3/4.
Building reference seed array...  [33.566s]
Building query seed array...  [11.974s]
Computing hash join...  [6.055s]
Masking low complexity seeds...  [0.38s]
Searching alignments...  [43.349s]
Processing query block 1, reference block 7/15, shape 1/2, index chunk 4/4.
Building reference seed array...  [23.896s]
Building query seed array...  [10.053s]
Computing hash join...  [6.106s]
Masking low complexity seeds...  [0.568s]
Searching alignments...  [41.508s]
Processing query block 1, reference block 7/15, shape 2/2, index chunk 1/4.
Building reference seed array...  [24.12s]
Building query seed array...  [9.312s]
Computing hash join...  [5.889s]
Masking low complexity seeds...  [0.555s]
Searching alignments...  [38.304s]
Processing query block 1, reference block 7/15, shape 2/2, index chunk 2/4.
Building reference seed array...  [30.587s]
Building query seed array...  [10.679s]
Computing hash join...  [5.779s]
Masking low complexity seeds...  [0.476s]
Searching alignments...  [34.569s]
Processing query block 1, reference block 7/15, shape 2/2, index chunk 3/4.
Building reference seed array...  [33.377s]
Building query seed array...  [10.935s]
Computing hash join...  [5.823s]
Masking low complexity seeds...  [0.556s]
Searching alignments...  [33.546s]
Processing query block 1, reference block 7/15, shape 2/2, index chunk 4/4.
Building reference seed array...  [23.451s]
Building query seed array...  [9.189s]
Computing hash join...  [5.746s]
Masking low complexity seeds...  [0.371s]
Searching alignments...  [30.741s]
Deallocating buffers...  [0.012s]
Clearing query masking...  [0.385s]
Opening temporary output file...  [0s]
Computing alignments...  [750.964s]
Deallocating reference...  [0.01s]
Loading reference sequences...  [47.014s]
Masking reference...  [88.763s]
Initializing dictionary...  [0.004s]
Initializing temporary storage...  [0.008s]
Building reference histograms...  [85.21s]
Allocating buffers...  [0s]
Processing query block 1, reference block 8/15, shape 1/2, index chunk 1/4.
Building reference seed array...  [24.794s]
Building query seed array...  [10.052s]
Computing hash join...  [6.046s]
Masking low complexity seeds...  [0.385s]
Searching alignments...  [56.196s]
Processing query block 1, reference block 8/15, shape 1/2, index chunk 2/4.
Building reference seed array...  [30.892s]
Building query seed array...  [11.682s]
Computing hash join...  [6.04s]
Masking low complexity seeds...  [0.448s]
Searching alignments...  [45.778s]
Processing query block 1, reference block 8/15, shape 1/2, index chunk 3/4.
Building reference seed array...  [33.565s]
Building query seed array...  [12.008s]
Computing hash join...  [6.05s]
Masking low complexity seeds...  [0.379s]
Searching alignments...  [43.24s]
Processing query block 1, reference block 8/15, shape 1/2, index chunk 4/4.
Building reference seed array...  [23.89s]
Building query seed array...  [10.31s]
Computing hash join...  [6.127s]
Masking low complexity seeds...  [0.411s]
Searching alignments...  [39.412s]
Processing query block 1, reference block 8/15, shape 2/2, index chunk 1/4.
Building reference seed array...  [23.786s]
Building query seed array...  [9.242s]
Computing hash join...  [5.847s]
Masking low complexity seeds...  [0.37s]
Searching alignments...  [35.702s]
Processing query block 1, reference block 8/15, shape 2/2, index chunk 2/4.
Building reference seed array...  [30.426s]
Building query seed array...  [10.587s]
Computing hash join...  [5.841s]
Masking low complexity seeds...  [0.37s]
Searching alignments...  [33.399s]
Processing query block 1, reference block 8/15, shape 2/2, index chunk 3/4.
Building reference seed array...  [33.342s]
Building query seed array...  [10.952s]
Computing hash join...  [5.854s]
Masking low complexity seeds...  [0.368s]
Searching alignments...  [32.394s]
Processing query block 1, reference block 8/15, shape 2/2, index chunk 4/4.
Building reference seed array...  [23.505s]
Building query seed array...  [9.225s]
Computing hash join...  [6.826s]
Masking low complexity seeds...  [0.365s]
Searching alignments...  [32.202s]
Deallocating buffers...  [0.012s]
Clearing query masking...  [0.346s]
Opening temporary output file...  [0.001s]
Computing alignments...  [743.614s]
Deallocating reference...  [0.01s]
Loading reference sequences...  [40.024s]
Masking reference...  [88.898s]
Initializing dictionary...  [0.004s]
Initializing temporary storage...  [0.008s]
Building reference histograms...  [85.216s]
Allocating buffers...  [0s]
Processing query block 1, reference block 9/15, shape 1/2, index chunk 1/4.
Building reference seed array...  [24.776s]
Building query seed array...  [10.293s]
Computing hash join...  [6.031s]
Masking low complexity seeds...  [0.373s]
Searching alignments...  [54.73s]
Processing query block 1, reference block 9/15, shape 1/2, index chunk 2/4.
Building reference seed array...  [30.728s]
Building query seed array...  [11.613s]
Computing hash join...  [6.015s]
Masking low complexity seeds...  [0.378s]
Searching alignments...  [45.75s]
Processing query block 1, reference block 9/15, shape 1/2, index chunk 3/4.
Building reference seed array...  [33.553s]
Building query seed array...  [11.978s]
Computing hash join...  [6.023s]
Masking low complexity seeds...  [0.378s]
Searching alignments...  [43.097s]
Processing query block 1, reference block 9/15, shape 1/2, index chunk 4/4.
Building reference seed array...  [23.876s]
Building query seed array...  [10.062s]
Computing hash join...  [6.08s]
Masking low complexity seeds...  [0.565s]
Searching alignments...  [39.991s]
Processing query block 1, reference block 9/15, shape 2/2, index chunk 1/4.
Building reference seed array...  [23.731s]
Building query seed array...  [9.247s]
Computing hash join...  [5.705s]
Masking low complexity seeds...  [0.368s]
Searching alignments...  [38.692s]
Processing query block 1, reference block 9/15, shape 2/2, index chunk 2/4.
Building reference seed array...  [30.593s]
Building query seed array...  [10.665s]
Computing hash join...  [5.858s]
Masking low complexity seeds...  [0.551s]
Searching alignments...  [34.719s]
Processing query block 1, reference block 9/15, shape 2/2, index chunk 3/4.
Building reference seed array...  [33.373s]
Building query seed array...  [10.94s]
Computing hash join...  [5.712s]
Masking low complexity seeds...  [0.367s]
Searching alignments...  [32.278s]
Processing query block 1, reference block 9/15, shape 2/2, index chunk 4/4.
Building reference seed array...  [23.493s]
Building query seed array...  [9.194s]
Computing hash join...  [5.682s]
Masking low complexity seeds...  [0.366s]
Searching alignments...  [32.2s]
Deallocating buffers...  [0.012s]
Clearing query masking...  [0.347s]
Opening temporary output file...  [0.017s]
Computing alignments...  [749.518s]
Deallocating reference...  [0.01s]
Loading reference sequences...  [39.843s]
Masking reference...  [89.274s]
Initializing dictionary...  [0.004s]
Initializing temporary storage...  [0.008s]
Building reference histograms...  [84.918s]
Allocating buffers...  [0s]
Processing query block 1, reference block 10/15, shape 1/2, index chunk 1/4.
Building reference seed array...  [24.817s]
Building query seed array...  [10.168s]
Computing hash join...  [6.057s]
Masking low complexity seeds...  [0.514s]
Searching alignments...  [55.216s]
Processing query block 1, reference block 10/15, shape 1/2, index chunk 2/4.
Building reference seed array...  [30.726s]
Building query seed array...  [11.618s]
Computing hash join...  [5.996s]
Masking low complexity seeds...  [0.378s]
Searching alignments...  [47.69s]
Processing query block 1, reference block 10/15, shape 1/2, index chunk 3/4.
Building reference seed array...  [33.719s]
Building query seed array...  [12.088s]
Computing hash join...  [6.04s]
Masking low complexity seeds...  [0.564s]
Searching alignments...  [42.533s]
Processing query block 1, reference block 10/15, shape 1/2, index chunk 4/4.
Building reference seed array...  [23.757s]
Building query seed array...  [9.95s]
Computing hash join...  [6.008s]
Masking low complexity seeds...  [0.377s]
Searching alignments...  [41.644s]
Processing query block 1, reference block 10/15, shape 2/2, index chunk 1/4.
Building reference seed array...  [23.825s]
Building query seed array...  [9.275s]
Computing hash join...  [5.702s]
Masking low complexity seeds...  [0.367s]
Searching alignments...  [36.303s]
Processing query block 1, reference block 10/15, shape 2/2, index chunk 2/4.
Building reference seed array...  [30.457s]
Building query seed array...  [10.599s]
Computing hash join...  [5.711s]
Masking low complexity seeds...  [0.368s]
Searching alignments...  [33.311s]
Processing query block 1, reference block 10/15, shape 2/2, index chunk 3/4.
Building reference seed array...  [33.237s]
Building query seed array...  [10.881s]
Computing hash join...  [5.713s]
Masking low complexity seeds...  [0.367s]
Searching alignments...  [32.336s]
Processing query block 1, reference block 10/15, shape 2/2, index chunk 4/4.
Building reference seed array...  [23.499s]
Building query seed array...  [9.196s]
Computing hash join...  [5.692s]
Masking low complexity seeds...  [0.366s]
Searching alignments...  [30.58s]
Deallocating buffers...  [0.012s]
Clearing query masking...  [0.405s]
Opening temporary output file...  [0.001s]
Computing alignments...  [745.704s]
Deallocating reference...  [0.01s]
Loading reference sequences...  [40.623s]
Masking reference...  [89.241s]
Initializing dictionary...  [0.004s]
Initializing temporary storage...  [0.008s]
Building reference histograms...  [84.954s]
Allocating buffers...  [0s]
Processing query block 1, reference block 11/15, shape 1/2, index chunk 1/4.
Building reference seed array...  [24.791s]
Building query seed array...  [10.552s]
Computing hash join...  [6.333s]
Masking low complexity seeds...  [0.442s]
Searching alignments...  [54.716s]
Processing query block 1, reference block 11/15, shape 1/2, index chunk 2/4.
Building reference seed array...  [30.7s]
Building query seed array...  [11.61s]
Computing hash join...  [5.973s]
Masking low complexity seeds...  [0.381s]
Searching alignments...  [45.809s]
Processing query block 1, reference block 11/15, shape 1/2, index chunk 3/4.
Building reference seed array...  [33.647s]
Building query seed array...  [11.985s]
Computing hash join...  [5.985s]
Masking low complexity seeds...  [0.379s]
Searching alignments...  [41.314s]
Processing query block 1, reference block 11/15, shape 1/2, index chunk 4/4.
Building reference seed array...  [23.691s]
Building query seed array...  [9.941s]
Computing hash join...  [5.986s]
Masking low complexity seeds...  [0.38s]
Searching alignments...  [38.765s]
Processing query block 1, reference block 11/15, shape 2/2, index chunk 1/4.
Building reference seed array...  [23.742s]
Building query seed array...  [9.251s]
Computing hash join...  [5.742s]
Masking low complexity seeds...  [0.368s]
Searching alignments...  [35.645s]
Processing query block 1, reference block 11/15, shape 2/2, index chunk 2/4.
Building reference seed array...  [30.377s]
Building query seed array...  [10.6s]
Computing hash join...  [5.734s]
Masking low complexity seeds...  [0.37s]
Searching alignments...  [34.331s]
Processing query block 1, reference block 11/15, shape 2/2, index chunk 3/4.
Building reference seed array...  [33.426s]
Building query seed array...  [10.928s]
Computing hash join...  [5.845s]
Masking low complexity seeds...  [0.437s]
Searching alignments...  [32.396s]
Processing query block 1, reference block 11/15, shape 2/2, index chunk 4/4.
Building reference seed array...  [23.473s]
Building query seed array...  [9.187s]
Computing hash join...  [5.708s]
Masking low complexity seeds...  [0.369s]
Searching alignments...  [31s]
Deallocating buffers...  [0.012s]
Clearing query masking...  [0.388s]
Opening temporary output file...  [0.021s]
Computing alignments...  [746.283s]
Deallocating reference...  [0.008s]
Loading reference sequences...  [41.025s]
Masking reference...  [89.307s]
Initializing dictionary...  [0.002s]
Initializing temporary storage...  [0.009s]
Building reference histograms...  [85.308s]
Allocating buffers...  [0s]
Processing query block 1, reference block 12/15, shape 1/2, index chunk 1/4.
Building reference seed array...  [24.839s]
Building query seed array...  [10.039s]
Computing hash join...  [6.115s]
Masking low complexity seeds...  [0.382s]
Searching alignments...  [54.911s]
Processing query block 1, reference block 12/15, shape 1/2, index chunk 2/4.
Building reference seed array...  [30.702s]
Building query seed array...  [11.664s]
Computing hash join...  [6.093s]
Masking low complexity seeds...  [0.38s]
Searching alignments...  [45.868s]
Processing query block 1, reference block 12/15, shape 1/2, index chunk 3/4.
Building reference seed array...  [33.581s]
Building query seed array...  [11.993s]
Computing hash join...  [6.099s]
Masking low complexity seeds...  [0.38s]
Searching alignments...  [41.503s]
Processing query block 1, reference block 12/15, shape 1/2, index chunk 4/4.
Building reference seed array...  [23.697s]
Building query seed array...  [9.941s]
Computing hash join...  [6.133s]
Masking low complexity seeds...  [0.379s]
Searching alignments...  [38.937s]
Processing query block 1, reference block 12/15, shape 2/2, index chunk 1/4.
Building reference seed array...  [23.732s]
Building query seed array...  [9.276s]
Computing hash join...  [5.805s]
Masking low complexity seeds...  [0.37s]
Searching alignments...  [35.834s]
Processing query block 1, reference block 12/15, shape 2/2, index chunk 2/4.
Building reference seed array...  [30.424s]
Building query seed array...  [10.595s]
Computing hash join...  [5.819s]
Masking low complexity seeds...  [0.37s]
Searching alignments...  [32.733s]
Processing query block 1, reference block 12/15, shape 2/2, index chunk 3/4.
Building reference seed array...  [33.193s]
Building query seed array...  [10.882s]
Computing hash join...  [5.959s]
Masking low complexity seeds...  [0.371s]
Searching alignments...  [32.355s]
Processing query block 1, reference block 12/15, shape 2/2, index chunk 4/4.
Building reference seed array...  [23.51s]
Building query seed array...  [9.206s]
Computing hash join...  [5.796s]
Masking low complexity seeds...  [0.367s]
Searching alignments...  [30.723s]
Deallocating buffers...  [0.012s]
Clearing query masking...  [0.386s]
Opening temporary output file...  [0.002s]
Computing alignments...  [746.701s]
Deallocating reference...  [0.008s]
Loading reference sequences...  [39.728s]
Masking reference...  [89.118s]
Initializing dictionary...  [0.004s]
Initializing temporary storage... No such file or directory
 [0.018s]
Error: Error opening temporary file /vortexfs1/omics/env-bio/collaboration/jahala/data/raw_data/metagenome/sra/megahit_assembly2/humman_out_reseeded_24.bin.11_FASTQ/reseeded_24.bin.11.bam_humann_temp/tmp5lo_jghi/diamond-tmp-e9NOut

