Downloading taxdump.tar.gz

     0K .                                                      50.0K=0.04s2021-12-01 22:03:11 URL: ftp://ftp.ncbi.nlm.nih.gov/pub/taxonomy/taxdump.tar.gz [1800] -> ".listing" [1]

     0K .......... .......... .......... .......... ..........  0%  901K 61s
    50K .......... .......... .......... .......... ..........  0% 1.26M 52s
   100K .......... .......... .......... .......... ..........  0%  196M 35s
   150K .......... .......... .......... .......... ..........  0%  291M 26s
   200K .......... .......... .......... .......... ..........  0% 1.10M 31s
   250K .......... .......... .......... .......... ..........  0%  286M 26s
   300K .......... .......... .......... .......... ..........  0% 1.52M 27s
   350K .......... .......... .......... .......... ..........  0%  241M 24s
   400K .......... .......... .......... .......... ..........  0%  257M 21s
   450K .......... .......... .......... .......... ..........  0%  267M 19s
   500K .......... .......... .......... .......... ..........  0%  215M 17s
   550K .......... .......... .......... .......... ..........  1%  291M 16s
   600K .......... .......... .......... .......... ..........  1%  293M 15s
   650K .......... .......... .......... .......... ..........  1% 3.24M 15s
   700K .......... .......... .......... .......... ..........  1%  236M 14s
   750K .......... .......... .......... .......... ..........  1%  227M 13s
   800K .......... .......... .......... .......... ..........  1%  269M 12s
   850K .......... .......... .......... .......... ..........  1%  286M 11s
   900K .......... .......... .......... .......... ..........  1%  287M 11s
   950K .......... .......... .......... .......... ..........  1%  254M 10s
  1000K .......... .......... .......... .......... ..........  1%  289M 10s
  1050K .......... .......... .......... .......... ..........  1%  291M 9s
  1100K .......... .......... .......... .......... ..........  2%  283M 9s
  1150K .......... .......... .......... .......... ..........  2%  254M 9s
  1200K .......... .......... .......... .......... ..........  2%  289M 8s
  1250K .......... .......... .......... .......... ..........  2% 3.45M 8s
  1300K .......... .......... .......... .......... ..........  2%  215M 8s
  1350K .......... .......... .......... .......... ..........  2%  214M 8s
  1400K .......... .......... .......... .......... ..........  2%  284M 8s
  1450K .......... .......... .......... .......... ..........  2%  249M 7s
  1500K .......... .......... .......... .......... ..........  2%  285M 7s
  1550K .......... .......... .......... .......... ..........  2%  285M 7s
  1600K .......... .......... .......... .......... ..........  2%  283M 7s
  1650K .......... .......... .......... .......... ..........  3%  233M 6s
  1700K .......... .......... .......... .......... ..........  3%  273M 6s
  1750K .......... .......... .......... .......... ..........  3%  282M 6s
  1800K .......... .......... .......... .......... ..........  3%  286M 6s
  1850K .......... .......... .......... .......... ..........  3%  249M 6s
  1900K .......... .......... .......... .......... ..........  3%  281M 6s
  1950K .......... .......... .......... .......... ..........  3%  280M 6s
  2000K .......... .......... .......... .......... ..........  3%  284M 5s
  2050K .......... .......... .......... .......... ..........  3%  128M 5s
  2100K .......... .......... .......... .......... ..........  3%  294M 5s
  2150K .......... .......... .......... .......... ..........  3%  284M 5s
  2200K .......... .......... .......... .......... ..........  4%  295M 5s
  2250K .......... .......... .......... .......... ..........  4% 1.36M 6s
  2300K .......... .......... .......... .......... ..........  4%  266M 5s
  2350K .......... .......... .......... .......... ..........  4%  278M 5s
  2400K .......... .......... .......... .......... ..........  4%  296M 5s
  2450K .......... .......... .......... .......... ..........  4% 48.2M 5s
  2500K .......... .......... .......... .......... ..........  4%  268M 5s
  2550K .......... .......... .......... .......... ..........  4%  261M 5s
  2600K .......... .......... .......... .......... ..........  4%  271M 5s
  2650K .......... .......... .......... .......... ..........  4%  260M 5s
  2700K .......... .......... .......... .......... ..........  4%  297M 5s
  2750K .......... .......... .......... .......... ..........  5%  297M 5s
  2800K .......... .......... .......... .......... ..........  5%  301M 5s
  2850K .......... .......... .......... .......... ..........  5%  256M 4s
  2900K .......... .......... .......... .......... ..........  5%  283M 4s
  2950K .......... .......... .......... .......... ..........  5%  308M 4s
  3000K .......... .......... .......... .......... ..........  5%  305M 4s
  3050K .......... .......... .......... .......... ..........  5%  269M 4s
  3100K .......... .......... .......... .......... ..........  5%  302M 4s
  3150K .......... .......... .......... .......... ..........  5%  297M 4s
  3200K .......... .......... .......... .......... ..........  5%  304M 4s
  3250K .......... .......... .......... .......... ..........  5%  252M 4s
  3300K .......... .......... .......... .......... ..........  6%  293M 4s
  3350K .......... .......... .......... .......... ..........  6%  294M 4s
  3400K .......... .......... .......... .......... ..........  6%  302M 4s
  3450K .......... .......... .......... .......... ..........  6%  252M 4s
  3500K .......... .......... .......... .......... ..........  6%  287M 4s
  3550K .......... .......... .......... .......... ..........  6%  294M 4s
  3600K .......... .......... .......... .......... ..........  6%  298M 4s
  3650K .......... .......... .......... .......... ..........  6%  266M 3s
  3700K .......... .......... .......... .......... ..........  6%  294M 3s
  3750K .......... .......... .......... .......... ..........  6%  308M 3s
  3800K .......... .......... .......... .......... ..........  6%  301M 3s
  3850K .......... .......... .......... .......... ..........  7%  265M 3s
  3900K .......... .......... .......... .......... ..........  7%  301M 3s
  3950K .......... .......... .......... .......... ..........  7%  304M 3s
  4000K .......... .......... .......... .......... ..........  7%  299M 3s
  4050K .......... .......... .......... .......... ..........  7%  146M 3s
  4100K .......... .......... .......... .......... ..........  7%  293M 3s
  4150K .......... .......... .......... .......... ..........  7%  297M 3s
  4200K .......... .......... .......... .......... ..........  7%  298M 3s
  4250K .......... .......... .......... .......... ..........  7%  254M 3s
  4300K .......... .......... .......... .......... ..........  7%  300M 3s
  4350K .......... .......... .......... .......... ..........  7%  295M 3s
  4400K .......... .......... .......... .......... ..........  8%  297M 3s
  4450K .......... .......... .......... .......... ..........  8%  257M 3s
  4500K .......... .......... .......... .......... ..........  8%  297M 3s
  4550K .......... .......... .......... .......... ..........  8%  290M 3s
  4600K .......... .......... .......... .......... ..........  8%  277M 3s
  4650K .......... .......... .......... .......... ..........  8%  267M 3s
  4700K .......... .......... .......... .......... ..........  8%  304M 3s
  4750K .......... .......... .......... .......... ..........  8%  300M 3s
  4800K .......... .......... .......... .......... ..........  8%  296M 3s
  4850K .......... .......... .......... .......... ..........  8%  234M 3s
  4900K .......... .......... .......... .......... ..........  8%  287M 3s
  4950K .......... .......... .......... .......... ..........  9%  282M 3s
  5000K .......... .......... .......... .......... ..........  9%  288M 3s
  5050K .......... .......... .......... .......... ..........  9%  252M 3s
  5100K .......... .......... .......... .......... ..........  9%  283M 2s
  5150K .......... .......... .......... .......... ..........  9%  280M 2s
  5200K .......... .......... .......... .......... ..........  9%  280M 2s
  5250K .......... .......... .......... .......... ..........  9% 9.26M 2s
  5300K .......... .......... .......... .......... ..........  9%  235M 2s
  5350K .......... .......... .......... .......... ..........  9%  238M 2s
  5400K .......... .......... .......... .......... ..........  9%  215M 2s
  5450K .......... .......... .......... .......... ..........  9%  276M 2s
  5500K .......... .......... .......... .......... .......... 10%  281M 2s
  5550K .......... .......... .......... .......... .......... 10%  285M 2s
  5600K .......... .......... .......... .......... .......... 10%  246M 2s
  5650K .......... .......... .......... .......... .......... 10%  259M 2s
  5700K .......... .......... .......... .......... .......... 10%  289M 2s
  5750K .......... .......... .......... .......... .......... 10%  289M 2s
  5800K .......... .......... .......... .......... .......... 10%  252M 2s
  5850K .......... .......... .......... .......... .......... 10%  290M 2s
  5900K .......... .......... .......... .......... .......... 10%  277M 2s
  5950K .......... .......... .......... .......... .......... 10%  288M 2s
  6000K .......... .......... .......... .......... .......... 10%  253M 2s
  6050K .......... .......... .......... .......... .......... 11%  288M 2s
  6100K .......... .......... .......... .......... .......... 11% 68.7M 2s
  6150K .......... .......... .......... .......... .......... 11% 25.5M 2s
  6200K .......... .......... .......... .......... .......... 11%  237M 2s
  6250K .......... .......... .......... .......... .......... 11%  219M 2s
  6300K .......... .......... .......... .......... .......... 11%  195M 2s
  6350K .......... .......... .......... .......... .......... 11%  281M 2s
  6400K .......... .......... .......... .......... .......... 11%  301M 2s
  6450K .......... .......... .......... .......... .......... 11%  304M 2s
  6500K .......... .......... .......... .......... .......... 11%  264M 2s
  6550K .......... .......... .......... .......... .......... 11%  304M 2s
  6600K .......... .......... .......... .......... .......... 11%  270M 2s
  6650K .......... .......... .......... .......... .......... 12%  286M 2s
  6700K .......... .......... .......... .......... .......... 12%  255M 2s
  6750K .......... .......... .......... .......... .......... 12%  294M 2s
  6800K .......... .......... .......... .......... .......... 12%  295M 2s
  6850K .......... .......... .......... .......... .......... 12%  294M 2s
  6900K .......... .......... .......... .......... .......... 12%  254M 2s
  6950K .......... .......... .......... .......... .......... 12%  277M 2s
  7000K .......... .......... .......... .......... .......... 12%  303M 2s
  7050K .......... .......... .......... .......... .......... 12% 6.42M 2s
  7100K .......... .......... .......... .......... .......... 12%  204M 2s
  7150K .......... .......... .......... .......... .......... 12%  238M 2s
  7200K .......... .......... .......... .......... .......... 13%  277M 2s
  7250K .......... .......... .......... .......... .......... 13%  242M 2s
  7300K .......... .......... .......... .......... .......... 13%  276M 2s
  7350K .......... .......... .......... .......... .......... 13%  272M 2s
  7400K .......... .......... .......... .......... .......... 13%  271M 2s
  7450K .......... .......... .......... .......... .......... 13%  239M 2s
  7500K .......... .......... .......... .......... .......... 13%  286M 2s
  7550K .......... .......... .......... .......... .......... 13%  285M 2s
  7600K .......... .......... .......... .......... .......... 13%  287M 2s
  7650K .......... .......... .......... .......... .......... 13%  243M 2s
  7700K .......... .......... .......... .......... .......... 13%  273M 2s
  7750K .......... .......... .......... .......... .......... 14%  276M 2s
  7800K .......... .......... .......... .......... .......... 14%  287M 2s
  7850K .......... .......... .......... .......... .......... 14%  251M 2s
  7900K .......... .......... .......... .......... .......... 14%  281M 2s
  7950K .......... .......... .......... .......... .......... 14%  286M 2s
  8000K .......... .......... .......... .......... .......... 14%  288M 2s
  8050K .......... .......... .......... .......... .......... 14%  249M 2s
  8100K .......... .......... .......... .......... .......... 14%  287M 2s
  8150K .......... .......... .......... .......... .......... 14%  154M 2s
  8200K .......... .......... .......... .......... .......... 14%  294M 2s
  8250K .......... .......... .......... .......... .......... 14%  258M 2s
  8300K .......... .......... .......... .......... .......... 15%  293M 2s
  8350K .......... .......... .......... .......... .......... 15%  292M 2s
  8400K .......... .......... .......... .......... .......... 15%  295M 2s
  8450K .......... .......... .......... .......... .......... 15%  243M 2s
  8500K .......... .......... .......... .......... .......... 15%  276M 2s
  8550K .......... .......... .......... .......... .......... 15%  274M 2s
  8600K .......... .......... .......... .......... .......... 15%  283M 2s
  8650K .......... .......... .......... .......... .......... 15%  244M 2s
  8700K .......... .......... .......... .......... .......... 15%  283M 2s
  8750K .......... .......... .......... .......... .......... 15%  292M 1s
  8800K .......... .......... .......... .......... .......... 15%  289M 1s
  8850K .......... .......... .......... .......... .......... 16%  247M 1s
  8900K .......... .......... .......... .......... .......... 16%  288M 1s
  8950K .......... .......... .......... .......... .......... 16%  292M 1s
  9000K .......... .......... .......... .......... .......... 16%  274M 1s
  9050K .......... .......... .......... .......... .......... 16%  193M 1s
  9100K .......... .......... .......... .......... .......... 16%  247M 1s
  9150K .......... .......... .......... .......... .......... 16%  287M 1s
  9200K .......... .......... .......... .......... .......... 16%  285M 1s
  9250K .......... .......... .......... .......... .......... 16%  238M 1s
  9300K .......... .......... .......... .......... .......... 16%  290M 1s
  9350K .......... .......... .......... .......... .......... 16%  284M 1s
  9400K .......... .......... .......... .......... .......... 17%  282M 1s
  9450K .......... .......... .......... .......... .......... 17%  247M 1s
  9500K .......... .......... .......... .......... .......... 17%  281M 1s
  9550K .......... .......... .......... .......... .......... 17%  279M 1s
  9600K .......... .......... .......... .......... .......... 17%  271M 1s
  9650K .......... .......... .......... .......... .......... 17%  250M 1s
  9700K .......... .......... .......... .......... .......... 17% 7.50M 1s
  9750K .......... .......... .......... .......... .......... 17%  216M 1s
  9800K .......... .......... .......... .......... .......... 17%  229M 1s
  9850K .......... .......... .......... .......... .......... 17%  281M 1s
  9900K .......... .......... .......... .......... .......... 17%  275M 1s
  9950K .......... .......... .......... .......... .......... 18%  285M 1s
 10000K .......... .......... .......... .......... .......... 18%  244M 1s
 10050K .......... .......... .......... .......... .......... 18%  284M 1s
 10100K .......... .......... .......... .......... .......... 18%  279M 1s
 10150K .......... .......... .......... .......... .......... 18%  270M 1s
 10200K .......... .......... .......... .......... .......... 18%  134M 1s
 10250K .......... .......... .......... .......... .......... 18%  291M 1s
 10300K .......... .......... .......... .......... .......... 18%  283M 1s
 10350K .......... .......... .......... .......... .......... 18%  277M 1s
 10400K .......... .......... .......... .......... .......... 18%  248M 1s
 10450K .......... .......... .......... .......... .......... 18%  287M 1s
 10500K .......... .......... .......... .......... .......... 19%  286M 1s
 10550K .......... .......... .......... .......... .......... 19%  285M 1s
 10600K .......... .......... .......... .......... .......... 19%  251M 1s
 10650K .......... .......... .......... .......... .......... 19%  288M 1s
 10700K .......... .......... .......... .......... .......... 19%  286M 1s
 10750K .......... .......... .......... .......... .......... 19%  283M 1s
 10800K .......... .......... .......... .......... .......... 19%  250M 1s
 10850K .......... .......... .......... .......... .......... 19%  285M 1s
 10900K .......... .......... .......... .......... .......... 19%  286M 1s
 10950K .......... .......... .......... .......... .......... 19%  286M 1s
 11000K .......... .......... .......... .......... .......... 19%  250M 1s
 11050K .......... .......... .......... .......... .......... 20%  283M 1s
 11100K .......... .......... .......... .......... .......... 20%  123M 1s
 11150K .......... .......... .......... .......... .......... 20%  247M 1s
 11200K .......... .......... .......... .......... .......... 20%  275M 1s
 11250K .......... .......... .......... .......... .......... 20%  238M 1s
 11300K .......... .......... .......... .......... .......... 20%  276M 1s
 11350K .......... .......... .......... .......... .......... 20%  281M 1s
 11400K .......... .......... .......... .......... .......... 20%  278M 1s
 11450K .......... .......... .......... .......... .......... 20%  241M 1s
 11500K .......... .......... .......... .......... .......... 20%  283M 1s
 11550K .......... .......... .......... .......... .......... 20%  275M 1s
 11600K .......... .......... .......... .......... .......... 21%  278M 1s
 11650K .......... .......... .......... .......... .......... 21%  245M 1s
 11700K .......... .......... .......... .......... .......... 21%  288M 1s
 11750K .......... .......... .......... .......... .......... 21%  289M 1s
 11800K .......... .......... .......... .......... .......... 21%  284M 1s
 11850K .......... .......... .......... .......... .......... 21%  239M 1s
 11900K .......... .......... .......... .......... .......... 21%  296M 1s
 11950K .......... .......... .......... .......... .......... 21%  294M 1s
 12000K .......... .......... .......... .......... .......... 21%  294M 1s
 12050K .......... .......... .......... .......... .......... 21%  257M 1s
 12100K .......... .......... .......... .......... .......... 21%  291M 1s
 12150K .......... .......... .......... .......... .......... 22%  298M 1s
 12200K .......... .......... .......... .......... .......... 22%  294M 1s
 12250K .......... .......... .......... .......... .......... 22% 6.98M 1s
 12300K .......... .......... .......... .......... .......... 22%  226M 1s
 12350K .......... .......... .......... .......... .......... 22%  242M 1s
 12400K .......... .......... .......... .......... .......... 22%  231M 1s
 12450K .......... .......... .......... .......... .......... 22%  248M 1s
 12500K .......... .......... .......... .......... .......... 22%  297M 1s
 12550K .......... .......... .......... .......... .......... 22%  299M 1s
 12600K .......... .......... .......... .......... .......... 22%  297M 1s
 12650K .......... .......... .......... .......... .......... 22%  243M 1s
 12700K .......... .......... .......... .......... .......... 23%  281M 1s
 12750K .......... .......... .......... .......... .......... 23%  289M 1s
 12800K .......... .......... .......... .......... .......... 23%  297M 1s
 12850K .......... .......... .......... .......... .......... 23%  254M 1s
 12900K .......... .......... .......... .......... .......... 23%  282M 1s
 12950K .......... .......... .......... .......... .......... 23%  288M 1s
 13000K .......... .......... .......... .......... .......... 23%  290M 1s
 13050K .......... .......... .......... .......... .......... 23%  257M 1s
 13100K .......... .......... .......... .......... .......... 23%  290M 1s
 13150K .......... .......... .......... .......... .......... 23%  274M 1s
 13200K .......... .......... .......... .......... .......... 23%  300M 1s
 13250K .......... .......... .......... .......... .......... 23%  258M 1s
 13300K .......... .......... .......... .......... .......... 24%  301M 1s
 13350K .......... .......... .......... .......... .......... 24%  300M 1s
 13400K .......... .......... .......... .......... .......... 24%  299M 1s
 13450K .......... .......... .......... .......... .......... 24%  261M 1s
 13500K .......... .......... .......... .......... .......... 24%  300M 1s
 13550K .......... .......... .......... .......... .......... 24%  295M 1s
 13600K .......... .......... .......... .......... .......... 24%  299M 1s
 13650K .......... .......... .......... .......... .......... 24% 90.3M 1s
 13700K .......... .......... .......... .......... .......... 24%  211M 1s
 13750K .......... .......... .......... .......... .......... 24%  199M 1s
 13800K .......... .......... .......... .......... .......... 24%  254M 1s
 13850K .......... .......... .......... .......... .......... 25%  240M 1s
 13900K .......... .......... .......... .......... .......... 25%  278M 1s
 13950K .......... .......... .......... .......... .......... 25%  286M 1s
 14000K .......... .......... .......... .......... .......... 25%  264M 1s
 14050K .......... .......... .......... .......... .......... 25%  239M 1s
 14100K .......... .......... .......... .......... .......... 25%  273M 1s
 14150K .......... .......... .......... .......... .......... 25%  280M 1s
 14200K .......... .......... .......... .......... .......... 25%  281M 1s
 14250K .......... .......... .......... .......... .......... 25%  245M 1s
 14300K .......... .......... .......... .......... .......... 25%  153M 1s
 14350K .......... .......... .......... .......... .......... 25%  300M 1s
 14400K .......... .......... .......... .......... .......... 26%  292M 1s
 14450K .......... .......... .......... .......... .......... 26%  258M 1s
 14500K .......... .......... .......... .......... .......... 26%  261M 1s
 14550K .......... .......... .......... .......... .......... 26%  290M 1s
 14600K .......... .......... .......... .......... .......... 26%  290M 1s
 14650K .......... .......... .......... .......... .......... 26%  250M 1s
 14700K .......... .......... .......... .......... .......... 26%  292M 1s
 14750K .......... .......... .......... .......... .......... 26%  290M 1s
 14800K .......... .......... .......... .......... .......... 26%  268M 1s
 14850K .......... .......... .......... .......... .......... 26% 7.75M 1s
 14900K .......... .......... .......... .......... .......... 26%  198M 1s
 14950K .......... .......... .......... .......... .......... 27%  224M 1s
 15000K .......... .......... .......... .......... .......... 27%  228M 1s
 15050K .......... .......... .......... .......... .......... 27%  290M 1s
 15100K .......... .......... .......... .......... .......... 27%  251M 1s
 15150K .......... .......... .......... .......... .......... 27%  285M 1s
 15200K .......... .......... .......... .......... .......... 27%  286M 1s
 15250K .......... .......... .......... .......... .......... 27%  283M 1s
 15300K .......... .......... .......... .......... .......... 27%  240M 1s
 15350K .......... .......... .......... .......... .......... 27%  273M 1s
 15400K .......... .......... .......... .......... .......... 27%  284M 1s
 15450K .......... .......... .......... .......... .......... 27%  284M 1s
 15500K .......... .......... .......... .......... .......... 28%  245M 1s
 15550K .......... .......... .......... .......... .......... 28%  274M 1s
 15600K .......... .......... .......... .......... .......... 28%  282M 1s
 15650K .......... .......... .......... .......... .......... 28%  287M 1s
 15700K .......... .......... .......... .......... .......... 28%  249M 1s
 15750K .......... .......... .......... .......... .......... 28%  284M 1s
 15800K .......... .......... .......... .......... .......... 28%  275M 1s
 15850K .......... .......... .......... .......... .......... 28%  284M 1s
 15900K .......... .......... .......... .......... .......... 28%  242M 1s
 15950K .......... .......... .......... .......... .......... 28%  294M 1s
 16000K .......... .......... .......... .......... .......... 28%  293M 1s
 16050K .......... .......... .......... .......... .......... 29%  291M 1s
 16100K .......... .......... .......... .......... .......... 29%  251M 1s
 16150K .......... .......... .......... .......... .......... 29%  260M 1s
 16200K .......... .......... .......... .......... .......... 29% 68.6M 1s
 16250K .......... .......... .......... .......... .......... 29%  215M 1s
 16300K .......... .......... .......... .......... .......... 29%  283M 1s
 16350K .......... .......... .......... .......... .......... 29%  146M 1s
 16400K .......... .......... .......... .......... .......... 29%  285M 1s
 16450K .......... .......... .......... .......... .......... 29%  247M 1s
 16500K .......... .......... .......... .......... .......... 29%  288M 1s
 16550K .......... .......... .......... .......... .......... 29%  293M 1s
 16600K .......... .......... .......... .......... .......... 30%  294M 1s
 16650K .......... .......... .......... .......... .......... 30%  258M 1s
 16700K .......... .......... .......... .......... .......... 30%  287M 1s
 16750K .......... .......... .......... .......... .......... 30%  285M 1s
 16800K .......... .......... .......... .......... .......... 30%  300M 1s
 16850K .......... .......... .......... .......... .......... 30%  261M 1s
 16900K .......... .......... .......... .......... .......... 30%  299M 1s
 16950K .......... .......... .......... .......... .......... 30%  300M 1s
 17000K .......... .......... .......... .......... .......... 30%  298M 1s
 17050K .......... .......... .......... .......... .......... 30%  256M 1s
 17100K .......... .......... .......... .......... .......... 30%  284M 1s
 17150K .......... .......... .......... .......... .......... 31%  305M 1s
 17200K .......... .......... .......... .......... .......... 31%  306M 1s
 17250K .......... .......... .......... .......... .......... 31%  267M 1s
 17300K .......... .......... .......... .......... .......... 31%  307M 1s
 17350K .......... .......... .......... .......... .......... 31%  299M 1s
 17400K .......... .......... .......... .......... .......... 31% 7.37M 1s
 17450K .......... .......... .......... .......... .......... 31%  233M 1s
 17500K .......... .......... .......... .......... .......... 31%  263M 1s
 17550K .......... .......... .......... .......... .......... 31%  277M 1s
 17600K .......... .......... .......... .......... .......... 31%  276M 1s
 17650K .......... .......... .......... .......... .......... 31%  245M 1s
 17700K .......... .......... .......... .......... .......... 32%  276M 1s
 17750K .......... .......... .......... .......... .......... 32%  282M 1s
 17800K .......... .......... .......... .......... .......... 32%  290M 1s
 17850K .......... .......... .......... .......... .......... 32%  248M 1s
 17900K .......... .......... .......... .......... .......... 32%  287M 1s
 17950K .......... .......... .......... .......... .......... 32%  290M 1s
 18000K .......... .......... .......... .......... .......... 32%  288M 1s
 18050K .......... .......... .......... .......... .......... 32%  245M 1s
 18100K .......... .......... .......... .......... .......... 32%  290M 1s
 18150K .......... .......... .......... .......... .......... 32%  276M 1s
 18200K .......... .......... .......... .......... .......... 32%  288M 1s
 18250K .......... .......... .......... .......... .......... 33%  250M 1s
 18300K .......... .......... .......... .......... .......... 33%  282M 1s
 18350K .......... .......... .......... .......... .......... 33%  286M 1s
 18400K .......... .......... .......... .......... .......... 33% 63.4M 1s
 18450K .......... .......... .......... .......... .......... 33%  251M 1s
 18500K .......... .......... .......... .......... .......... 33%  292M 1s
 18550K .......... .......... .......... .......... .......... 33%  292M 1s
 18600K .......... .......... .......... .......... .......... 33%  293M 1s
 18650K .......... .......... .......... .......... .......... 33%  255M 1s
 18700K .......... .......... .......... .......... .......... 33%  287M 1s
 18750K .......... .......... .......... .......... .......... 33%  277M 1s
 18800K .......... .......... .......... .......... .......... 34%  280M 1s
 18850K .......... .......... .......... .......... .......... 34%  243M 1s
 18900K .......... .......... .......... .......... .......... 34%  280M 1s
 18950K .......... .......... .......... .......... .......... 34%  291M 1s
 19000K .......... .......... .......... .......... .......... 34%  283M 1s
 19050K .......... .......... .......... .......... .......... 34%  244M 1s
 19100K .......... .......... .......... .......... .......... 34%  288M 1s
 19150K .......... .......... .......... .......... .......... 34%  288M 1s
 19200K .......... .......... .......... .......... .......... 34%  286M 1s
 19250K .......... .......... .......... .......... .......... 34%  248M 1s
 19300K .......... .......... .......... .......... .......... 34%  277M 1s
 19350K .......... .......... .......... .......... .......... 34%  288M 1s
 19400K .......... .......... .......... .......... .......... 35%  292M 1s
 19450K .......... .......... .......... .......... .......... 35%  255M 1s
 19500K .......... .......... .......... .......... .......... 35%  292M 1s
 19550K .......... .......... .......... .......... .......... 35%  286M 1s
 19600K .......... .......... .......... .......... .......... 35%  293M 1s
 19650K .......... .......... .......... .......... .......... 35%  253M 1s
 19700K .......... .......... .......... .......... .......... 35%  292M 1s
 19750K .......... .......... .......... .......... .......... 35%  290M 1s
 19800K .......... .......... .......... .......... .......... 35%  291M 1s
 19850K .......... .......... .......... .......... .......... 35%  253M 1s
 19900K .......... .......... .......... .......... .......... 35%  289M 1s
 19950K .......... .......... .......... .......... .......... 36% 7.25M 1s
 20000K .......... .......... .......... .......... .......... 36%  199M 1s
 20050K .......... .......... .......... .......... .......... 36%  232M 1s
 20100K .......... .......... .......... .......... .......... 36%  261M 1s
 20150K .......... .......... .......... .......... .......... 36%  244M 1s
 20200K .......... .......... .......... .......... .......... 36%  252M 1s
 20250K .......... .......... .......... .......... .......... 36%  277M 1s
 20300K .......... .......... .......... .......... .......... 36%  290M 1s
 20350K .......... .......... .......... .......... .......... 36%  250M 1s
 20400K .......... .......... .......... .......... .......... 36%  288M 1s
 20450K .......... .......... .......... .......... .......... 36%  160M 1s
 20500K .......... .......... .......... .......... .......... 37%  295M 1s
 20550K .......... .......... .......... .......... .......... 37%  259M 1s
 20600K .......... .......... .......... .......... .......... 37%  287M 1s
 20650K .......... .......... .......... .......... .......... 37%  289M 1s
 20700K .......... .......... .......... .......... .......... 37%  292M 1s
 20750K .......... .......... .......... .......... .......... 37%  252M 1s
 20800K .......... .......... .......... .......... .......... 37%  293M 1s
 20850K .......... .......... .......... .......... .......... 37%  291M 1s
 20900K .......... .......... .......... .......... .......... 37%  293M 1s
 20950K .......... .......... .......... .......... .......... 37%  244M 1s
 21000K .......... .......... .......... .......... .......... 37%  294M 1s
 21050K .......... .......... .......... .......... .......... 38%  286M 1s
 21100K .......... .......... .......... .......... .......... 38%  294M 1s
 21150K .......... .......... .......... .......... .......... 38%  254M 1s
 21200K .......... .......... .......... .......... .......... 38%  291M 1s
 21250K .......... .......... .......... .......... .......... 38%  292M 1s
 21300K .......... .......... .......... .......... .......... 38%  294M 1s
 21350K .......... .......... .......... .......... .......... 38%  107M 1s
 21400K .......... .......... .......... .......... .......... 38%  271M 1s
 21450K .......... .......... .......... .......... .......... 38%  273M 1s
 21500K .......... .......... .......... .......... .......... 38%  279M 1s
 21550K .......... .......... .......... .......... .......... 38%  236M 1s
 21600K .......... .......... .......... .......... .......... 39%  275M 1s
 21650K .......... .......... .......... .......... .......... 39%  265M 1s
 21700K .......... .......... .......... .......... .......... 39%  277M 1s
 21750K .......... .......... .......... .......... .......... 39%  240M 1s
 21800K .......... .......... .......... .......... .......... 39%  277M 1s
 21850K .......... .......... .......... .......... .......... 39%  281M 1s
 21900K .......... .......... .......... .......... .......... 39%  281M 1s
 21950K .......... .......... .......... .......... .......... 39%  244M 1s
 22000K .......... .......... .......... .......... .......... 39%  287M 1s
 22050K .......... .......... .......... .......... .......... 39%  281M 1s
 22100K .......... .......... .......... .......... .......... 39%  285M 1s
 22150K .......... .......... .......... .......... .......... 40%  249M 1s
 22200K .......... .......... .......... .......... .......... 40%  285M 1s
 22250K .......... .......... .......... .......... .......... 40%  284M 1s
 22300K .......... .......... .......... .......... .......... 40%  287M 1s
 22350K .......... .......... .......... .......... .......... 40%  244M 1s
 22400K .......... .......... .......... .......... .......... 40%  286M 1s
 22450K .......... .......... .......... .......... .......... 40%  287M 1s
 22500K .......... .......... .......... .......... .......... 40%  151M 1s
 22550K .......... .......... .......... .......... .......... 40% 7.68M 1s
 22600K .......... .......... .......... .......... .......... 40%  209M 1s
 22650K .......... .......... .......... .......... .......... 40%  255M 1s
 22700K .......... .......... .......... .......... .......... 41%  299M 1s
 22750K .......... .......... .......... .......... .......... 41%  258M 1s
 22800K .......... .......... .......... .......... .......... 41%  282M 1s
 22850K .......... .......... .......... .......... .......... 41%  280M 1s
 22900K .......... .......... .......... .......... .......... 41%  284M 1s
 22950K .......... .......... .......... .......... .......... 41%  249M 1s
 23000K .......... .......... .......... .......... .......... 41%  283M 1s
 23050K .......... .......... .......... .......... .......... 41%  282M 1s
 23100K .......... .......... .......... .......... .......... 41%  279M 1s
 23150K .......... .......... .......... .......... .......... 41%  256M 1s
 23200K .......... .......... .......... .......... .......... 41%  284M 1s
 23250K .......... .......... .......... .......... .......... 42%  283M 1s
 23300K .......... .......... .......... .......... .......... 42%  284M 1s
 23350K .......... .......... .......... .......... .......... 42%  238M 1s
 23400K .......... .......... .......... .......... .......... 42%  292M 1s
 23450K .......... .......... .......... .......... .......... 42%  292M 1s
 23500K .......... .......... .......... .......... .......... 42%  291M 1s
 23550K .......... .......... .......... .......... .......... 42%  255M 1s
 23600K .......... .......... .......... .......... .......... 42%  293M 1s
 23650K .......... .......... .......... .......... .......... 42%  286M 1s
 23700K .......... .......... .......... .......... .......... 42%  290M 1s
 23750K .......... .......... .......... .......... .......... 42%  253M 1s
 23800K .......... .......... .......... .......... .......... 43%  289M 0s
 23850K .......... .......... .......... .......... .......... 43%  289M 0s
 23900K .......... .......... .......... .......... .......... 43% 54.6M 0s
 23950K .......... .......... .......... .......... .......... 43%  177M 0s
 24000K .......... .......... .......... .......... .......... 43%  214M 0s
 24050K .......... .......... .......... .......... .......... 43%  243M 0s
 24100K .......... .......... .......... .......... .......... 43%  264M 0s
 24150K .......... .......... .......... .......... .......... 43%  241M 0s
 24200K .......... .......... .......... .......... .......... 43%  128M 0s
 24250K .......... .......... .......... .......... .......... 43%  269M 0s
 24300K .......... .......... .......... .......... .......... 43%  244M 0s
 24350K .......... .......... .......... .......... .......... 44%  230M 0s
 24400K .......... .......... .......... .......... .......... 44%  261M 0s
 24450K .......... .......... .......... .......... .......... 44%  273M 0s
 24500K .......... .......... .......... .......... .......... 44%  283M 0s
 24550K .......... .......... .......... .......... .......... 44%  160M 0s
 24600K .......... .......... .......... .......... .......... 44%  301M 0s
 24650K .......... .......... .......... .......... .......... 44%  302M 0s
 24700K .......... .......... .......... .......... .......... 44%  292M 0s
 24750K .......... .......... .......... .......... .......... 44%  265M 0s
 24800K .......... .......... .......... .......... .......... 44%  300M 0s
 24850K .......... .......... .......... .......... .......... 44%  300M 0s
 24900K .......... .......... .......... .......... .......... 45%  299M 0s
 24950K .......... .......... .......... .......... .......... 45%  259M 0s
 25000K .......... .......... .......... .......... .......... 45%  290M 0s
 25050K .......... .......... .......... .......... .......... 45%  295M 0s
 25100K .......... .......... .......... .......... .......... 45%  300M 0s
 25150K .......... .......... .......... .......... .......... 45% 8.39M 0s
 25200K .......... .......... .......... .......... .......... 45%  170M 0s
 25250K .......... .......... .......... .......... .......... 45%  208M 0s
 25300K .......... .......... .......... .......... .......... 45%  225M 0s
 25350K .......... .......... .......... .......... .......... 45%  237M 0s
 25400K .......... .......... .......... .......... .......... 45%  212M 0s
 25450K .......... .......... .......... .......... .......... 46%  268M 0s
 25500K .......... .......... .......... .......... .......... 46%  269M 0s
 25550K .......... .......... .......... .......... .......... 46%  267M 0s
 25600K .......... .......... .......... .......... .......... 46%  232M 0s
 25650K .......... .......... .......... .......... .......... 46%  271M 0s
 25700K .......... .......... .......... .......... .......... 46%  279M 0s
 25750K .......... .......... .......... .......... .......... 46%  272M 0s
 25800K .......... .......... .......... .......... .......... 46%  234M 0s
 25850K .......... .......... .......... .......... .......... 46%  260M 0s
 25900K .......... .......... .......... .......... .......... 46%  263M 0s
 25950K .......... .......... .......... .......... .......... 46%  277M 0s
 26000K .......... .......... .......... .......... .......... 46%  240M 0s
 26050K .......... .......... .......... .......... .......... 47%  276M 0s
 26100K .......... .......... .......... .......... .......... 47%  271M 0s
 26150K .......... .......... .......... .......... .......... 47%  276M 0s
 26200K .......... .......... .......... .......... .......... 47%  241M 0s
 26250K .......... .......... .......... .......... .......... 47%  276M 0s
 26300K .......... .......... .......... .......... .......... 47%  273M 0s
 26350K .......... .......... .......... .......... .......... 47%  276M 0s
 26400K .......... .......... .......... .......... .......... 47%  236M 0s
 26450K .......... .......... .......... .......... .......... 47%  270M 0s
 26500K .......... .......... .......... .......... .......... 47%  276M 0s
 26550K .......... .......... .......... .......... .......... 47%  185M 0s
 26600K .......... .......... .......... .......... .......... 48%  119M 0s
 26650K .......... .......... .......... .......... .......... 48%  218M 0s
 26700K .......... .......... .......... .......... .......... 48%  283M 0s
 26750K .......... .......... .......... .......... .......... 48%  282M 0s
 26800K .......... .......... .......... .......... .......... 48%  241M 0s
 26850K .......... .......... .......... .......... .......... 48%  223M 0s
 26900K .......... .......... .......... .......... .......... 48%  271M 0s
 26950K .......... .......... .......... .......... .......... 48%  254M 0s
 27000K .......... .......... .......... .......... .......... 48%  221M 0s
 27050K .......... .......... .......... .......... .......... 48%  276M 0s
 27100K .......... .......... .......... .......... .......... 48%  263M 0s
 27150K .......... .......... .......... .......... .......... 49%  281M 0s
 27200K .......... .......... .......... .......... .......... 49%  246M 0s
 27250K .......... .......... .......... .......... .......... 49%  280M 0s
 27300K .......... .......... .......... .......... .......... 49%  285M 0s
 27350K .......... .......... .......... .......... .......... 49%  277M 0s
 27400K .......... .......... .......... .......... .......... 49%  244M 0s
 27450K .......... .......... .......... .......... .......... 49%  281M 0s
 27500K .......... .......... .......... .......... .......... 49%  278M 0s
 27550K .......... .......... .......... .......... .......... 49%  280M 0s
 27600K .......... .......... .......... .......... .......... 49%  243M 0s
 27650K .......... .......... .......... .......... .......... 49% 7.32M 0s
 27700K .......... .......... .......... .......... .......... 50%  206M 0s
 27750K .......... .......... .......... .......... .......... 50%  210M 0s
 27800K .......... .......... .......... .......... .......... 50%  238M 0s
 27850K .......... .......... .......... .......... .......... 50%  277M 0s
 27900K .......... .......... .......... .......... .......... 50%  276M 0s
 27950K .......... .......... .......... .......... .......... 50%  265M 0s
 28000K .......... .......... .......... .......... .......... 50%  232M 0s
 28050K .......... .......... .......... .......... .......... 50%  271M 0s
 28100K .......... .......... .......... .......... .......... 50%  270M 0s
 28150K .......... .......... .......... .......... .......... 50%  265M 0s
 28200K .......... .......... .......... .......... .......... 50%  240M 0s
 28250K .......... .......... .......... .......... .......... 51%  271M 0s
 28300K .......... .......... .......... .......... .......... 51%  261M 0s
 28350K .......... .......... .......... .......... .......... 51%  270M 0s
 28400K .......... .......... .......... .......... .......... 51%  229M 0s
 28450K .......... .......... .......... .......... .......... 51%  274M 0s
 28500K .......... .......... .......... .......... .......... 51%  275M 0s
 28550K .......... .......... .......... .......... .......... 51%  269M 0s
 28600K .......... .......... .......... .......... .......... 51%  236M 0s
 28650K .......... .......... .......... .......... .......... 51%  152M 0s
 28700K .......... .......... .......... .......... .......... 51%  283M 0s
 28750K .......... .......... .......... .......... .......... 51%  285M 0s
 28800K .......... .......... .......... .......... .......... 52%  241M 0s
 28850K .......... .......... .......... .......... .......... 52%  282M 0s
 28900K .......... .......... .......... .......... .......... 52%  281M 0s
 28950K .......... .......... .......... .......... .......... 52%  280M 0s
 29000K .......... .......... .......... .......... .......... 52%  245M 0s
 29050K .......... .......... .......... .......... .......... 52%  267M 0s
 29100K .......... .......... .......... .......... .......... 52%  262M 0s
 29150K .......... .......... .......... .......... .......... 52%  270M 0s
 29200K .......... .......... .......... .......... .......... 52%  232M 0s
 29250K .......... .......... .......... .......... .......... 52%  276M 0s
 29300K .......... .......... .......... .......... .......... 52%  284M 0s
 29350K .......... .......... .......... .......... .......... 53%  267M 0s
 29400K .......... .......... .......... .......... .......... 53%  230M 0s
 29450K .......... .......... .......... .......... .......... 53%  276M 0s
 29500K .......... .......... .......... .......... .......... 53%  267M 0s
 29550K .......... .......... .......... .......... .......... 53%  273M 0s
 29600K .......... .......... .......... .......... .......... 53%  234M 0s
 29650K .......... .......... .......... .......... .......... 53%  276M 0s
 29700K .......... .......... .......... .......... .......... 53%  276M 0s
 29750K .......... .......... .......... .......... .......... 53%  276M 0s
 29800K .......... .......... .......... .......... .......... 53%  243M 0s
 29850K .......... .......... .......... .......... .......... 53%  273M 0s
 29900K .......... .......... .......... .......... .......... 54%  277M 0s
 29950K .......... .......... .......... .......... .......... 54%  274M 0s
 30000K .......... .......... .......... .......... .......... 54%  238M 0s
 30050K .......... .......... .......... .......... .......... 54%  275M 0s
 30100K .......... .......... .......... .......... .......... 54%  276M 0s
 30150K .......... .......... .......... .......... .......... 54%  271M 0s
 30200K .......... .......... .......... .......... .......... 54%  241M 0s
 30250K .......... .......... .......... .......... .......... 54%  279M 0s
 30300K .......... .......... .......... .......... .......... 54%  279M 0s
 30350K .......... .......... .......... .......... .......... 54% 7.83M 0s
 30400K .......... .......... .......... .......... .......... 54%  207M 0s
 30450K .......... .......... .......... .......... .......... 55%  201M 0s
 30500K .......... .......... .......... .......... .......... 55%  274M 0s
 30550K .......... .......... .......... .......... .......... 55%  277M 0s
 30600K .......... .......... .......... .......... .......... 55%  268M 0s
 30650K .......... .......... .......... .......... .......... 55%  234M 0s
 30700K .......... .......... .......... .......... .......... 55%  142M 0s
 30750K .......... .......... .......... .......... .......... 55%  286M 0s
 30800K .......... .......... .......... .......... .......... 55%  281M 0s
 30850K .......... .......... .......... .......... .......... 55%  242M 0s
 30900K .......... .......... .......... .......... .......... 55%  283M 0s
 30950K .......... .......... .......... .......... .......... 55%  273M 0s
 31000K .......... .......... .......... .......... .......... 56%  280M 0s
 31050K .......... .......... .......... .......... .......... 56%  235M 0s
 31100K .......... .......... .......... .......... .......... 56%  281M 0s
 31150K .......... .......... .......... .......... .......... 56%  278M 0s
 31200K .......... .......... .......... .......... .......... 56%  280M 0s
 31250K .......... .......... .......... .......... .......... 56%  246M 0s
 31300K .......... .......... .......... .......... .......... 56%  282M 0s
 31350K .......... .......... .......... .......... .......... 56%  278M 0s
 31400K .......... .......... .......... .......... .......... 56%  274M 0s
 31450K .......... .......... .......... .......... .......... 56%  242M 0s
 31500K .......... .......... .......... .......... .......... 56%  280M 0s
 31550K .......... .......... .......... .......... .......... 57%  276M 0s
 31600K .......... .......... .......... .......... .......... 57%  278M 0s
 31650K .......... .......... .......... .......... .......... 57% 82.9M 0s
 31700K .......... .......... .......... .......... .......... 57%  204M 0s
 31750K .......... .......... .......... .......... .......... 57%  208M 0s
 31800K .......... .......... .......... .......... .......... 57%  272M 0s
 31850K .......... .......... .......... .......... .......... 57%  220M 0s
 31900K .......... .......... .......... .......... .......... 57%  225M 0s
 31950K .......... .......... .......... .......... .......... 57%  215M 0s
 32000K .......... .......... .......... .......... .......... 57%  245M 0s
 32050K .......... .......... .......... .......... .......... 57%  213M 0s
 32100K .......... .......... .......... .......... .......... 58%  265M 0s
 32150K .......... .......... .......... .......... .......... 58%  241M 0s
 32200K .......... .......... .......... .......... .......... 58%  250M 0s
 32250K .......... .......... .......... .......... .......... 58%  239M 0s
 32300K .......... .......... .......... .......... .......... 58%  273M 0s
 32350K .......... .......... .......... .......... .......... 58%  274M 0s
 32400K .......... .......... .......... .......... .......... 58%  275M 0s
 32450K .......... .......... .......... .......... .......... 58%  240M 0s
 32500K .......... .......... .......... .......... .......... 58%  274M 0s
 32550K .......... .......... .......... .......... .......... 58%  278M 0s
 32600K .......... .......... .......... .......... .......... 58%  269M 0s
 32650K .......... .......... .......... .......... .......... 58%  239M 0s
 32700K .......... .......... .......... .......... .......... 59%  273M 0s
 32750K .......... .......... .......... .......... .......... 59%  155M 0s
 32800K .......... .......... .......... .......... .......... 59%  276M 0s
 32850K .......... .......... .......... .......... .......... 59% 8.27M 0s
 32900K .......... .......... .......... .......... .......... 59%  191M 0s
 32950K .......... .......... .......... .......... .......... 59%  227M 0s
 33000K .......... .......... .......... .......... .......... 59%  193M 0s
 33050K .......... .......... .......... .......... .......... 59%  225M 0s
 33100K .......... .......... .......... .......... .......... 59%  262M 0s
 33150K .......... .......... .......... .......... .......... 59%  241M 0s
 33200K .......... .......... .......... .......... .......... 59%  222M 0s
 33250K .......... .......... .......... .......... .......... 60%  276M 0s
 33300K .......... .......... .......... .......... .......... 60%  288M 0s
 33350K .......... .......... .......... .......... .......... 60%  228M 0s
 33400K .......... .......... .......... .......... .......... 60%  239M 0s
 33450K .......... .......... .......... .......... .......... 60%  252M 0s
 33500K .......... .......... .......... .......... .......... 60%  234M 0s
 33550K .......... .......... .......... .......... .......... 60%  258M 0s
 33600K .......... .......... .......... .......... .......... 60%  204M 0s
 33650K .......... .......... .......... .......... .......... 60%  262M 0s
 33700K .......... .......... .......... .......... .......... 60%  286M 0s
 33750K .......... .......... .......... .......... .......... 60%  289M 0s
 33800K .......... .......... .......... .......... .......... 61%  251M 0s
 33850K .......... .......... .......... .......... .......... 61%  287M 0s
 33900K .......... .......... .......... .......... .......... 61%  254M 0s
 33950K .......... .......... .......... .......... .......... 61%  277M 0s
 34000K .......... .......... .......... .......... .......... 61%  243M 0s
 34050K .......... .......... .......... .......... .......... 61%  279M 0s
 34100K .......... .......... .......... .......... .......... 61%  280M 0s
 34150K .......... .......... .......... .......... .......... 61%  275M 0s
 34200K .......... .......... .......... .......... .......... 61%  231M 0s
 34250K .......... .......... .......... .......... .......... 61%  234M 0s
 34300K .......... .......... .......... .......... .......... 61%  228M 0s
 34350K .......... .......... .......... .......... .......... 62%  196M 0s
 34400K .......... .......... .......... .......... .......... 62%  227M 0s
 34450K .......... .......... .......... .......... .......... 62%  242M 0s
 34500K .......... .......... .......... .......... .......... 62%  229M 0s
 34550K .......... .......... .......... .......... .......... 62%  248M 0s
 34600K .......... .......... .......... .......... .......... 62%  245M 0s
 34650K .......... .......... .......... .......... .......... 62%  219M 0s
 34700K .......... .......... .......... .......... .......... 62%  244M 0s
 34750K .......... .......... .......... .......... .......... 62%  265M 0s
 34800K .......... .......... .......... .......... .......... 62%  139M 0s
 34850K .......... .......... .......... .......... .......... 62%  239M 0s
 34900K .......... .......... .......... .......... .......... 63%  285M 0s
 34950K .......... .......... .......... .......... .......... 63%  287M 0s
 35000K .......... .......... .......... .......... .......... 63%  287M 0s
 35050K .......... .......... .......... .......... .......... 63%  162M 0s
 35100K .......... .......... .......... .......... .......... 63%  286M 0s
 35150K .......... .......... .......... .......... .......... 63%  304M 0s
 35200K .......... .......... .......... .......... .......... 63%  304M 0s
 35250K .......... .......... .......... .......... .......... 63%  266M 0s
 35300K .......... .......... .......... .......... .......... 63%  304M 0s
 35350K .......... .......... .......... .......... .......... 63%  302M 0s
 35400K .......... .......... .......... .......... .......... 63% 7.85M 0s
 35450K .......... .......... .......... .......... .......... 64%  215M 0s
 35500K .......... .......... .......... .......... .......... 64%  183M 0s
 35550K .......... .......... .......... .......... .......... 64%  230M 0s
 35600K .......... .......... .......... .......... .......... 64%  228M 0s
 35650K .......... .......... .......... .......... .......... 64%  249M 0s
 35700K .......... .......... .......... .......... .......... 64%  218M 0s
 35750K .......... .......... .......... .......... .......... 64%  247M 0s
 35800K .......... .......... .......... .......... .......... 64%  269M 0s
 35850K .......... .......... .......... .......... .......... 64%  274M 0s
 35900K .......... .......... .......... .......... .......... 64%  211M 0s
 35950K .......... .......... .......... .......... .......... 64%  268M 0s
 36000K .......... .......... .......... .......... .......... 65%  239M 0s
 36050K .......... .......... .......... .......... .......... 65%  252M 0s
 36100K .......... .......... .......... .......... .......... 65%  199M 0s
 36150K .......... .......... .......... .......... .......... 65%  254M 0s
 36200K .......... .......... .......... .......... .......... 65%  276M 0s
 36250K .......... .......... .......... .......... .......... 65%  279M 0s
 36300K .......... .......... .......... .......... .......... 65%  242M 0s
 36350K .......... .......... .......... .......... .......... 65%  272M 0s
 36400K .......... .......... .......... .......... .......... 65%  263M 0s
 36450K .......... .......... .......... .......... .......... 65%  285M 0s
 36500K .......... .......... .......... .......... .......... 65%  247M 0s
 36550K .......... .......... .......... .......... .......... 66%  283M 0s
 36600K .......... .......... .......... .......... .......... 66%  282M 0s
 36650K .......... .......... .......... .......... .......... 66%  280M 0s
 36700K .......... .......... .......... .......... .......... 66%  247M 0s
 36750K .......... .......... .......... .......... .......... 66%  285M 0s
 36800K .......... .......... .......... .......... .......... 66%  241M 0s
 36850K .......... .......... .......... .......... .......... 66%  130M 0s
 36900K .......... .......... .......... .......... .......... 66%  194M 0s
 36950K .......... .......... .......... .......... .......... 66%  263M 0s
 37000K .......... .......... .......... .......... .......... 66%  251M 0s
 37050K .......... .......... .......... .......... .......... 66%  251M 0s
 37100K .......... .......... .......... .......... .......... 67%  223M 0s
 37150K .......... .......... .......... .......... .......... 67%  221M 0s
 37200K .......... .......... .......... .......... .......... 67%  277M 0s
 37250K .......... .......... .......... .......... .......... 67%  255M 0s
 37300K .......... .......... .......... .......... .......... 67%  227M 0s
 37350K .......... .......... .......... .......... .......... 67%  270M 0s
 37400K .......... .......... .......... .......... .......... 67%  286M 0s
 37450K .......... .......... .......... .......... .......... 67%  286M 0s
 37500K .......... .......... .......... .......... .......... 67%  248M 0s
 37550K .......... .......... .......... .......... .......... 67%  286M 0s
 37600K .......... .......... .......... .......... .......... 67%  285M 0s
 37650K .......... .......... .......... .......... .......... 68%  279M 0s
 37700K .......... .......... .......... .......... .......... 68%  237M 0s
 37750K .......... .......... .......... .......... .......... 68%  287M 0s
 37800K .......... .......... .......... .......... .......... 68%  293M 0s
 37850K .......... .......... .......... .......... .......... 68%  292M 0s
 37900K .......... .......... .......... .......... .......... 68%  252M 0s
 37950K .......... .......... .......... .......... .......... 68% 7.68M 0s
 38000K .......... .......... .......... .......... .......... 68%  222M 0s
 38050K .......... .......... .......... .......... .......... 68%  202M 0s
 38100K .......... .......... .......... .......... .......... 68%  199M 0s
 38150K .......... .......... .......... .......... .......... 68%  233M 0s
 38200K .......... .......... .......... .......... .......... 69%  250M 0s
 38250K .......... .......... .......... .......... .......... 69%  220M 0s
 38300K .......... .......... .......... .......... .......... 69%  254M 0s
 38350K .......... .......... .......... .......... .......... 69%  265M 0s
 38400K .......... .......... .......... .......... .......... 69%  260M 0s
 38450K .......... .......... .......... .......... .......... 69%  220M 0s
 38500K .......... .......... .......... .......... .......... 69%  273M 0s
 38550K .......... .......... .......... .......... .......... 69%  258M 0s
 38600K .......... .......... .......... .......... .......... 69%  246M 0s
 38650K .......... .......... .......... .......... .......... 69%  228M 0s
 38700K .......... .......... .......... .......... .......... 69%  227M 0s
 38750K .......... .......... .......... .......... .......... 69%  276M 0s
 38800K .......... .......... .......... .......... .......... 70%  280M 0s
 38850K .......... .......... .......... .......... .......... 70%  240M 0s
 38900K .......... .......... .......... .......... .......... 70%  157M 0s
 38950K .......... .......... .......... .......... .......... 70%  285M 0s
 39000K .......... .......... .......... .......... .......... 70%  287M 0s
 39050K .......... .......... .......... .......... .......... 70%  251M 0s
 39100K .......... .......... .......... .......... .......... 70%  277M 0s
 39150K .......... .......... .......... .......... .......... 70%  289M 0s
 39200K .......... .......... .......... .......... .......... 70%  288M 0s
 39250K .......... .......... .......... .......... .......... 70%  251M 0s
 39300K .......... .......... .......... .......... .......... 70%  253M 0s
 39350K .......... .......... .......... .......... .......... 71%  219M 0s
 39400K .......... .......... .......... .......... .......... 71%  219M 0s
 39450K .......... .......... .......... .......... .......... 71%  209M 0s
 39500K .......... .......... .......... .......... .......... 71%  260M 0s
 39550K .......... .......... .......... .......... .......... 71%  254M 0s
 39600K .......... .......... .......... .......... .......... 71%  267M 0s
 39650K .......... .......... .......... .......... .......... 71%  239M 0s
 39700K .......... .......... .......... .......... .......... 71%  271M 0s
 39750K .......... .......... .......... .......... .......... 71%  266M 0s
 39800K .......... .......... .......... .......... .......... 71%  271M 0s
 39850K .......... .......... .......... .......... .......... 71%  221M 0s
 39900K .......... .......... .......... .......... .......... 72%  253M 0s
 39950K .......... .......... .......... .......... .......... 72%  263M 0s
 40000K .......... .......... .......... .......... .......... 72%  284M 0s
 40050K .......... .......... .......... .......... .......... 72%  249M 0s
 40100K .......... .......... .......... .......... .......... 72%  283M 0s
 40150K .......... .......... .......... .......... .......... 72%  278M 0s
 40200K .......... .......... .......... .......... .......... 72%  243M 0s
 40250K .......... .......... .......... .......... .......... 72%  217M 0s
 40300K .......... .......... .......... .......... .......... 72%  284M 0s
 40350K .......... .......... .......... .......... .......... 72%  285M 0s
 40400K .......... .......... .......... .......... .......... 72%  276M 0s
 40450K .......... .......... .......... .......... .......... 73%  248M 0s
 40500K .......... .......... .......... .......... .......... 73%  284M 0s
 40550K .......... .......... .......... .......... .......... 73% 8.03M 0s
 40600K .......... .......... .......... .......... .......... 73%  189M 0s
 40650K .......... .......... .......... .......... .......... 73%  217M 0s
 40700K .......... .......... .......... .......... .......... 73%  180M 0s
 40750K .......... .......... .......... .......... .......... 73%  243M 0s
 40800K .......... .......... .......... .......... .......... 73%  255M 0s
 40850K .......... .......... .......... .......... .......... 73%  268M 0s
 40900K .......... .......... .......... .......... .......... 73%  216M 0s
 40950K .......... .......... .......... .......... .......... 73%  157M 0s
 41000K .......... .......... .......... .......... .......... 74%  275M 0s
 41050K .......... .......... .......... .......... .......... 74%  240M 0s
 41100K .......... .......... .......... .......... .......... 74%  226M 0s
 41150K .......... .......... .......... .......... .......... 74%  252M 0s
 41200K .......... .......... .......... .......... .......... 74%  253M 0s
 41250K .......... .......... .......... .......... .......... 74%  280M 0s
 41300K .......... .......... .......... .......... .......... 74%  230M 0s
 41350K .......... .......... .......... .......... .......... 74%  286M 0s
 41400K .......... .......... .......... .......... .......... 74%  281M 0s
 41450K .......... .......... .......... .......... .......... 74%  272M 0s
 41500K .......... .......... .......... .......... .......... 74%  254M 0s
 41550K .......... .......... .......... .......... .......... 75%  294M 0s
 41600K .......... .......... .......... .......... .......... 75%  292M 0s
 41650K .......... .......... .......... .......... .......... 75%  292M 0s
 41700K .......... .......... .......... .......... .......... 75%  227M 0s
 41750K .......... .......... .......... .......... .......... 75%  285M 0s
 41800K .......... .......... .......... .......... .......... 75%  285M 0s
 41850K .......... .......... .......... .......... .......... 75%  284M 0s
 41900K .......... .......... .......... .......... .......... 75%  176M 0s
 41950K .......... .......... .......... .......... .......... 75%  178M 0s
 42000K .......... .......... .......... .......... .......... 75%  233M 0s
 42050K .......... .......... .......... .......... .......... 75%  240M 0s
 42100K .......... .......... .......... .......... .......... 76%  238M 0s
 42150K .......... .......... .......... .......... .......... 76%  221M 0s
 42200K .......... .......... .......... .......... .......... 76%  250M 0s
 42250K .......... .......... .......... .......... .......... 76%  256M 0s
 42300K .......... .......... .......... .......... .......... 76%  274M 0s
 42350K .......... .......... .......... .......... .......... 76%  223M 0s
 42400K .......... .......... .......... .......... .......... 76%  242M 0s
 42450K .......... .......... .......... .......... .......... 76%  250M 0s
 42500K .......... .......... .......... .......... .......... 76%  262M 0s
 42550K .......... .......... .......... .......... .......... 76%  251M 0s
 42600K .......... .......... .......... .......... .......... 76%  291M 0s
 42650K .......... .......... .......... .......... .......... 77%  284M 0s
 42700K .......... .......... .......... .......... .......... 77%  287M 0s
 42750K .......... .......... .......... .......... .......... 77%  253M 0s
 42800K .......... .......... .......... .......... .......... 77%  288M 0s
 42850K .......... .......... .......... .......... .......... 77%  287M 0s
 42900K .......... .......... .......... .......... .......... 77%  288M 0s
 42950K .......... .......... .......... .......... .......... 77%  247M 0s
 43000K .......... .......... .......... .......... .......... 77%  161M 0s
 43050K .......... .......... .......... .......... .......... 77%  288M 0s
 43100K .......... .......... .......... .......... .......... 77% 7.82M 0s
 43150K .......... .......... .......... .......... .......... 77%  222M 0s
 43200K .......... .......... .......... .......... .......... 78%  203M 0s
 43250K .......... .......... .......... .......... .......... 78%  234M 0s
 43300K .......... .......... .......... .......... .......... 78%  206M 0s
 43350K .......... .......... .......... .......... .......... 78%  241M 0s
 43400K .......... .......... .......... .......... .......... 78%  270M 0s
 43450K .......... .......... .......... .......... .......... 78%  240M 0s
 43500K .......... .......... .......... .......... .......... 78%  233M 0s
 43550K .......... .......... .......... .......... .......... 78%  276M 0s
 43600K .......... .......... .......... .......... .......... 78%  236M 0s
 43650K .......... .......... .......... .......... .......... 78%  248M 0s
 43700K .......... .......... .......... .......... .......... 78%  228M 0s
 43750K .......... .......... .......... .......... .......... 79%  264M 0s
 43800K .......... .......... .......... .......... .......... 79%  236M 0s
 43850K .......... .......... .......... .......... .......... 79%  273M 0s
 43900K .......... .......... .......... .......... .......... 79%  218M 0s
 43950K .......... .......... .......... .......... .......... 79%  266M 0s
 44000K .......... .......... .......... .......... .......... 79%  286M 0s
 44050K .......... .......... .......... .......... .......... 79%  286M 0s
 44100K .......... .......... .......... .......... .......... 79%  251M 0s
 44150K .......... .......... .......... .......... .......... 79%  286M 0s
 44200K .......... .......... .......... .......... .......... 79%  252M 0s
 44250K .......... .......... .......... .......... .......... 79%  276M 0s
 44300K .......... .......... .......... .......... .......... 80%  242M 0s
 44350K .......... .......... .......... .......... .......... 80%  280M 0s
 44400K .......... .......... .......... .......... .......... 80%  277M 0s
 44450K .......... .......... .......... .......... .......... 80%  266M 0s
 44500K .......... .......... .......... .......... .......... 80%  187M 0s
 44550K .......... .......... .......... .......... .......... 80%  228M 0s
 44600K .......... .......... .......... .......... .......... 80%  234M 0s
 44650K .......... .......... .......... .......... .......... 80%  237M 0s
 44700K .......... .......... .......... .......... .......... 80%  229M 0s
 44750K .......... .......... .......... .......... .......... 80%  256M 0s
 44800K .......... .......... .......... .......... .......... 80%  275M 0s
 44850K .......... .......... .......... .......... .......... 81%  244M 0s
 44900K .......... .......... .......... .......... .......... 81%  236M 0s
 44950K .......... .......... .......... .......... .......... 81%  247M 0s
 45000K .......... .......... .......... .......... .......... 81%  256M 0s
 45050K .......... .......... .......... .......... .......... 81%  142M 0s
 45100K .......... .......... .......... .......... .......... 81%  229M 0s
 45150K .......... .......... .......... .......... .......... 81%  275M 0s
 45200K .......... .......... .......... .......... .......... 81%  288M 0s
 45250K .......... .......... .......... .......... .......... 81%  285M 0s
 45300K .......... .......... .......... .......... .......... 81%  251M 0s
 45350K .......... .......... .......... .......... .......... 81%  288M 0s
 45400K .......... .......... .......... .......... .......... 81%  285M 0s
 45450K .......... .......... .......... .......... .......... 82%  279M 0s
 45500K .......... .......... .......... .......... .......... 82%  240M 0s
 45550K .......... .......... .......... .......... .......... 82%  292M 0s
 45600K .......... .......... .......... .......... .......... 82%  294M 0s
 45650K .......... .......... .......... .......... .......... 82%  293M 0s
 45700K .......... .......... .......... .......... .......... 82%  252M 0s
 45750K .......... .......... .......... .......... .......... 82% 7.82M 0s
 45800K .......... .......... .......... .......... .......... 82%  270M 0s
 45850K .......... .......... .......... .......... .......... 82%  271M 0s
 45900K .......... .......... .......... .......... .......... 82%  278M 0s
 45950K .......... .......... .......... .......... .......... 82%  227M 0s
 46000K .......... .......... .......... .......... .......... 83%  291M 0s
 46050K .......... .......... .......... .......... .......... 83%  296M 0s
 46100K .......... .......... .......... .......... .......... 83%  288M 0s
 46150K .......... .......... .......... .......... .......... 83%  255M 0s
 46200K .......... .......... .......... .......... .......... 83%  302M 0s
 46250K .......... .......... .......... .......... .......... 83%  282M 0s
 46300K .......... .......... .......... .......... .......... 83%  274M 0s
 46350K .......... .......... .......... .......... .......... 83%  252M 0s
 46400K .......... .......... .......... .......... .......... 83%  295M 0s
 46450K .......... .......... .......... .......... .......... 83%  275M 0s
 46500K .......... .......... .......... .......... .......... 83%  284M 0s
 46550K .......... .......... .......... .......... .......... 84%  237M 0s
 46600K .......... .......... .......... .......... .......... 84%  278M 0s
 46650K .......... .......... .......... .......... .......... 84%  296M 0s
 46700K .......... .......... .......... .......... .......... 84%  298M 0s
 46750K .......... .......... .......... .......... .......... 84%  253M 0s
 46800K .......... .......... .......... .......... .......... 84%  284M 0s
 46850K .......... .......... .......... .......... .......... 84%  292M 0s
 46900K .......... .......... .......... .......... .......... 84%  303M 0s
 46950K .......... .......... .......... .......... .......... 84%  260M 0s
 47000K .......... .......... .......... .......... .......... 84%  296M 0s
 47050K .......... .......... .......... .......... .......... 84%  299M 0s
 47100K .......... .......... .......... .......... .......... 85%  153M 0s
 47150K .......... .......... .......... .......... .......... 85%  133M 0s
 47200K .......... .......... .......... .......... .......... 85%  215M 0s
 47250K .......... .......... .......... .......... .......... 85%  280M 0s
 47300K .......... .......... .......... .......... .......... 85%  273M 0s
 47350K .......... .......... .......... .......... .......... 85%  281M 0s
 47400K .......... .......... .......... .......... .......... 85%  245M 0s
 47450K .......... .......... .......... .......... .......... 85%  279M 0s
 47500K .......... .......... .......... .......... .......... 85%  277M 0s
 47550K .......... .......... .......... .......... .......... 85%  271M 0s
 47600K .......... .......... .......... .......... .......... 85%  239M 0s
 47650K .......... .......... .......... .......... .......... 86%  278M 0s
 47700K .......... .......... .......... .......... .......... 86%  281M 0s
 47750K .......... .......... .......... .......... .......... 86%  275M 0s
 47800K .......... .......... .......... .......... .......... 86%  235M 0s
 47850K .......... .......... .......... .......... .......... 86%  274M 0s
 47900K .......... .......... .......... .......... .......... 86%  277M 0s
 47950K .......... .......... .......... .......... .......... 86%  278M 0s
 48000K .......... .......... .......... .......... .......... 86%  241M 0s
 48050K .......... .......... .......... .......... .......... 86%  275M 0s
 48100K .......... .......... .......... .......... .......... 86%  275M 0s
 48150K .......... .......... .......... .......... .......... 86%  279M 0s
 48200K .......... .......... .......... .......... .......... 87%  241M 0s
 48250K .......... .......... .......... .......... .......... 87% 7.24M 0s
 48300K .......... .......... .......... .......... .......... 87%  206M 0s
 48350K .......... .......... .......... .......... .......... 87%  206M 0s
 48400K .......... .......... .......... .......... .......... 87%  215M 0s
 48450K .......... .......... .......... .......... .......... 87%  218M 0s
 48500K .......... .......... .......... .......... .......... 87%  238M 0s
 48550K .......... .......... .......... .......... .......... 87%  248M 0s
 48600K .......... .......... .......... .......... .......... 87%  246M 0s
 48650K .......... .......... .......... .......... .......... 87%  205M 0s
 48700K .......... .......... .......... .......... .......... 87%  261M 0s
 48750K .......... .......... .......... .......... .......... 88%  251M 0s
 48800K .......... .......... .......... .......... .......... 88%  249M 0s
 48850K .......... .......... .......... .......... .......... 88%  235M 0s
 48900K .......... .......... .......... .......... .......... 88%  239M 0s
 48950K .......... .......... .......... .......... .......... 88%  237M 0s
 49000K .......... .......... .......... .......... .......... 88%  261M 0s
 49050K .......... .......... .......... .......... .......... 88%  213M 0s
 49100K .......... .......... .......... .......... .......... 88%  262M 0s
 49150K .......... .......... .......... .......... .......... 88%  141M 0s
 49200K .......... .......... .......... .......... .......... 88%  282M 0s
 49250K .......... .......... .......... .......... .......... 88%  249M 0s
 49300K .......... .......... .......... .......... .......... 89%  282M 0s
 49350K .......... .......... .......... .......... .......... 89%  285M 0s
 49400K .......... .......... .......... .......... .......... 89%  280M 0s
 49450K .......... .......... .......... .......... .......... 89%  244M 0s
 49500K .......... .......... .......... .......... .......... 89%  285M 0s
 49550K .......... .......... .......... .......... .......... 89%  276M 0s
 49600K .......... .......... .......... .......... .......... 89%  208M 0s
 49650K .......... .......... .......... .......... .......... 89%  189M 0s
 49700K .......... .......... .......... .......... .......... 89%  228M 0s
 49750K .......... .......... .......... .......... .......... 89%  236M 0s
 49800K .......... .......... .......... .......... .......... 89%  274M 0s
 49850K .......... .......... .......... .......... .......... 90%  196M 0s
 49900K .......... .......... .......... .......... .......... 90%  262M 0s
 49950K .......... .......... .......... .......... .......... 90%  239M 0s
 50000K .......... .......... .......... .......... .......... 90%  223M 0s
 50050K .......... .......... .......... .......... .......... 90%  236M 0s
 50100K .......... .......... .......... .......... .......... 90%  238M 0s
 50150K .......... .......... .......... .......... .......... 90%  234M 0s
 50200K .......... .......... .......... .......... .......... 90%  279M 0s
 50250K .......... .......... .......... .......... .......... 90%  245M 0s
 50300K .......... .......... .......... .......... .......... 90%  279M 0s
 50350K .......... .......... .......... .......... .......... 90%  280M 0s
 50400K .......... .......... .......... .......... .......... 91%  277M 0s
 50450K .......... .......... .......... .......... .......... 91%  242M 0s
 50500K .......... .......... .......... .......... .......... 91%  278M 0s
 50550K .......... .......... .......... .......... .......... 91%  277M 0s
 50600K .......... .......... .......... .......... .......... 91%  278M 0s
 50650K .......... .......... .......... .......... .......... 91%  243M 0s
 50700K .......... .......... .......... .......... .......... 91%  265M 0s
 50750K .......... .......... .......... .......... .......... 91%  271M 0s
 50800K .......... .......... .......... .......... .......... 91%  273M 0s
 50850K .......... .......... .......... .......... .......... 91%  239M 0s
 50900K .......... .......... .......... .......... .......... 91%  280M 0s
 50950K .......... .......... .......... .......... .......... 92% 8.68M 0s
 51000K .......... .......... .......... .......... .......... 92%  195M 0s
 51050K .......... .......... .......... .......... .......... 92%  222M 0s
 51100K .......... .......... .......... .......... .......... 92%  214M 0s
 51150K .......... .......... .......... .......... .......... 92%  237M 0s
 51200K .......... .......... .......... .......... .......... 92%  122M 0s
 51250K .......... .......... .......... .......... .......... 92%  244M 0s
 51300K .......... .......... .......... .......... .......... 92%  257M 0s
 51350K .......... .......... .......... .......... .......... 92%  255M 0s
 51400K .......... .......... .......... .......... .......... 92%  222M 0s
 51450K .......... .......... .......... .......... .......... 92%  240M 0s
 51500K .......... .......... .......... .......... .......... 92%  237M 0s
 51550K .......... .......... .......... .......... .......... 93%  251M 0s
 51600K .......... .......... .......... .......... .......... 93%  214M 0s
 51650K .......... .......... .......... .......... .......... 93%  249M 0s
 51700K .......... .......... .......... .......... .......... 93%  261M 0s
 51750K .......... .......... .......... .......... .......... 93%  286M 0s
 51800K .......... .......... .......... .......... .......... 93%  223M 0s
 51850K .......... .......... .......... .......... .......... 93%  282M 0s
 51900K .......... .......... .......... .......... .......... 93%  278M 0s
 51950K .......... .......... .......... .......... .......... 93%  279M 0s
 52000K .......... .......... .......... .......... .......... 93%  243M 0s
 52050K .......... .......... .......... .......... .......... 93%  271M 0s
 52100K .......... .......... .......... .......... .......... 94%  262M 0s
 52150K .......... .......... .......... .......... .......... 94%  282M 0s
 52200K .......... .......... .......... .......... .......... 94%  247M 0s
 52250K .......... .......... .......... .......... .......... 94%  262M 0s
 52300K .......... .......... .......... .......... .......... 94%  201M 0s
 52350K .......... .......... .......... .......... .......... 94%  231M 0s
 52400K .......... .......... .......... .......... .......... 94%  206M 0s
 52450K .......... .......... .......... .......... .......... 94%  226M 0s
 52500K .......... .......... .......... .......... .......... 94%  239M 0s
 52550K .......... .......... .......... .......... .......... 94%  265M 0s
 52600K .......... .......... .......... .......... .......... 94%  211M 0s
 52650K .......... .......... .......... .......... .......... 95%  276M 0s
 52700K .......... .......... .......... .......... .......... 95%  248M 0s
 52750K .......... .......... .......... .......... .......... 95%  256M 0s
 52800K .......... .......... .......... .......... .......... 95%  211M 0s
 52850K .......... .......... .......... .......... .......... 95%  241M 0s
 52900K .......... .......... .......... .......... .......... 95%  282M 0s
 52950K .......... .......... .......... .......... .......... 95%  285M 0s
 53000K .......... .......... .......... .......... .......... 95%  247M 0s
 53050K .......... .......... .......... .......... .......... 95%  251M 0s
 53100K .......... .......... .......... .......... .......... 95%  276M 0s
 53150K .......... .......... .......... .......... .......... 95%  276M 0s
 53200K .......... .......... .......... .......... .......... 96%  108M 0s
 53250K .......... .......... .......... .......... .......... 96%  277M 0s
 53300K .......... .......... .......... .......... .......... 96%  268M 0s
 53350K .......... .......... .......... .......... .......... 96%  293M 0s
 53400K .......... .......... .......... .......... .......... 96%  254M 0s
 53450K .......... .......... .......... .......... .......... 96% 7.95M 0s
 53500K .......... .......... .......... .......... .......... 96%  193M 0s
 53550K .......... .......... .......... .......... .......... 96%  226M 0s
 53600K .......... .......... .......... .......... .......... 96%  209M 0s
 53650K .......... .......... .......... .......... .......... 96%  252M 0s
 53700K .......... .......... .......... .......... .......... 96%  225M 0s
 53750K .......... .......... .......... .......... .......... 97%  263M 0s
 53800K .......... .......... .......... .......... .......... 97%  255M 0s
 53850K .......... .......... .......... .......... .......... 97%  255M 0s
 53900K .......... .......... .......... .......... .......... 97%  243M 0s
 53950K .......... .......... .......... .......... .......... 97%  255M 0s
 54000K .......... .......... .......... .......... .......... 97%  248M 0s
 54050K .......... .......... .......... .......... .......... 97%  246M 0s
 54100K .......... .......... .......... .......... .......... 97%  221M 0s
 54150K .......... .......... .......... .......... .......... 97%  270M 0s
 54200K .......... .......... .......... .......... .......... 97%  247M 0s
 54250K .......... .......... .......... .......... .......... 97%  249M 0s
 54300K .......... .......... .......... .......... .......... 98%  234M 0s
 54350K .......... .......... .......... .......... .......... 98%  288M 0s
 54400K .......... .......... .......... .......... .......... 98%  289M 0s
 54450K .......... .......... .......... .......... .......... 98%  286M 0s
 54500K .......... .......... .......... .......... .......... 98%  251M 0s
 54550K .......... .......... .......... .......... .......... 98%  251M 0s
 54600K .......... .......... .......... .......... .......... 98%  282M 0s
 54650K .......... .......... .......... .......... .......... 98%  282M 0s
 54700K .......... .......... .......... .......... .......... 98%  246M 0s
 54750K .......... .......... .......... .......... .......... 98%  272M 0s
 54800K .......... .......... .......... .......... .......... 98%  235M 0s
 54850K .......... .......... .......... .......... .......... 99%  206M 0s
 54900K .......... .......... .......... .......... .......... 99%  211M 0s
 54950K .......... .......... .......... .......... .......... 99%  284M 0s
 55000K .......... .......... .......... .......... .......... 99%  284M 0s
 55050K .......... .......... .......... .......... .......... 99%  280M 0s
 55100K .......... .......... .......... .......... .......... 99%  248M 0s
 55150K .......... .......... .......... .......... .......... 99%  285M 0s
 55200K .......... .......... .......... .......... .......... 99%  283M 0s
 55250K .......... .......... .......... .......... .......... 99%  284M 0s
 55300K .......... .......... .......... .......... .......... 99%  129M 0s
 55350K .......... .......... .......... .......... .......... 99%  297M 0s
 55400K .......... .......... ..........                      100%  266M=0.6s2021-12-01 22:03:11 URL: ftp://ftp.ncbi.nlm.nih.gov/pub/taxonomy/taxdump.tar.gz [56760536] -> "taxdump.tar.gz" [1]
Extracting taxdump.tar.gz
Downloading file list for complete genomes from RefSeq
2021-12-01 22:03:14 URL:https://ftp.ncbi.nlm.nih.gov/genomes/refseq/archaea/assembly_summary.txt [395628/395628] -> "refseq/assembly_summary.archaea.txt" [1]
2021-12-01 22:03:14 URL:https://ftp.ncbi.nlm.nih.gov/genomes/refseq/bacteria/assembly_summary.txt [71271772/71271772] -> "refseq/assembly_summary.bacteria.txt" [1]
Downloading 24670 genome files from NCBI FTP server
2021-12-01 22:03:24 URL:https://ftp.ncbi.nlm.nih.gov/genomes/all/GCF/020/990/465/GCF_020990465.1_ASM2099046v1/GCF_020990465.1_ASM2099046v1_genomic.gbff.gz [4842354/4842354] -> "refseq/source/GCF_020990465.1_ASM2099046v1_genomic.gbff.gz" [1]
2021-12-01 22:03:24 URL:https://ftp.ncbi.nlm.nih.gov/genomes/all/GCF/020/990/485/GCF_020990485.1_ASM2099048v1/GCF_020990485.1_ASM2099048v1_genomic.gbff.gz [4817448/4817448] -> "refseq/source/GCF_020990485.1_ASM2099048v1_genomic.gbff.gz" [1]
2021-12-01 22:03:24 URL:https://ftp.ncbi.nlm.nih.gov/genomes/all/GCF/020/990/445/GCF_020990445.1_ASM2099044v1/GCF_020990445.1_ASM2099044v1_genomic.gbff.gz [4905524/4905524] -> "refseq/source/GCF_020990445.1_ASM2099044v1_genomic.gbff.gz" [1]
2021-12-01 22:03:35 URL:https://ftp.ncbi.nlm.nih.gov/genomes/all/GCF/020/990/405/GCF_020990405.1_ASM2099040v1/GCF_020990405.1_ASM2099040v1_genomic.gbff.gz [4134169/4134169] -> "refseq/source/GCF_020990405.1_ASM2099040v1_genomic.gbff.gz" [1]
2021-12-01 22:03:35 URL:https://ftp.ncbi.nlm.nih.gov/genomes/all/GCF/020/991/145/GCF_020991145.1_ASM2099114v1/GCF_020991145.1_ASM2099114v1_genomic.gbff.gz [4082100/4082100] -> "refseq/source/GCF_020991145.1_ASM2099114v1_genomic.gbff.gz" [1]
2021-12-01 22:03:37 URL:https://ftp.ncbi.nlm.nih.gov/genomes/all/GCF/020/991/025/GCF_020991025.1_ASM2099102v1/GCF_020991025.1_ASM2099102v1_genomic.gbff.gz [2679975/2679975] -> "refseq/source/GCF_020991025.1_ASM2099102v1_genomic.gbff.gz" [1]
2021-12-01 22:03:50 URL:https://ftp.ncbi.nlm.nih.gov/genomes/all/GCF/020/991/105/GCF_020991105.1_ASM2099110v1/GCF_020991105.1_ASM2099110v1_genomic.gbff.gz [3004752/3004752] -> "refseq/source/GCF_020991105.1_ASM2099110v1_genomic.gbff.gz" [1]
2021-12-01 22:03:52 URL:https://ftp.ncbi.nlm.nih.gov/genomes/all/GCF/020/990/425/GCF_020990425.1_ASM2099042v1/GCF_020990425.1_ASM2099042v1_genomic.gbff.gz [3684886/3684886] -> "refseq/source/GCF_020990425.1_ASM2099042v1_genomic.gbff.gz" [1]
2021-12-01 22:03:59 URL:https://ftp.ncbi.nlm.nih.gov/genomes/all/GCF/020/991/125/GCF_020991125.1_ASM2099112v1/GCF_020991125.1_ASM2099112v1_genomic.gbff.gz [3016361/3016361] -> "refseq/source/GCF_020991125.1_ASM2099112v1_genomic.gbff.gz" [1]
2021-12-01 22:04:09 URL:https://ftp.ncbi.nlm.nih.gov/genomes/all/GCF/020/990/565/GCF_020990565.1_ASM2099056v1/GCF_020990565.1_ASM2099056v1_genomic.gbff.gz [1890068/1890068] -> "refseq/source/GCF_020990565.1_ASM2099056v1_genomic.gbff.gz" [1]
2021-12-01 22:04:09 URL:https://ftp.ncbi.nlm.nih.gov/genomes/all/GCF/020/990/505/GCF_020990505.1_ASM2099050v1/GCF_020990505.1_ASM2099050v1_genomic.gbff.gz [1863461/1863461] -> "refseq/source/GCF_020990505.1_ASM2099050v1_genomic.gbff.gz" [1]
2021-12-01 22:04:09 URL:https://ftp.ncbi.nlm.nih.gov/genomes/all/GCF/020/990/525/GCF_020990525.1_ASM2099052v1/GCF_020990525.1_ASM2099052v1_genomic.gbff.gz [1861775/1861775] -> "refseq/source/GCF_020990525.1_ASM2099052v1_genomic.gbff.gz" [1]
2021-12-01 22:04:09 URL:https://ftp.ncbi.nlm.nih.gov/genomes/all/GCF/020/990/585/GCF_020990585.1_ASM2099058v1/GCF_020990585.1_ASM2099058v1_genomic.gbff.gz [1887770/1887770] -> "refseq/source/GCF_020990585.1_ASM2099058v1_genomic.gbff.gz" [1]
2021-12-01 22:04:09 URL:https://ftp.ncbi.nlm.nih.gov/genomes/all/GCF/020/990/545/GCF_020990545.1_ASM2099054v1/GCF_020990545.1_ASM2099054v1_genomic.gbff.gz [1860575/1860575] -> "refseq/source/GCF_020990545.1_ASM2099054v1_genomic.gbff.gz" [1]
2021-12-01 22:04:09 URL:https://ftp.ncbi.nlm.nih.gov/genomes/all/GCF/020/990/605/GCF_020990605.1_ASM2099060v1/GCF_020990605.1_ASM2099060v1_genomic.gbff.gz [1887940/1887940] -> "refseq/source/GCF_020990605.1_ASM2099060v1_genomic.gbff.gz" [1]
2021-12-01 22:04:09 URL:https://ftp.ncbi.nlm.nih.gov/genomes/all/GCF/020/990/665/GCF_020990665.1_ASM2099066v1/GCF_020990665.1_ASM2099066v1_genomic.gbff.gz [1863865/1863865] -> "refseq/source/GCF_020990665.1_ASM2099066v1_genomic.gbff.gz" [1]
2021-12-01 22:04:09 URL:https://ftp.ncbi.nlm.nih.gov/genomes/all/GCF/020/990/625/GCF_020990625.1_ASM2099062v1/GCF_020990625.1_ASM2099062v1_genomic.gbff.gz [1889820/1889820] -> "refseq/source/GCF_020990625.1_ASM2099062v1_genomic.gbff.gz" [1]
2021-12-01 22:04:09 URL:https://ftp.ncbi.nlm.nih.gov/genomes/all/GCF/020/990/685/GCF_020990685.1_ASM2099068v1/GCF_020990685.1_ASM2099068v1_genomic.gbff.gz [1862822/1862822] -> "refseq/source/GCF_020990685.1_ASM2099068v1_genomic.gbff.gz" [1]
2021-12-01 22:04:09 URL:https://ftp.ncbi.nlm.nih.gov/genomes/all/GCF/020/990/645/GCF_020990645.1_ASM2099064v1/GCF_020990645.1_ASM2099064v1_genomic.gbff.gz [1863659/1863659] -> "refseq/source/GCF_020990645.1_ASM2099064v1_genomic.gbff.gz" [1]
2021-12-01 22:04:09 URL:https://ftp.ncbi.nlm.nih.gov/genomes/all/GCF/020/990/745/GCF_020990745.1_ASM2099074v1/GCF_020990745.1_ASM2099074v1_genomic.gbff.gz [1861583/1861583] -> "refseq/source/GCF_020990745.1_ASM2099074v1_genomic.gbff.gz" [1]
2021-12-01 22:04:09 URL:https://ftp.ncbi.nlm.nih.gov/genomes/all/GCF/020/990/705/GCF_020990705.1_ASM2099070v1/GCF_020990705.1_ASM2099070v1_genomic.gbff.gz [1861618/1861618] -> "refseq/source/GCF_020990705.1_ASM2099070v1_genomic.gbff.gz" [1]
2021-12-01 22:04:09 URL:https://ftp.ncbi.nlm.nih.gov/genomes/all/GCF/020/990/765/GCF_020990765.1_ASM2099076v1/GCF_020990765.1_ASM2099076v1_genomic.gbff.gz [1863049/1863049] -> "refseq/source/GCF_020990765.1_ASM2099076v1_genomic.gbff.gz" [1]
2021-12-01 22:04:09 URL:https://ftp.ncbi.nlm.nih.gov/genomes/all/GCF/020/990/725/GCF_020990725.1_ASM2099072v1/GCF_020990725.1_ASM2099072v1_genomic.gbff.gz [1863375/1863375] -> "refseq/source/GCF_020990725.1_ASM2099072v1_genomic.gbff.gz" [1]
2021-12-01 22:04:09 URL:https://ftp.ncbi.nlm.nih.gov/genomes/all/GCF/020/990/785/GCF_020990785.1_ASM2099078v1/GCF_020990785.1_ASM2099078v1_genomic.gbff.gz [1862516/1862516] -> "refseq/source/GCF_020990785.1_ASM2099078v1_genomic.gbff.gz" [1]
2021-12-01 22:04:09 URL:https://ftp.ncbi.nlm.nih.gov/genomes/all/GCF/020/991/045/GCF_020991045.1_ASM2099104v1/GCF_020991045.1_ASM2099104v1_genomic.gbff.gz [1888743/1888743] -> "refseq/source/GCF_020991045.1_ASM2099104v1_genomic.gbff.gz" [1]
2021-12-01 22:04:10 URL:https://ftp.ncbi.nlm.nih.gov/genomes/all/GCF/020/990/805/GCF_020990805.1_ASM2099080v1/GCF_020990805.1_ASM2099080v1_genomic.gbff.gz [1861553/1861553] -> "refseq/source/GCF_020990805.1_ASM2099080v1_genomic.gbff.gz" [1]
2021-12-01 22:04:12 URL:https://ftp.ncbi.nlm.nih.gov/genomes/all/GCF/018/866/245/GCF_018866245.1_ASM1886624v1/GCF_018866245.1_ASM1886624v1_genomic.gbff.gz [2410181/2410181] -> "refseq/source/GCF_018866245.1_ASM1886624v1_genomic.gbff.gz" [1]
2021-12-01 22:04:16 URL:https://ftp.ncbi.nlm.nih.gov/genomes/all/GCF/020/991/065/GCF_020991065.1_ASM2099106v1/GCF_020991065.1_ASM2099106v1_genomic.gbff.gz [3070471/3070471] -> "refseq/source/GCF_020991065.1_ASM2099106v1_genomic.gbff.gz" [1]
2021-12-01 22:04:16 URL:https://ftp.ncbi.nlm.nih.gov/genomes/all/GCF/020/991/085/GCF_020991085.1_ASM2099108v1/GCF_020991085.1_ASM2099108v1_genomic.gbff.gz [3875435/3875435] -> "refseq/source/GCF_020991085.1_ASM2099108v1_genomic.gbff.gz" [1]
Downloading virus genomes from RefSeq
Extracting protein sequences from downloaded files
Creating Borrows-Wheeler transform
# infilename= refseq/kaiju_db_refseq.faa
# outfilename= refseq/kaiju_db_refseq
# Alphabet= ACDEFGHIKLMNPQRSTVWY
# nThreads= 36
# length= 0.000000
# checkpoint= 3
# caseSens=OFF
# revComp=OFF
# term= *
# revsort=OFF
# help=OFF
Sequences read time = 197.820000s
SLEN 29890682154
NSEQ 91710812
ALPH *ACDEFGHIKLMNPQRSTVWY
/vortexfs1/home/katherine.lane/.conda/envs/kaiju/bin/kaiju-makedb: line 308: 232624 Killed                  kaiju-mkbwt -n $threadsBWT -e $exponentSA -a ACDEFGHIKLMNPQRSTVWY -o $DB/kaiju_db_$DB $DB/kaiju_db_$DB.faa
