Downloading taxdump.tar.gz

     0K .                                                      7.03K=0.3s2021-12-02 12:49:59 URL: ftp://ftp.ncbi.nlm.nih.gov/pub/taxonomy/taxdump.tar.gz [1800] -> ".listing" [1]

     0K .......... .......... .......... .......... ..........  0%  930K 60s
    50K .......... .......... .......... .......... ..........  0% 1.35M 50s
   100K .......... .......... .......... .......... ..........  0%  252M 33s
   150K .......... .......... .......... .......... ..........  0% 1.32M 35s
   200K .......... .......... .......... .......... ..........  0%  135M 28s
   250K .......... .......... .......... .......... ..........  0% 1.75M 29s
   300K .......... .......... .......... .......... ..........  0%  154M 25s
   350K .......... .......... .......... .......... ..........  0%  259M 21s
   400K .......... .......... .......... .......... ..........  0%  285M 19s
   450K .......... .......... .......... .......... ..........  0% 3.28M 19s
   500K .......... .......... .......... .......... ..........  0%  150M 17s
   550K .......... .......... .......... .......... ..........  1%  261M 16s
   600K .......... .......... .......... .......... ..........  1%  264M 14s
   650K .......... .......... .......... .......... ..........  1%  300M 13s
   700K .......... .......... .......... .......... ..........  1%  263M 13s
   750K .......... .......... .......... .......... ..........  1%  204M 12s
   800K .......... .......... .......... .......... ..........  1% 3.24M 12s
   850K .......... .......... .......... .......... ..........  1%  231M 11s
   900K .......... .......... .......... .......... ..........  1%  288M 11s
   950K .......... .......... .......... .......... ..........  1%  273M 10s
  1000K .......... .......... .......... .......... ..........  1%  280M 10s
  1050K .......... .......... .......... .......... ..........  1%  236M 9s
  1100K .......... .......... .......... .......... ..........  2%  288M 9s
  1150K .......... .......... .......... .......... ..........  2%  285M 9s
  1200K .......... .......... .......... .......... ..........  2%  288M 8s
  1250K .......... .......... .......... .......... ..........  2%  252M 8s
  1300K .......... .......... .......... .......... ..........  2% 3.43M 8s
  1350K .......... .......... .......... .......... ..........  2%  284M 8s
  1400K .......... .......... .......... .......... ..........  2%  147M 8s
  1450K .......... .......... .......... .......... ..........  2%  205M 7s
  1500K .......... .......... .......... .......... ..........  2%  220M 7s
  1550K .......... .......... .......... .......... ..........  2%  244M 7s
  1600K .......... .......... .......... .......... ..........  2%  235M 7s
  1650K .......... .......... .......... .......... ..........  3%  251M 6s
  1700K .......... .......... .......... .......... ..........  3%  285M 6s
  1750K .......... .......... .......... .......... ..........  3%  282M 6s
  1800K .......... .......... .......... .......... ..........  3%  277M 6s
  1850K .......... .......... .......... .......... ..........  3%  243M 6s
  1900K .......... .......... .......... .......... ..........  3%  284M 6s
  1950K .......... .......... .......... .......... ..........  3%  287M 6s
  2000K .......... .......... .......... .......... ..........  3%  283M 5s
  2050K .......... .......... .......... .......... ..........  3%  113M 5s
  2100K .......... .......... .......... .......... ..........  3%  282M 5s
  2150K .......... .......... .......... .......... ..........  3%  281M 5s
  2200K .......... .......... .......... .......... ..........  4%  284M 5s
  2250K .......... .......... .......... .......... ..........  4%  243M 5s
  2300K .......... .......... .......... .......... ..........  4%  281M 5s
  2350K .......... .......... .......... .......... ..........  4%  272M 5s
  2400K .......... .......... .......... .......... ..........  4%  289M 4s
  2450K .......... .......... .......... .......... ..........  4% 4.73M 5s
  2500K .......... .......... .......... .......... ..........  4%  270M 5s
  2550K .......... .......... .......... .......... ..........  4%  212M 4s
  2600K .......... .......... .......... .......... ..........  4%  290M 4s
  2650K .......... .......... .......... .......... ..........  4%  295M 4s
  2700K .......... .......... .......... .......... ..........  4%  291M 4s
  2750K .......... .......... .......... .......... ..........  5% 35.1M 4s
  2800K .......... .......... .......... .......... ..........  5%  130M 4s
  2850K .......... .......... .......... .......... ..........  5%  243M 4s
  2900K .......... .......... .......... .......... ..........  5%  282M 4s
  2950K .......... .......... .......... .......... ..........  5% 4.70M 4s
  3000K .......... .......... .......... .......... ..........  5%  220M 4s
  3050K .......... .......... .......... .......... ..........  5%  283M 4s
  3100K .......... .......... .......... .......... ..........  5%  245M 4s
  3150K .......... .......... .......... .......... ..........  5%  287M 4s
  3200K .......... .......... .......... .......... ..........  5%  288M 4s
  3250K .......... .......... .......... .......... ..........  5%  284M 4s
  3300K .......... .......... .......... .......... ..........  6%  248M 4s
  3350K .......... .......... .......... .......... ..........  6%  286M 4s
  3400K .......... .......... .......... .......... ..........  6%  273M 4s
  3450K .......... .......... .......... .......... ..........  6%  280M 3s
  3500K .......... .......... .......... .......... ..........  6%  247M 3s
  3550K .......... .......... .......... .......... ..........  6%  272M 3s
  3600K .......... .......... .......... .......... ..........  6%  274M 3s
  3650K .......... .......... .......... .......... ..........  6%  274M 3s
  3700K .......... .......... .......... .......... ..........  6%  230M 3s
  3750K .......... .......... .......... .......... ..........  6%  265M 3s
  3800K .......... .......... .......... .......... ..........  6%  283M 3s
  3850K .......... .......... .......... .......... ..........  7%  281M 3s
  3900K .......... .......... .......... .......... ..........  7%  247M 3s
  3950K .......... .......... .......... .......... ..........  7%  276M 3s
  4000K .......... .......... .......... .......... ..........  7%  279M 3s
  4050K .......... .......... .......... .......... ..........  7%  269M 3s
  4100K .......... .......... .......... .......... ..........  7%  111M 3s
  4150K .......... .......... .......... .......... ..........  7%  260M 3s
  4200K .......... .......... .......... .......... ..........  7%  273M 3s
  4250K .......... .......... .......... .......... ..........  7%  281M 3s
  4300K .......... .......... .......... .......... ..........  7%  243M 3s
  4350K .......... .......... .......... .......... ..........  7%  280M 3s
  4400K .......... .......... .......... .......... ..........  8%  274M 3s
  4450K .......... .......... .......... .......... ..........  8%  280M 3s
  4500K .......... .......... .......... .......... ..........  8%  252M 3s
  4550K .......... .......... .......... .......... ..........  8%  286M 3s
  4600K .......... .......... .......... .......... ..........  8%  287M 3s
  4650K .......... .......... .......... .......... ..........  8%  286M 3s
  4700K .......... .......... .......... .......... ..........  8%  249M 3s
  4750K .......... .......... .......... .......... ..........  8%  287M 3s
  4800K .......... .......... .......... .......... ..........  8%  288M 2s
  4850K .......... .......... .......... .......... ..........  8%  287M 2s
  4900K .......... .......... .......... .......... ..........  8%  252M 2s
  4950K .......... .......... .......... .......... ..........  9%  286M 2s
  5000K .......... .......... .......... .......... ..........  9%  283M 2s
  5050K .......... .......... .......... .......... ..........  9% 6.70M 2s
  5100K .......... .......... .......... .......... ..........  9% 72.5M 2s
  5150K .......... .......... .......... .......... ..........  9%  211M 2s
  5200K .......... .......... .......... .......... ..........  9%  244M 2s
  5250K .......... .......... .......... .......... ..........  9%  238M 2s
  5300K .......... .......... .......... .......... ..........  9%  260M 2s
  5350K .......... .......... .......... .......... ..........  9%  247M 2s
  5400K .......... .......... .......... .......... ..........  9%  256M 2s
  5450K .......... .......... .......... .......... ..........  9%  262M 2s
  5500K .......... .......... .......... .......... .......... 10%  289M 2s
  5550K .......... .......... .......... .......... .......... 10%  252M 2s
  5600K .......... .......... .......... .......... .......... 10%  289M 2s
  5650K .......... .......... .......... .......... .......... 10%  281M 2s
  5700K .......... .......... .......... .......... .......... 10%  291M 2s
  5750K .......... .......... .......... .......... .......... 10%  250M 2s
  5800K .......... .......... .......... .......... .......... 10%  286M 2s
  5850K .......... .......... .......... .......... .......... 10%  281M 2s
  5900K .......... .......... .......... .......... .......... 10%  279M 2s
  5950K .......... .......... .......... .......... .......... 10%  248M 2s
  6000K .......... .......... .......... .......... .......... 10%  282M 2s
  6050K .......... .......... .......... .......... .......... 11%  286M 2s
  6100K .......... .......... .......... .......... .......... 11%  284M 2s
  6150K .......... .......... .......... .......... .......... 11%  114M 2s
  6200K .......... .......... .......... .......... .......... 11%  281M 2s
  6250K .......... .......... .......... .......... .......... 11%  275M 2s
  6300K .......... .......... .......... .......... .......... 11%  271M 2s
  6350K .......... .......... .......... .......... .......... 11%  247M 2s
  6400K .......... .......... .......... .......... .......... 11%  277M 2s
  6450K .......... .......... .......... .......... .......... 11%  283M 2s
  6500K .......... .......... .......... .......... .......... 11%  281M 2s
  6550K .......... .......... .......... .......... .......... 11%  247M 2s
  6600K .......... .......... .......... .......... .......... 11%  284M 2s
  6650K .......... .......... .......... .......... .......... 12%  284M 2s
  6700K .......... .......... .......... .......... .......... 12% 20.8M 2s
  6750K .......... .......... .......... .......... .......... 12%  229M 2s
  6800K .......... .......... .......... .......... .......... 12%  274M 2s
  6850K .......... .......... .......... .......... .......... 12%  275M 2s
  6900K .......... .......... .......... .......... .......... 12%  254M 2s
  6950K .......... .......... .......... .......... .......... 12%  237M 2s
  7000K .......... .......... .......... .......... .......... 12%  284M 2s
  7050K .......... .......... .......... .......... .......... 12%  285M 2s
  7100K .......... .......... .......... .......... .......... 12%  284M 2s
  7150K .......... .......... .......... .......... .......... 12%  243M 2s
  7200K .......... .......... .......... .......... .......... 13%  271M 2s
  7250K .......... .......... .......... .......... .......... 13%  303M 2s
  7300K .......... .......... .......... .......... .......... 13%  295M 2s
  7350K .......... .......... .......... .......... .......... 13%  258M 2s
  7400K .......... .......... .......... .......... .......... 13%  299M 2s
  7450K .......... .......... .......... .......... .......... 13% 13.7M 2s
  7500K .......... .......... .......... .......... .......... 13%  241M 2s
  7550K .......... .......... .......... .......... .......... 13%  255M 2s
  7600K .......... .......... .......... .......... .......... 13%  301M 2s
  7650K .......... .......... .......... .......... .......... 13%  255M 2s
  7700K .......... .......... .......... .......... .......... 13%  302M 2s
  7750K .......... .......... .......... .......... .......... 14%  305M 2s
  7800K .......... .......... .......... .......... .......... 14%  304M 2s
  7850K .......... .......... .......... .......... .......... 14%  265M 2s
  7900K .......... .......... .......... .......... .......... 14%  298M 2s
  7950K .......... .......... .......... .......... .......... 14% 23.5M 2s
  8000K .......... .......... .......... .......... .......... 14%  213M 2s
  8050K .......... .......... .......... .......... .......... 14%  235M 2s
  8100K .......... .......... .......... .......... .......... 14%  273M 2s
  8150K .......... .......... .......... .......... .......... 14%  108M 2s
  8200K .......... .......... .......... .......... .......... 14%  280M 2s
  8250K .......... .......... .......... .......... .......... 14%  289M 2s
  8300K .......... .......... .......... .......... .......... 15%  289M 2s
  8350K .......... .......... .......... .......... .......... 15%  242M 1s
  8400K .......... .......... .......... .......... .......... 15%  256M 1s
  8450K .......... .......... .......... .......... .......... 15%  266M 1s
  8500K .......... .......... .......... .......... .......... 15%  277M 1s
  8550K .......... .......... .......... .......... .......... 15%  249M 1s
  8600K .......... .......... .......... .......... .......... 15%  287M 1s
  8650K .......... .......... .......... .......... .......... 15%  290M 1s
  8700K .......... .......... .......... .......... .......... 15%  283M 1s
  8750K .......... .......... .......... .......... .......... 15%  240M 1s
  8800K .......... .......... .......... .......... .......... 15%  306M 1s
  8850K .......... .......... .......... .......... .......... 16%  303M 1s
  8900K .......... .......... .......... .......... .......... 16%  302M 1s
  8950K .......... .......... .......... .......... .......... 16%  260M 1s
  9000K .......... .......... .......... .......... .......... 16%  304M 1s
  9050K .......... .......... .......... .......... .......... 16%  302M 1s
  9100K .......... .......... .......... .......... .......... 16%  300M 1s
  9150K .......... .......... .......... .......... .......... 16%  266M 1s
  9200K .......... .......... .......... .......... .......... 16%  295M 1s
  9250K .......... .......... .......... .......... .......... 16%  289M 1s
  9300K .......... .......... .......... .......... .......... 16%  305M 1s
  9350K .......... .......... .......... .......... .......... 16%  243M 1s
  9400K .......... .......... .......... .......... .......... 17%  300M 1s
  9450K .......... .......... .......... .......... .......... 17% 29.0M 1s
  9500K .......... .......... .......... .......... .......... 17%  268M 1s
  9550K .......... .......... .......... .......... .......... 17%  284M 1s
  9600K .......... .......... .......... .......... .......... 17%  282M 1s
  9650K .......... .......... .......... .......... .......... 17%  243M 1s
  9700K .......... .......... .......... .......... .......... 17%  282M 1s
  9750K .......... .......... .......... .......... .......... 17%  286M 1s
  9800K .......... .......... .......... .......... .......... 17%  287M 1s
  9850K .......... .......... .......... .......... .......... 17%  248M 1s
  9900K .......... .......... .......... .......... .......... 17%  285M 1s
  9950K .......... .......... .......... .......... .......... 18%  281M 1s
 10000K .......... .......... .......... .......... .......... 18%  285M 1s
 10050K .......... .......... .......... .......... .......... 18%  249M 1s
 10100K .......... .......... .......... .......... .......... 18%  283M 1s
 10150K .......... .......... .......... .......... .......... 18% 25.9M 1s
 10200K .......... .......... .......... .......... .......... 18%  114M 1s
 10250K .......... .......... .......... .......... .......... 18%  276M 1s
 10300K .......... .......... .......... .......... .......... 18%  284M 1s
 10350K .......... .......... .......... .......... .......... 18%  287M 1s
 10400K .......... .......... .......... .......... .......... 18%  247M 1s
 10450K .......... .......... .......... .......... .......... 18%  282M 1s
 10500K .......... .......... .......... .......... .......... 19%  284M 1s
 10550K .......... .......... .......... .......... .......... 19%  270M 1s
 10600K .......... .......... .......... .......... .......... 19%  253M 1s
 10650K .......... .......... .......... .......... .......... 19%  291M 1s
 10700K .......... .......... .......... .......... .......... 19% 27.0M 1s
 10750K .......... .......... .......... .......... .......... 19%  188M 1s
 10800K .......... .......... .......... .......... .......... 19%  283M 1s
 10850K .......... .......... .......... .......... .......... 19%  256M 1s
 10900K .......... .......... .......... .......... .......... 19%  265M 1s
 10950K .......... .......... .......... .......... .......... 19%  238M 1s
 11000K .......... .......... .......... .......... .......... 19%  291M 1s
 11050K .......... .......... .......... .......... .......... 20%  292M 1s
 11100K .......... .......... .......... .......... .......... 20%  278M 1s
 11150K .......... .......... .......... .......... .......... 20%  222M 1s
 11200K .......... .......... .......... .......... .......... 20%  272M 1s
 11250K .......... .......... .......... .......... .......... 20%  278M 1s
 11300K .......... .......... .......... .......... .......... 20%  272M 1s
 11350K .......... .......... .......... .......... .......... 20%  244M 1s
 11400K .......... .......... .......... .......... .......... 20%  279M 1s
 11450K .......... .......... .......... .......... .......... 20%  278M 1s
 11500K .......... .......... .......... .......... .......... 20%  268M 1s
 11550K .......... .......... .......... .......... .......... 20%  252M 1s
 11600K .......... .......... .......... .......... .......... 21%  286M 1s
 11650K .......... .......... .......... .......... .......... 21%  286M 1s
 11700K .......... .......... .......... .......... .......... 21%  286M 1s
 11750K .......... .......... .......... .......... .......... 21%  247M 1s
 11800K .......... .......... .......... .......... .......... 21% 17.2M 1s
 11850K .......... .......... .......... .......... .......... 21%  231M 1s
 11900K .......... .......... .......... .......... .......... 21%  228M 1s
 11950K .......... .......... .......... .......... .......... 21%  250M 1s
 12000K .......... .......... .......... .......... .......... 21%  288M 1s
 12050K .......... .......... .......... .......... .......... 21%  278M 1s
 12100K .......... .......... .......... .......... .......... 21%  282M 1s
 12150K .......... .......... .......... .......... .......... 22%  252M 1s
 12200K .......... .......... .......... .......... .......... 22%  287M 1s
 12250K .......... .......... .......... .......... .......... 22%  126M 1s
 12300K .......... .......... .......... .......... .......... 22%  275M 1s
 12350K .......... .......... .......... .......... .......... 22%  250M 1s
 12400K .......... .......... .......... .......... .......... 22%  287M 1s
 12450K .......... .......... .......... .......... .......... 22%  287M 1s
 12500K .......... .......... .......... .......... .......... 22%  285M 1s
 12550K .......... .......... .......... .......... .......... 22% 24.0M 1s
 12600K .......... .......... .......... .......... .......... 22%  208M 1s
 12650K .......... .......... .......... .......... .......... 22%  229M 1s
 12700K .......... .......... .......... .......... .......... 22%  219M 1s
 12750K .......... .......... .......... .......... .......... 23%  261M 1s
 12800K .......... .......... .......... .......... .......... 23%  285M 1s
 12850K .......... .......... .......... .......... .......... 23%  278M 1s
 12900K .......... .......... .......... .......... .......... 23%  245M 1s
 12950K .......... .......... .......... .......... .......... 23%  286M 1s
 13000K .......... .......... .......... .......... .......... 23%  253M 1s
 13050K .......... .......... .......... .......... .......... 23%  282M 1s
 13100K .......... .......... .......... .......... .......... 23%  244M 1s
 13150K .......... .......... .......... .......... .......... 23%  277M 1s
 13200K .......... .......... .......... .......... .......... 23%  282M 1s
 13250K .......... .......... .......... .......... .......... 23%  278M 1s
 13300K .......... .......... .......... .......... .......... 24%  242M 1s
 13350K .......... .......... .......... .......... .......... 24%  277M 1s
 13400K .......... .......... .......... .......... .......... 24%  120M 1s
 13450K .......... .......... .......... .......... .......... 24%  256M 1s
 13500K .......... .......... .......... .......... .......... 24%  216M 1s
 13550K .......... .......... .......... .......... .......... 24%  262M 1s
 13600K .......... .......... .......... .......... .......... 24%  205M 1s
 13650K .......... .......... .......... .......... .......... 24%  261M 1s
 13700K .......... .......... .......... .......... .......... 24%  272M 1s
 13750K .......... .......... .......... .......... .......... 24%  264M 1s
 13800K .......... .......... .......... .......... .......... 24%  239M 1s
 13850K .......... .......... .......... .......... .......... 25%  275M 1s
 13900K .......... .......... .......... .......... .......... 25%  277M 1s
 13950K .......... .......... .......... .......... .......... 25%  271M 1s
 14000K .......... .......... .......... .......... .......... 25%  234M 1s
 14050K .......... .......... .......... .......... .......... 25%  278M 1s
 14100K .......... .......... .......... .......... .......... 25%  278M 1s
 14150K .......... .......... .......... .......... .......... 25%  276M 1s
 14200K .......... .......... .......... .......... .......... 25%  241M 1s
 14250K .......... .......... .......... .......... .......... 25%  263M 1s
 14300K .......... .......... .......... .......... .......... 25%  127M 1s
 14350K .......... .......... .......... .......... .......... 25%  274M 1s
 14400K .......... .......... .......... .......... .......... 26%  247M 1s
 14450K .......... .......... .......... .......... .......... 26% 19.5M 1s
 14500K .......... .......... .......... .......... .......... 26%  225M 1s
 14550K .......... .......... .......... .......... .......... 26%  226M 1s
 14600K .......... .......... .......... .......... .......... 26%  215M 1s
 14650K .......... .......... .......... .......... .......... 26%  288M 1s
 14700K .......... .......... .......... .......... .......... 26%  278M 1s
 14750K .......... .......... .......... .......... .......... 26%  216M 1s
 14800K .......... .......... .......... .......... .......... 26%  245M 1s
 14850K .......... .......... .......... .......... .......... 26%  283M 1s
 14900K .......... .......... .......... .......... .......... 26%  282M 1s
 14950K .......... .......... .......... .......... .......... 27%  280M 1s
 15000K .......... .......... .......... .......... .......... 27%  246M 1s
 15050K .......... .......... .......... .......... .......... 27%  278M 1s
 15100K .......... .......... .......... .......... .......... 27%  272M 1s
 15150K .......... .......... .......... .......... .......... 27%  289M 1s
 15200K .......... .......... .......... .......... .......... 27%  253M 1s
 15250K .......... .......... .......... .......... .......... 27%  285M 1s
 15300K .......... .......... .......... .......... .......... 27% 24.3M 1s
 15350K .......... .......... .......... .......... .......... 27%  194M 1s
 15400K .......... .......... .......... .......... .......... 27%  286M 1s
 15450K .......... .......... .......... .......... .......... 27%  257M 1s
 15500K .......... .......... .......... .......... .......... 28%  280M 1s
 15550K .......... .......... .......... .......... .......... 28%  241M 1s
 15600K .......... .......... .......... .......... .......... 28%  276M 1s
 15650K .......... .......... .......... .......... .......... 28%  279M 1s
 15700K .......... .......... .......... .......... .......... 28%  279M 1s
 15750K .......... .......... .......... .......... .......... 28%  242M 1s
 15800K .......... .......... .......... .......... .......... 28%  276M 1s
 15850K .......... .......... .......... .......... .......... 28%  278M 1s
 15900K .......... .......... .......... .......... .......... 28% 61.2M 1s
 15950K .......... .......... .......... .......... .......... 28%  125M 1s
 16000K .......... .......... .......... .......... .......... 28%  239M 1s
 16050K .......... .......... .......... .......... .......... 29%  276M 1s
 16100K .......... .......... .......... .......... .......... 29%  246M 1s
 16150K .......... .......... .......... .......... .......... 29%  270M 1s
 16200K .......... .......... .......... .......... .......... 29%  233M 1s
 16250K .......... .......... .......... .......... .......... 29%  257M 1s
 16300K .......... .......... .......... .......... .......... 29%  280M 1s
 16350K .......... .......... .......... .......... .......... 29%  115M 1s
 16400K .......... .......... .......... .......... .......... 29%  238M 1s
 16450K .......... .......... .......... .......... .......... 29%  281M 1s
 16500K .......... .......... .......... .......... .......... 29%  281M 1s
 16550K .......... .......... .......... .......... .......... 29%  281M 1s
 16600K .......... .......... .......... .......... .......... 30%  243M 1s
 16650K .......... .......... .......... .......... .......... 30%  284M 1s
 16700K .......... .......... .......... .......... .......... 30%  266M 1s
 16750K .......... .......... .......... .......... .......... 30%  285M 1s
 16800K .......... .......... .......... .......... .......... 30%  252M 1s
 16850K .......... .......... .......... .......... .......... 30%  289M 1s
 16900K .......... .......... .......... .......... .......... 30%  291M 1s
 16950K .......... .......... .......... .......... .......... 30%  283M 1s
 17000K .......... .......... .......... .......... .......... 30%  251M 1s
 17050K .......... .......... .......... .......... .......... 30%  289M 1s
 17100K .......... .......... .......... .......... .......... 30%  291M 1s
 17150K .......... .......... .......... .......... .......... 31% 23.4M 1s
 17200K .......... .......... .......... .......... .......... 31%  239M 1s
 17250K .......... .......... .......... .......... .......... 31%  277M 1s
 17300K .......... .......... .......... .......... .......... 31%  291M 1s
 17350K .......... .......... .......... .......... .......... 31%  285M 1s
 17400K .......... .......... .......... .......... .......... 31%  248M 1s
 17450K .......... .......... .......... .......... .......... 31%  257M 1s
 17500K .......... .......... .......... .......... .......... 31%  224M 1s
 17550K .......... .......... .......... .......... .......... 31%  272M 1s
 17600K .......... .......... .......... .......... .......... 31%  246M 1s
 17650K .......... .......... .......... .......... .......... 31%  279M 1s
 17700K .......... .......... .......... .......... .......... 32%  282M 1s
 17750K .......... .......... .......... .......... .......... 32%  283M 1s
 17800K .......... .......... .......... .......... .......... 32%  241M 1s
 17850K .......... .......... .......... .......... .......... 32%  270M 1s
 17900K .......... .......... .......... .......... .......... 32%  280M 1s
 17950K .......... .......... .......... .......... .......... 32% 24.5M 1s
 18000K .......... .......... .......... .......... .......... 32%  215M 1s
 18050K .......... .......... .......... .......... .......... 32%  214M 1s
 18100K .......... .......... .......... .......... .......... 32%  209M 1s
 18150K .......... .......... .......... .......... .......... 32%  263M 1s
 18200K .......... .......... .......... .......... .......... 32%  268M 1s
 18250K .......... .......... .......... .......... .......... 33%  276M 1s
 18300K .......... .......... .......... .......... .......... 33%  240M 1s
 18350K .......... .......... .......... .......... .......... 33%  273M 1s
 18400K .......... .......... .......... .......... .......... 33%  137M 1s
 18450K .......... .......... .......... .......... .......... 33%  282M 1s
 18500K .......... .......... .......... .......... .......... 33%  247M 1s
 18550K .......... .......... .......... .......... .......... 33%  282M 1s
 18600K .......... .......... .......... .......... .......... 33%  271M 1s
 18650K .......... .......... .......... .......... .......... 33%  106M 1s
 18700K .......... .......... .......... .......... .......... 33%  229M 1s
 18750K .......... .......... .......... .......... .......... 33%  278M 1s
 18800K .......... .......... .......... .......... .......... 34%  199M 1s
 18850K .......... .......... .......... .......... .......... 34%  245M 1s
 18900K .......... .......... .......... .......... .......... 34%  271M 1s
 18950K .......... .......... .......... .......... .......... 34%  236M 1s
 19000K .......... .......... .......... .......... .......... 34%  246M 1s
 19050K .......... .......... .......... .......... .......... 34%  260M 1s
 19100K .......... .......... .......... .......... .......... 34%  289M 1s
 19150K .......... .......... .......... .......... .......... 34%  286M 1s
 19200K .......... .......... .......... .......... .......... 34%  252M 1s
 19250K .......... .......... .......... .......... .......... 34%  287M 1s
 19300K .......... .......... .......... .......... .......... 34%  283M 1s
 19350K .......... .......... .......... .......... .......... 34%  278M 1s
 19400K .......... .......... .......... .......... .......... 35%  250M 1s
 19450K .......... .......... .......... .......... .......... 35%  286M 1s
 19500K .......... .......... .......... .......... .......... 35%  285M 1s
 19550K .......... .......... .......... .......... .......... 35%  287M 1s
 19600K .......... .......... .......... .......... .......... 35%  247M 1s
 19650K .......... .......... .......... .......... .......... 35%  286M 1s
 19700K .......... .......... .......... .......... .......... 35% 14.0M 1s
 19750K .......... .......... .......... .......... .......... 35%  250M 1s
 19800K .......... .......... .......... .......... .......... 35%  245M 1s
 19850K .......... .......... .......... .......... .......... 35%  271M 1s
 19900K .......... .......... .......... .......... .......... 35%  282M 1s
 19950K .......... .......... .......... .......... .......... 36%  232M 1s
 20000K .......... .......... .......... .......... .......... 36%  268M 1s
 20050K .......... .......... .......... .......... .......... 36%  267M 1s
 20100K .......... .......... .......... .......... .......... 36%  279M 1s
 20150K .......... .......... .......... .......... .......... 36%  244M 1s
 20200K .......... .......... .......... .......... .......... 36%  279M 1s
 20250K .......... .......... .......... .......... .......... 36%  279M 1s
 20300K .......... .......... .......... .......... .......... 36%  276M 1s
 20350K .......... .......... .......... .......... .......... 36%  232M 1s
 20400K .......... .......... .......... .......... .......... 36%  286M 1s
 20450K .......... .......... .......... .......... .......... 36%  128M 1s
 20500K .......... .......... .......... .......... .......... 37%  292M 1s
 20550K .......... .......... .......... .......... .......... 37%  249M 1s
 20600K .......... .......... .......... .......... .......... 37%  294M 1s
 20650K .......... .......... .......... .......... .......... 37% 29.7M 1s
 20700K .......... .......... .......... .......... .......... 37%  228M 1s
 20750K .......... .......... .......... .......... .......... 37%  246M 1s
 20800K .......... .......... .......... .......... .......... 37%  295M 1s
 20850K .......... .......... .......... .......... .......... 37%  291M 1s
 20900K .......... .......... .......... .......... .......... 37%  296M 1s
 20950K .......... .......... .......... .......... .......... 37%  250M 1s
 21000K .......... .......... .......... .......... .......... 37%  292M 1s
 21050K .......... .......... .......... .......... .......... 38%  292M 1s
 21100K .......... .......... .......... .......... .......... 38%  294M 1s
 21150K .......... .......... .......... .......... .......... 38%  252M 1s
 21200K .......... .......... .......... .......... .......... 38%  290M 1s
 21250K .......... .......... .......... .......... .......... 38%  284M 1s
 21300K .......... .......... .......... .......... .......... 38%  290M 1s
 21350K .......... .......... .......... .......... .......... 38%  240M 1s
 21400K .......... .......... .......... .......... .......... 38%  282M 1s
 21450K .......... .......... .......... .......... .......... 38%  277M 1s
 21500K .......... .......... .......... .......... .......... 38%  251M 1s
 21550K .......... .......... .......... .......... .......... 38%  183M 1s
 21600K .......... .......... .......... .......... .......... 39%  272M 1s
 21650K .......... .......... .......... .......... .......... 39%  280M 1s
 21700K .......... .......... .......... .......... .......... 39%  272M 1s
 21750K .......... .......... .......... .......... .......... 39%  232M 1s
 21800K .......... .......... .......... .......... .......... 39%  259M 1s
 21850K .......... .......... .......... .......... .......... 39%  285M 1s
 21900K .......... .......... .......... .......... .......... 39%  282M 1s
 21950K .......... .......... .......... .......... .......... 39%  253M 1s
 22000K .......... .......... .......... .......... .......... 39%  290M 1s
 22050K .......... .......... .......... .......... .......... 39%  270M 1s
 22100K .......... .......... .......... .......... .......... 39%  275M 1s
 22150K .......... .......... .......... .......... .......... 40%  250M 1s
 22200K .......... .......... .......... .......... .......... 40%  286M 1s
 22250K .......... .......... .......... .......... .......... 40%  287M 1s
 22300K .......... .......... .......... .......... .......... 40%  288M 1s
 22350K .......... .......... .......... .......... .......... 40%  246M 1s
 22400K .......... .......... .......... .......... .......... 40%  286M 1s
 22450K .......... .......... .......... .......... .......... 40%  286M 1s
 22500K .......... .......... .......... .......... .......... 40% 15.5M 1s
 22550K .......... .......... .......... .......... .......... 40%  287M 1s
 22600K .......... .......... .......... .......... .......... 40%  277M 1s
 22650K .......... .......... .......... .......... .......... 40%  204M 1s
 22700K .......... .......... .......... .......... .......... 41%  281M 0s
 22750K .......... .......... .......... .......... .......... 41%  287M 0s
 22800K .......... .......... .......... .......... .......... 41%  284M 0s
 22850K .......... .......... .......... .......... .......... 41%  245M 0s
 22900K .......... .......... .......... .......... .......... 41%  288M 0s
 22950K .......... .......... .......... .......... .......... 41%  294M 0s
 23000K .......... .......... .......... .......... .......... 41%  291M 0s
 23050K .......... .......... .......... .......... .......... 41%  252M 0s
 23100K .......... .......... .......... .......... .......... 41%  291M 0s
 23150K .......... .......... .......... .......... .......... 41%  285M 0s
 23200K .......... .......... .......... .......... .......... 41%  287M 0s
 23250K .......... .......... .......... .......... .......... 42% 20.9M 0s
 23300K .......... .......... .......... .......... .......... 42%  244M 0s
 23350K .......... .......... .......... .......... .......... 42%  196M 0s
 23400K .......... .......... .......... .......... .......... 42%  237M 0s
 23450K .......... .......... .......... .......... .......... 42%  248M 0s
 23500K .......... .......... .......... .......... .......... 42%  290M 0s
 23550K .......... .......... .......... .......... .......... 42%  251M 0s
 23600K .......... .......... .......... .......... .......... 42%  288M 0s
 23650K .......... .......... .......... .......... .......... 42%  285M 0s
 23700K .......... .......... .......... .......... .......... 42%  288M 0s
 23750K .......... .......... .......... .......... .......... 42%  251M 0s
 23800K .......... .......... .......... .......... .......... 43%  288M 0s
 23850K .......... .......... .......... .......... .......... 43%  288M 0s
 23900K .......... .......... .......... .......... .......... 43%  287M 0s
 23950K .......... .......... .......... .......... .......... 43% 87.0M 0s
 24000K .......... .......... .......... .......... .......... 43%  191M 0s
 24050K .......... .......... .......... .......... .......... 43%  226M 0s
 24100K .......... .......... .......... .......... .......... 43%  260M 0s
 24150K .......... .......... .......... .......... .......... 43%  218M 0s
 24200K .......... .......... .......... .......... .......... 43%  220M 0s
 24250K .......... .......... .......... .......... .......... 43%  274M 0s
 24300K .......... .......... .......... .......... .......... 43%  278M 0s
 24350K .......... .......... .......... .......... .......... 44%  269M 0s
 24400K .......... .......... .......... .......... .......... 44%  242M 0s
 24450K .......... .......... .......... .......... .......... 44%  275M 0s
 24500K .......... .......... .......... .......... .......... 44%  278M 0s
 24550K .......... .......... .......... .......... .......... 44%  114M 0s
 24600K .......... .......... .......... .......... .......... 44%  251M 0s
 24650K .......... .......... .......... .......... .......... 44%  288M 0s
 24700K .......... .......... .......... .......... .......... 44%  285M 0s
 24750K .......... .......... .......... .......... .......... 44%  287M 0s
 24800K .......... .......... .......... .......... .......... 44%  240M 0s
 24850K .......... .......... .......... .......... .......... 44%  282M 0s
 24900K .......... .......... .......... .......... .......... 45%  282M 0s
 24950K .......... .......... .......... .......... .......... 45%  284M 0s
 25000K .......... .......... .......... .......... .......... 45%  247M 0s
 25050K .......... .......... .......... .......... .......... 45%  283M 0s
 25100K .......... .......... .......... .......... .......... 45%  280M 0s
 25150K .......... .......... .......... .......... .......... 45%  284M 0s
 25200K .......... .......... .......... .......... .......... 45% 22.8M 0s
 25250K .......... .......... .......... .......... .......... 45%  182M 0s
 25300K .......... .......... .......... .......... .......... 45%  284M 0s
 25350K .......... .......... .......... .......... .......... 45%  275M 0s
 25400K .......... .......... .......... .......... .......... 45%  235M 0s
 25450K .......... .......... .......... .......... .......... 45%  244M 0s
 25500K .......... .......... .......... .......... .......... 46%  291M 0s
 25550K .......... .......... .......... .......... .......... 46%  291M 0s
 25600K .......... .......... .......... .......... .......... 46%  290M 0s
 25650K .......... .......... .......... .......... .......... 46%  251M 0s
 25700K .......... .......... .......... .......... .......... 46%  291M 0s
 25750K .......... .......... .......... .......... .......... 46%  287M 0s
 25800K .......... .......... .......... .......... .......... 46%  287M 0s
 25850K .......... .......... .......... .......... .......... 46%  232M 0s
 25900K .......... .......... .......... .......... .......... 46%  230M 0s
 25950K .......... .......... .......... .......... .......... 46%  276M 0s
 26000K .......... .......... .......... .......... .......... 46% 19.9M 0s
 26050K .......... .......... .......... .......... .......... 47%  235M 0s
 26100K .......... .......... .......... .......... .......... 47%  277M 0s
 26150K .......... .......... .......... .......... .......... 47%  246M 0s
 26200K .......... .......... .......... .......... .......... 47%  277M 0s
 26250K .......... .......... .......... .......... .......... 47%  281M 0s
 26300K .......... .......... .......... .......... .......... 47%  278M 0s
 26350K .......... .......... .......... .......... .......... 47%  244M 0s
 26400K .......... .......... .......... .......... .......... 47%  274M 0s
 26450K .......... .......... .......... .......... .......... 47%  282M 0s
 26500K .......... .......... .......... .......... .......... 47%  277M 0s
 26550K .......... .......... .......... .......... .......... 47%  241M 0s
 26600K .......... .......... .......... .......... .......... 48% 68.0M 0s
 26650K .......... .......... .......... .......... .......... 48%  212M 0s
 26700K .......... .......... .......... .......... .......... 48%  281M 0s
 26750K .......... .......... .......... .......... .......... 48%  271M 0s
 26800K .......... .......... .......... .......... .......... 48%  282M 0s
 26850K .......... .......... .......... .......... .......... 48%  249M 0s
 26900K .......... .......... .......... .......... .......... 48%  285M 0s
 26950K .......... .......... .......... .......... .......... 48%  284M 0s
 27000K .......... .......... .......... .......... .......... 48%  282M 0s
 27050K .......... .......... .......... .......... .......... 48%  233M 0s
 27100K .......... .......... .......... .......... .......... 48%  266M 0s
 27150K .......... .......... .......... .......... .......... 49%  283M 0s
 27200K .......... .......... .......... .......... .......... 49%  280M 0s
 27250K .......... .......... .......... .......... .......... 49%  242M 0s
 27300K .......... .......... .......... .......... .......... 49%  283M 0s
 27350K .......... .......... .......... .......... .......... 49%  290M 0s
 27400K .......... .......... .......... .......... .......... 49%  288M 0s
 27450K .......... .......... .......... .......... .......... 49%  251M 0s
 27500K .......... .......... .......... .......... .......... 49%  288M 0s
 27550K .......... .......... .......... .......... .......... 49%  284M 0s
 27600K .......... .......... .......... .......... .......... 49%  286M 0s
 27650K .......... .......... .......... .......... .......... 49%  248M 0s
 27700K .......... .......... .......... .......... .......... 50%  287M 0s
 27750K .......... .......... .......... .......... .......... 50% 18.3M 0s
 27800K .......... .......... .......... .......... .......... 50%  228M 0s
 27850K .......... .......... .......... .......... .......... 50%  280M 0s
 27900K .......... .......... .......... .......... .......... 50%  278M 0s
 27950K .......... .......... .......... .......... .......... 50%  250M 0s
 28000K .......... .......... .......... .......... .......... 50%  280M 0s
 28050K .......... .......... .......... .......... .......... 50%  276M 0s
 28100K .......... .......... .......... .......... .......... 50%  271M 0s
 28150K .......... .......... .......... .......... .......... 50%  250M 0s
 28200K .......... .......... .......... .......... .......... 50%  282M 0s
 28250K .......... .......... .......... .......... .......... 51%  281M 0s
 28300K .......... .......... .......... .......... .......... 51%  281M 0s
 28350K .......... .......... .......... .......... .......... 51%  253M 0s
 28400K .......... .......... .......... .......... .......... 51%  287M 0s
 28450K .......... .......... .......... .......... .......... 51%  288M 0s
 28500K .......... .......... .......... .......... .......... 51%  287M 0s
 28550K .......... .......... .......... .......... .......... 51%  246M 0s
 28600K .......... .......... .......... .......... .......... 51%  286M 0s
 28650K .......... .......... .......... .......... .......... 51%  121M 0s
 28700K .......... .......... .......... .......... .......... 51% 23.4M 0s
 28750K .......... .......... .......... .......... .......... 51% 92.8M 0s
 28800K .......... .......... .......... .......... .......... 52%  277M 0s
 28850K .......... .......... .......... .......... .......... 52%  236M 0s
 28900K .......... .......... .......... .......... .......... 52%  282M 0s
 28950K .......... .......... .......... .......... .......... 52%  252M 0s
 29000K .......... .......... .......... .......... .......... 52%  279M 0s
 29050K .......... .......... .......... .......... .......... 52%  276M 0s
 29100K .......... .......... .......... .......... .......... 52%  293M 0s
 29150K .......... .......... .......... .......... .......... 52%  257M 0s
 29200K .......... .......... .......... .......... .......... 52%  294M 0s
 29250K .......... .......... .......... .......... .......... 52%  288M 0s
 29300K .......... .......... .......... .......... .......... 52%  295M 0s
 29350K .......... .......... .......... .......... .......... 53%  132M 0s
 29400K .......... .......... .......... .......... .......... 53%  228M 0s
 29450K .......... .......... .......... .......... .......... 53%  249M 0s
 29500K .......... .......... .......... .......... .......... 53%  276M 0s
 29550K .......... .......... .......... .......... .......... 53%  284M 0s
 29600K .......... .......... .......... .......... .......... 53%  284M 0s
 29650K .......... .......... .......... .......... .......... 53%  241M 0s
 29700K .......... .......... .......... .......... .......... 53%  281M 0s
 29750K .......... .......... .......... .......... .......... 53%  268M 0s
 29800K .......... .......... .......... .......... .......... 53%  264M 0s
 29850K .......... .......... .......... .......... .......... 53%  243M 0s
 29900K .......... .......... .......... .......... .......... 54%  273M 0s
 29950K .......... .......... .......... .......... .......... 54%  273M 0s
 30000K .......... .......... .......... .......... .......... 54%  262M 0s
 30050K .......... .......... .......... .......... .......... 54%  241M 0s
 30100K .......... .......... .......... .......... .......... 54%  280M 0s
 30150K .......... .......... .......... .......... .......... 54%  278M 0s
 30200K .......... .......... .......... .......... .......... 54%  283M 0s
 30250K .......... .......... .......... .......... .......... 54%  244M 0s
 30300K .......... .......... .......... .......... .......... 54%  275M 0s
 30350K .......... .......... .......... .......... .......... 54%  279M 0s
 30400K .......... .......... .......... .......... .......... 54%  281M 0s
 30450K .......... .......... .......... .......... .......... 55% 17.3M 0s
 30500K .......... .......... .......... .......... .......... 55%  260M 0s
 30550K .......... .......... .......... .......... .......... 55%  262M 0s
 30600K .......... .......... .......... .......... .......... 55%  248M 0s
 30650K .......... .......... .......... .......... .......... 55%  232M 0s
 30700K .......... .......... .......... .......... .......... 55% 86.8M 0s
 30750K .......... .......... .......... .......... .......... 55%  173M 0s
 30800K .......... .......... .......... .......... .......... 55%  278M 0s
 30850K .......... .......... .......... .......... .......... 55%  246M 0s
 30900K .......... .......... .......... .......... .......... 55%  286M 0s
 30950K .......... .......... .......... .......... .......... 55%  285M 0s
 31000K .......... .......... .......... .......... .......... 56%  284M 0s
 31050K .......... .......... .......... .......... .......... 56%  241M 0s
 31100K .......... .......... .......... .......... .......... 56%  289M 0s
 31150K .......... .......... .......... .......... .......... 56%  292M 0s
 31200K .......... .......... .......... .......... .......... 56%  291M 0s
 31250K .......... .......... .......... .......... .......... 56%  254M 0s
 31300K .......... .......... .......... .......... .......... 56%  292M 0s
 31350K .......... .......... .......... .......... .......... 56%  291M 0s
 31400K .......... .......... .......... .......... .......... 56% 26.4M 0s
 31450K .......... .......... .......... .......... .......... 56%  214M 0s
 31500K .......... .......... .......... .......... .......... 56%  232M 0s
 31550K .......... .......... .......... .......... .......... 57%  200M 0s
 31600K .......... .......... .......... .......... .......... 57%  281M 0s
 31650K .......... .......... .......... .......... .......... 57%  285M 0s
 31700K .......... .......... .......... .......... .......... 57%  279M 0s
 31750K .......... .......... .......... .......... .......... 57%  245M 0s
 31800K .......... .......... .......... .......... .......... 57%  284M 0s
 31850K .......... .......... .......... .......... .......... 57%  282M 0s
 31900K .......... .......... .......... .......... .......... 57%  284M 0s
 31950K .......... .......... .......... .......... .......... 57%  247M 0s
 32000K .......... .......... .......... .......... .......... 57%  150M 0s
 32050K .......... .......... .......... .......... .......... 57%  215M 0s
 32100K .......... .......... .......... .......... .......... 57%  284M 0s
 32150K .......... .......... .......... .......... .......... 58%  271M 0s
 32200K .......... .......... .......... .......... .......... 58%  269M 0s
 32250K .......... .......... .......... .......... .......... 58%  224M 0s
 32300K .......... .......... .......... .......... .......... 58%  278M 0s
 32350K .......... .......... .......... .......... .......... 58%  278M 0s
 32400K .......... .......... .......... .......... .......... 58%  272M 0s
 32450K .......... .......... .......... .......... .......... 58%  208M 0s
 32500K .......... .......... .......... .......... .......... 58%  247M 0s
 32550K .......... .......... .......... .......... .......... 58%  261M 0s
 32600K .......... .......... .......... .......... .......... 58%  233M 0s
 32650K .......... .......... .......... .......... .......... 58%  234M 0s
 32700K .......... .......... .......... .......... .......... 59%  277M 0s
 32750K .......... .......... .......... .......... .......... 59%  114M 0s
 32800K .......... .......... .......... .......... .......... 59%  283M 0s
 32850K .......... .......... .......... .......... .......... 59%  251M 0s
 32900K .......... .......... .......... .......... .......... 59%  286M 0s
 32950K .......... .......... .......... .......... .......... 59%  278M 0s
 33000K .......... .......... .......... .......... .......... 59%  287M 0s
 33050K .......... .......... .......... .......... .......... 59%  239M 0s
 33100K .......... .......... .......... .......... .......... 59% 21.5M 0s
 33150K .......... .......... .......... .......... .......... 59%  209M 0s
 33200K .......... .......... .......... .......... .......... 59%  245M 0s
 33250K .......... .......... .......... .......... .......... 60%  259M 0s
 33300K .......... .......... .......... .......... .......... 60%  213M 0s
 33350K .......... .......... .......... .......... .......... 60%  285M 0s
 33400K .......... .......... .......... .......... .......... 60%  290M 0s
 33450K .......... .......... .......... .......... .......... 60%  286M 0s
 33500K .......... .......... .......... .......... .......... 60%  257M 0s
 33550K .......... .......... .......... .......... .......... 60%  292M 0s
 33600K .......... .......... .......... .......... .......... 60%  288M 0s
 33650K .......... .......... .......... .......... .......... 60%  292M 0s
 33700K .......... .......... .......... .......... .......... 60%  251M 0s
 33750K .......... .......... .......... .......... .......... 60%  291M 0s
 33800K .......... .......... .......... .......... .......... 61%  290M 0s
 33850K .......... .......... .......... .......... .......... 61%  288M 0s
 33900K .......... .......... .......... .......... .......... 61%  255M 0s
 33950K .......... .......... .......... .......... .......... 61% 16.3M 0s
 34000K .......... .......... .......... .......... .......... 61%  214M 0s
 34050K .......... .......... .......... .......... .......... 61%  186M 0s
 34100K .......... .......... .......... .......... .......... 61%  273M 0s
 34150K .......... .......... .......... .......... .......... 61%  289M 0s
 34200K .......... .......... .......... .......... .......... 61%  286M 0s
 34250K .......... .......... .......... .......... .......... 61%  252M 0s
 34300K .......... .......... .......... .......... .......... 61%  279M 0s
 34350K .......... .......... .......... .......... .......... 62%  287M 0s
 34400K .......... .......... .......... .......... .......... 62%  284M 0s
 34450K .......... .......... .......... .......... .......... 62%  251M 0s
 34500K .......... .......... .......... .......... .......... 62%  287M 0s
 34550K .......... .......... .......... .......... .......... 62%  286M 0s
 34600K .......... .......... .......... .......... .......... 62%  269M 0s
 34650K .......... .......... .......... .......... .......... 62%  224M 0s
 34700K .......... .......... .......... .......... .......... 62%  271M 0s
 34750K .......... .......... .......... .......... .......... 62%  268M 0s
 34800K .......... .......... .......... .......... .......... 62%  116M 0s
 34850K .......... .......... .......... .......... .......... 62%  239M 0s
 34900K .......... .......... .......... .......... .......... 63%  270M 0s
 34950K .......... .......... .......... .......... .......... 63%  285M 0s
 35000K .......... .......... .......... .......... .......... 63%  282M 0s
 35050K .......... .......... .......... .......... .......... 63%  239M 0s
 35100K .......... .......... .......... .......... .......... 63%  265M 0s
 35150K .......... .......... .......... .......... .......... 63%  293M 0s
 35200K .......... .......... .......... .......... .......... 63%  287M 0s
 35250K .......... .......... .......... .......... .......... 63%  253M 0s
 35300K .......... .......... .......... .......... .......... 63%  291M 0s
 35350K .......... .......... .......... .......... .......... 63%  236M 0s
 35400K .......... .......... .......... .......... .......... 63%  293M 0s
 35450K .......... .......... .......... .......... .......... 64%  254M 0s
 35500K .......... .......... .......... .......... .......... 64%  288M 0s
 35550K .......... .......... .......... .......... .......... 64%  295M 0s
 35600K .......... .......... .......... .......... .......... 64%  282M 0s
 35650K .......... .......... .......... .......... .......... 64%  253M 0s
 35700K .......... .......... .......... .......... .......... 64%  290M 0s
 35750K .......... .......... .......... .......... .......... 64%  290M 0s
 35800K .......... .......... .......... .......... .......... 64% 23.3M 0s
 35850K .......... .......... .......... .......... .......... 64%  289M 0s
 35900K .......... .......... .......... .......... .......... 64%  230M 0s
 35950K .......... .......... .......... .......... .......... 64%  277M 0s
 36000K .......... .......... .......... .......... .......... 65%  289M 0s
 36050K .......... .......... .......... .......... .......... 65%  277M 0s
 36100K .......... .......... .......... .......... .......... 65%  223M 0s
 36150K .......... .......... .......... .......... .......... 65%  225M 0s
 36200K .......... .......... .......... .......... .......... 65%  262M 0s
 36250K .......... .......... .......... .......... .......... 65%  285M 0s
 36300K .......... .......... .......... .......... .......... 65%  242M 0s
 36350K .......... .......... .......... .......... .......... 65%  277M 0s
 36400K .......... .......... .......... .......... .......... 65%  285M 0s
 36450K .......... .......... .......... .......... .......... 65%  282M 0s
 36500K .......... .......... .......... .......... .......... 65%  252M 0s
 36550K .......... .......... .......... .......... .......... 66%  286M 0s
 36600K .......... .......... .......... .......... .......... 66%  283M 0s
 36650K .......... .......... .......... .......... .......... 66% 18.4M 0s
 36700K .......... .......... .......... .......... .......... 66%  101M 0s
 36750K .......... .......... .......... .......... .......... 66%  203M 0s
 36800K .......... .......... .......... .......... .......... 66%  237M 0s
 36850K .......... .......... .......... .......... .......... 66%  118M 0s
 36900K .......... .......... .......... .......... .......... 66%  285M 0s
 36950K .......... .......... .......... .......... .......... 66%  252M 0s
 37000K .......... .......... .......... .......... .......... 66%  279M 0s
 37050K .......... .......... .......... .......... .......... 66%  289M 0s
 37100K .......... .......... .......... .......... .......... 67%  290M 0s
 37150K .......... .......... .......... .......... .......... 67%  249M 0s
 37200K .......... .......... .......... .......... .......... 67%  288M 0s
 37250K .......... .......... .......... .......... .......... 67%  263M 0s
 37300K .......... .......... .......... .......... .......... 67%  220M 0s
 37350K .......... .......... .......... .......... .......... 67%  257M 0s
 37400K .......... .......... .......... .......... .......... 67%  293M 0s
 37450K .......... .......... .......... .......... .......... 67%  292M 0s
 37500K .......... .......... .......... .......... .......... 67%  293M 0s
 37550K .......... .......... .......... .......... .......... 67%  251M 0s
 37600K .......... .......... .......... .......... .......... 67%  292M 0s
 37650K .......... .......... .......... .......... .......... 68%  285M 0s
 37700K .......... .......... .......... .......... .......... 68%  285M 0s
 37750K .......... .......... .......... .......... .......... 68%  250M 0s
 37800K .......... .......... .......... .......... .......... 68%  246M 0s
 37850K .......... .......... .......... .......... .......... 68%  273M 0s
 37900K .......... .......... .......... .......... .......... 68%  278M 0s
 37950K .......... .......... .......... .......... .......... 68%  246M 0s
 38000K .......... .......... .......... .......... .......... 68%  280M 0s
 38050K .......... .......... .......... .......... .......... 68%  281M 0s
 38100K .......... .......... .......... .......... .......... 68%  280M 0s
 38150K .......... .......... .......... .......... .......... 68%  244M 0s
 38200K .......... .......... .......... .......... .......... 68%  272M 0s
 38250K .......... .......... .......... .......... .......... 69%  281M 0s
 38300K .......... .......... .......... .......... .......... 69% 18.5M 0s
 38350K .......... .......... .......... .......... .......... 69%  164M 0s
 38400K .......... .......... .......... .......... .......... 69%  221M 0s
 38450K .......... .......... .......... .......... .......... 69%  227M 0s
 38500K .......... .......... .......... .......... .......... 69%  220M 0s
 38550K .......... .......... .......... .......... .......... 69%  228M 0s
 38600K .......... .......... .......... .......... .......... 69%  271M 0s
 38650K .......... .......... .......... .......... .......... 69%  276M 0s
 38700K .......... .......... .......... .......... .......... 69%  275M 0s
 38750K .......... .......... .......... .......... .......... 69%  244M 0s
 38800K .......... .......... .......... .......... .......... 70%  280M 0s
 38850K .......... .......... .......... .......... .......... 70%  277M 0s
 38900K .......... .......... .......... .......... .......... 70%  142M 0s
 38950K .......... .......... .......... .......... .......... 70%  242M 0s
 39000K .......... .......... .......... .......... .......... 70%  284M 0s
 39050K .......... .......... .......... .......... .......... 70%  286M 0s
 39100K .......... .......... .......... .......... .......... 70%  279M 0s
 39150K .......... .......... .......... .......... .......... 70%  250M 0s
 39200K .......... .......... .......... .......... .......... 70%  263M 0s
 39250K .......... .......... .......... .......... .......... 70%  290M 0s
 39300K .......... .......... .......... .......... .......... 70%  294M 0s
 39350K .......... .......... .......... .......... .......... 71%  254M 0s
 39400K .......... .......... .......... .......... .......... 71%  291M 0s
 39450K .......... .......... .......... .......... .......... 71% 35.3M 0s
 39500K .......... .......... .......... .......... .......... 71%  248M 0s
 39550K .......... .......... .......... .......... .......... 71%  275M 0s
 39600K .......... .......... .......... .......... .......... 71%  240M 0s
 39650K .......... .......... .......... .......... .......... 71%  278M 0s
 39700K .......... .......... .......... .......... .......... 71%  268M 0s
 39750K .......... .......... .......... .......... .......... 71%  272M 0s
 39800K .......... .......... .......... .......... .......... 71%  244M 0s
 39850K .......... .......... .......... .......... .......... 71%  279M 0s
 39900K .......... .......... .......... .......... .......... 72%  280M 0s
 39950K .......... .......... .......... .......... .......... 72%  281M 0s
 40000K .......... .......... .......... .......... .......... 72% 37.1M 0s
 40050K .......... .......... .......... .......... .......... 72%  217M 0s
 40100K .......... .......... .......... .......... .......... 72%  246M 0s
 40150K .......... .......... .......... .......... .......... 72%  280M 0s
 40200K .......... .......... .......... .......... .......... 72%  231M 0s
 40250K .......... .......... .......... .......... .......... 72%  232M 0s
 40300K .......... .......... .......... .......... .......... 72%  214M 0s
 40350K .......... .......... .......... .......... .......... 72%  271M 0s
 40400K .......... .......... .......... .......... .......... 72%  269M 0s
 40450K .......... .......... .......... .......... .......... 73%  266M 0s
 40500K .......... .......... .......... .......... .......... 73%  240M 0s
 40550K .......... .......... .......... .......... .......... 73%  277M 0s
 40600K .......... .......... .......... .......... .......... 73%  274M 0s
 40650K .......... .......... .......... .......... .......... 73%  251M 0s
 40700K .......... .......... .......... .......... .......... 73%  235M 0s
 40750K .......... .......... .......... .......... .......... 73%  276M 0s
 40800K .......... .......... .......... .......... .......... 73%  276M 0s
 40850K .......... .......... .......... .......... .......... 73%  275M 0s
 40900K .......... .......... .......... .......... .......... 73%  238M 0s
 40950K .......... .......... .......... .......... .......... 73%  123M 0s
 41000K .......... .......... .......... .......... .......... 74% 20.8M 0s
 41050K .......... .......... .......... .......... .......... 74%  283M 0s
 41100K .......... .......... .......... .......... .......... 74%  242M 0s
 41150K .......... .......... .......... .......... .......... 74%  216M 0s
 41200K .......... .......... .......... .......... .......... 74%  289M 0s
 41250K .......... .......... .......... .......... .......... 74%  288M 0s
 41300K .......... .......... .......... .......... .......... 74%  288M 0s
 41350K .......... .......... .......... .......... .......... 74%  254M 0s
 41400K .......... .......... .......... .......... .......... 74%  289M 0s
 41450K .......... .......... .......... .......... .......... 74%  282M 0s
 41500K .......... .......... .......... .......... .......... 74%  284M 0s
 41550K .......... .......... .......... .......... .......... 75%  245M 0s
 41600K .......... .......... .......... .......... .......... 75%  269M 0s
 41650K .......... .......... .......... .......... .......... 75%  284M 0s
 41700K .......... .......... .......... .......... .......... 75%  281M 0s
 41750K .......... .......... .......... .......... .......... 75%  249M 0s
 41800K .......... .......... .......... .......... .......... 75%  283M 0s
 41850K .......... .......... .......... .......... .......... 75%  288M 0s
 41900K .......... .......... .......... .......... .......... 75%  284M 0s
 41950K .......... .......... .......... .......... .......... 75%  247M 0s
 42000K .......... .......... .......... .......... .......... 75%  278M 0s
 42050K .......... .......... .......... .......... .......... 75%  284M 0s
 42100K .......... .......... .......... .......... .......... 76% 22.8M 0s
 42150K .......... .......... .......... .......... .......... 76%  240M 0s
 42200K .......... .......... .......... .......... .......... 76%  271M 0s
 42250K .......... .......... .......... .......... .......... 76%  227M 0s
 42300K .......... .......... .......... .......... .......... 76%  279M 0s
 42350K .......... .......... .......... .......... .......... 76%  282M 0s
 42400K .......... .......... .......... .......... .......... 76%  281M 0s
 42450K .......... .......... .......... .......... .......... 76%  244M 0s
 42500K .......... .......... .......... .......... .......... 76%  283M 0s
 42550K .......... .......... .......... .......... .......... 76%  274M 0s
 42600K .......... .......... .......... .......... .......... 76%  266M 0s
 42650K .......... .......... .......... .......... .......... 77%  252M 0s
 42700K .......... .......... .......... .......... .......... 77%  287M 0s
 42750K .......... .......... .......... .......... .......... 77%  284M 0s
 42800K .......... .......... .......... .......... .......... 77%  242M 0s
 42850K .......... .......... .......... .......... .......... 77%  235M 0s
 42900K .......... .......... .......... .......... .......... 77%  274M 0s
 42950K .......... .......... .......... .......... .......... 77%  278M 0s
 43000K .......... .......... .......... .......... .......... 77%  144M 0s
 43050K .......... .......... .......... .......... .......... 77%  233M 0s
 43100K .......... .......... .......... .......... .......... 77%  273M 0s
 43150K .......... .......... .......... .......... .......... 77%  280M 0s
 43200K .......... .......... .......... .......... .......... 78%  282M 0s
 43250K .......... .......... .......... .......... .......... 78%  240M 0s
 43300K .......... .......... .......... .......... .......... 78%  280M 0s
 43350K .......... .......... .......... .......... .......... 78%  280M 0s
 43400K .......... .......... .......... .......... .......... 78%  284M 0s
 43450K .......... .......... .......... .......... .......... 78%  247M 0s
 43500K .......... .......... .......... .......... .......... 78%  271M 0s
 43550K .......... .......... .......... .......... .......... 78%  292M 0s
 43600K .......... .......... .......... .......... .......... 78% 14.6M 0s
 43650K .......... .......... .......... .......... .......... 78%  281M 0s
 43700K .......... .......... .......... .......... .......... 78%  287M 0s
 43750K .......... .......... .......... .......... .......... 79%  285M 0s
 43800K .......... .......... .......... .......... .......... 79%  240M 0s
 43850K .......... .......... .......... .......... .......... 79%  271M 0s
 43900K .......... .......... .......... .......... .......... 79%  280M 0s
 43950K .......... .......... .......... .......... .......... 79%  268M 0s
 44000K .......... .......... .......... .......... .......... 79%  244M 0s
 44050K .......... .......... .......... .......... .......... 79%  281M 0s
 44100K .......... .......... .......... .......... .......... 79%  274M 0s
 44150K .......... .......... .......... .......... .......... 79%  280M 0s
 44200K .......... .......... .......... .......... .......... 79%  233M 0s
 44250K .......... .......... .......... .......... .......... 79%  276M 0s
 44300K .......... .......... .......... .......... .......... 80%  277M 0s
 44350K .......... .......... .......... .......... .......... 80%  281M 0s
 44400K .......... .......... .......... .......... .......... 80%  241M 0s
 44450K .......... .......... .......... .......... .......... 80%  281M 0s
 44500K .......... .......... .......... .......... .......... 80%  278M 0s
 44550K .......... .......... .......... .......... .......... 80%  266M 0s
 44600K .......... .......... .......... .......... .......... 80%  250M 0s
 44650K .......... .......... .......... .......... .......... 80%  281M 0s
 44700K .......... .......... .......... .......... .......... 80%  283M 0s
 44750K .......... .......... .......... .......... .......... 80% 26.8M 0s
 44800K .......... .......... .......... .......... .......... 80%  202M 0s
 44850K .......... .......... .......... .......... .......... 80%  277M 0s
 44900K .......... .......... .......... .......... .......... 81%  270M 0s
 44950K .......... .......... .......... .......... .......... 81%  273M 0s
 45000K .......... .......... .......... .......... .......... 81%  228M 0s
 45050K .......... .......... .......... .......... .......... 81%  112M 0s
 45100K .......... .......... .......... .......... .......... 81%  272M 0s
 45150K .......... .......... .......... .......... .......... 81%  287M 0s
 45200K .......... .......... .......... .......... .......... 81%  246M 0s
 45250K .......... .......... .......... .......... .......... 81%  287M 0s
 45300K .......... .......... .......... .......... .......... 81%  289M 0s
 45350K .......... .......... .......... .......... .......... 81%  288M 0s
 45400K .......... .......... .......... .......... .......... 81%  251M 0s
 45450K .......... .......... .......... .......... .......... 82%  273M 0s
 45500K .......... .......... .......... .......... .......... 82%  277M 0s
 45550K .......... .......... .......... .......... .......... 82%  277M 0s
 45600K .......... .......... .......... .......... .......... 82%  241M 0s
 45650K .......... .......... .......... .......... .......... 82%  288M 0s
 45700K .......... .......... .......... .......... .......... 82%  288M 0s
 45750K .......... .......... .......... .......... .......... 82%  274M 0s
 45800K .......... .......... .......... .......... .......... 82%  241M 0s
 45850K .......... .......... .......... .......... .......... 82%  282M 0s
 45900K .......... .......... .......... .......... .......... 82%  285M 0s
 45950K .......... .......... .......... .......... .......... 82%  285M 0s
 46000K .......... .......... .......... .......... .......... 83%  250M 0s
 46050K .......... .......... .......... .......... .......... 83%  285M 0s
 46100K .......... .......... .......... .......... .......... 83%  283M 0s
 46150K .......... .......... .......... .......... .......... 83%  287M 0s
 46200K .......... .......... .......... .......... .......... 83%  247M 0s
 46250K .......... .......... .......... .......... .......... 83%  285M 0s
 46300K .......... .......... .......... .......... .......... 83%  287M 0s
 46350K .......... .......... .......... .......... .......... 83% 14.5M 0s
 46400K .......... .......... .......... .......... .......... 83%  231M 0s
 46450K .......... .......... .......... .......... .......... 83%  272M 0s
 46500K .......... .......... .......... .......... .......... 83%  248M 0s
 46550K .......... .......... .......... .......... .......... 84%  263M 0s
 46600K .......... .......... .......... .......... .......... 84%  243M 0s
 46650K .......... .......... .......... .......... .......... 84%  272M 0s
 46700K .......... .......... .......... .......... .......... 84%  278M 0s
 46750K .......... .......... .......... .......... .......... 84%  281M 0s
 46800K .......... .......... .......... .......... .......... 84%  239M 0s
 46850K .......... .......... .......... .......... .......... 84%  265M 0s
 46900K .......... .......... .......... .......... .......... 84%  275M 0s
 46950K .......... .......... .......... .......... .......... 84%  271M 0s
 47000K .......... .......... .......... .......... .......... 84%  243M 0s
 47050K .......... .......... .......... .......... .......... 84%  285M 0s
 47100K .......... .......... .......... .......... .......... 85%  125M 0s
 47150K .......... .......... .......... .......... .......... 85%  292M 0s
 47200K .......... .......... .......... .......... .......... 85%  255M 0s
 47250K .......... .......... .......... .......... .......... 85%  294M 0s
 47300K .......... .......... .......... .......... .......... 85%  284M 0s
 47350K .......... .......... .......... .......... .......... 85%  289M 0s
 47400K .......... .......... .......... .......... .......... 85% 28.8M 0s
 47450K .......... .......... .......... .......... .......... 85%  176M 0s
 47500K .......... .......... .......... .......... .......... 85%  242M 0s
 47550K .......... .......... .......... .......... .......... 85%  288M 0s
 47600K .......... .......... .......... .......... .......... 85%  284M 0s
 47650K .......... .......... .......... .......... .......... 86%  247M 0s
 47700K .......... .......... .......... .......... .......... 86%  285M 0s
 47750K .......... .......... .......... .......... .......... 86%  290M 0s
 47800K .......... .......... .......... .......... .......... 86%  291M 0s
 47850K .......... .......... .......... .......... .......... 86%  253M 0s
 47900K .......... .......... .......... .......... .......... 86%  289M 0s
 47950K .......... .......... .......... .......... .......... 86%  287M 0s
 48000K .......... .......... .......... .......... .......... 86%  281M 0s
 48050K .......... .......... .......... .......... .......... 86%  250M 0s
 48100K .......... .......... .......... .......... .......... 86%  286M 0s
 48150K .......... .......... .......... .......... .......... 86%  288M 0s
 48200K .......... .......... .......... .......... .......... 87%  152M 0s
 48250K .......... .......... .......... .......... .......... 87%  273M 0s
 48300K .......... .......... .......... .......... .......... 87%  275M 0s
 48350K .......... .......... .......... .......... .......... 87%  270M 0s
 48400K .......... .......... .......... .......... .......... 87%  237M 0s
 48450K .......... .......... .......... .......... .......... 87%  285M 0s
 48500K .......... .......... .......... .......... .......... 87%  272M 0s
 48550K .......... .......... .......... .......... .......... 87%  277M 0s
 48600K .......... .......... .......... .......... .......... 87%  247M 0s
 48650K .......... .......... .......... .......... .......... 87%  279M 0s
 48700K .......... .......... .......... .......... .......... 87%  284M 0s
 48750K .......... .......... .......... .......... .......... 88%  284M 0s
 48800K .......... .......... .......... .......... .......... 88%  243M 0s
 48850K .......... .......... .......... .......... .......... 88%  286M 0s
 48900K .......... .......... .......... .......... .......... 88%  281M 0s
 48950K .......... .......... .......... .......... .......... 88%  256M 0s
 49000K .......... .......... .......... .......... .......... 88%  222M 0s
 49050K .......... .......... .......... .......... .......... 88%  267M 0s
 49100K .......... .......... .......... .......... .......... 88% 17.4M 0s
 49150K .......... .......... .......... .......... .......... 88%  121M 0s
 49200K .......... .......... .......... .......... .......... 88%  280M 0s
 49250K .......... .......... .......... .......... .......... 88%  213M 0s
 49300K .......... .......... .......... .......... .......... 89%  267M 0s
 49350K .......... .......... .......... .......... .......... 89%  224M 0s
 49400K .......... .......... .......... .......... .......... 89%  255M 0s
 49450K .......... .......... .......... .......... .......... 89%  255M 0s
 49500K .......... .......... .......... .......... .......... 89%  292M 0s
 49550K .......... .......... .......... .......... .......... 89%  295M 0s
 49600K .......... .......... .......... .......... .......... 89%  283M 0s
 49650K .......... .......... .......... .......... .......... 89%  254M 0s
 49700K .......... .......... .......... .......... .......... 89%  248M 0s
 49750K .......... .......... .......... .......... .......... 89%  273M 0s
 49800K .......... .......... .......... .......... .......... 89%  280M 0s
 49850K .......... .......... .......... .......... .......... 90%  243M 0s
 49900K .......... .......... .......... .......... .......... 90%  277M 0s
 49950K .......... .......... .......... .......... .......... 90%  281M 0s
 50000K .......... .......... .......... .......... .......... 90%  282M 0s
 50050K .......... .......... .......... .......... .......... 90%  247M 0s
 50100K .......... .......... .......... .......... .......... 90% 18.9M 0s
 50150K .......... .......... .......... .......... .......... 90%  217M 0s
 50200K .......... .......... .......... .......... .......... 90%  277M 0s
 50250K .......... .......... .......... .......... .......... 90%  211M 0s
 50300K .......... .......... .......... .......... .......... 90%  277M 0s
 50350K .......... .......... .......... .......... .......... 90%  288M 0s
 50400K .......... .......... .......... .......... .......... 91%  289M 0s
 50450K .......... .......... .......... .......... .......... 91%  253M 0s
 50500K .......... .......... .......... .......... .......... 91%  289M 0s
 50550K .......... .......... .......... .......... .......... 91%  288M 0s
 50600K .......... .......... .......... .......... .......... 91%  280M 0s
 50650K .......... .......... .......... .......... .......... 91%  250M 0s
 50700K .......... .......... .......... .......... .......... 91%  291M 0s
 50750K .......... .......... .......... .......... .......... 91%  285M 0s
 50800K .......... .......... .......... .......... .......... 91%  271M 0s
 50850K .......... .......... .......... .......... .......... 91%  237M 0s
 50900K .......... .......... .......... .......... .......... 91%  271M 0s
 50950K .......... .......... .......... .......... .......... 91%  270M 0s
 51000K .......... .......... .......... .......... .......... 92%  276M 0s
 51050K .......... .......... .......... .......... .......... 92%  245M 0s
 51100K .......... .......... .......... .......... .......... 92%  280M 0s
 51150K .......... .......... .......... .......... .......... 92%  265M 0s
 51200K .......... .......... .......... .......... .......... 92%  120M 0s
 51250K .......... .......... .......... .......... .......... 92%  250M 0s
 51300K .......... .......... .......... .......... .......... 92%  285M 0s
 51350K .......... .......... .......... .......... .......... 92%  277M 0s
 51400K .......... .......... .......... .......... .......... 92%  289M 0s
 51450K .......... .......... .......... .......... .......... 92%  248M 0s
 51500K .......... .......... .......... .......... .......... 92%  273M 0s
 51550K .......... .......... .......... .......... .......... 93%  293M 0s
 51600K .......... .......... .......... .......... .......... 93%  294M 0s
 51650K .......... .......... .......... .......... .......... 93%  229M 0s
 51700K .......... .......... .......... .......... .......... 93%  280M 0s
 51750K .......... .......... .......... .......... .......... 93%  284M 0s
 51800K .......... .......... .......... .......... .......... 93% 21.7M 0s
 51850K .......... .......... .......... .......... .......... 93%  162M 0s
 51900K .......... .......... .......... .......... .......... 93%  291M 0s
 51950K .......... .......... .......... .......... .......... 93%  294M 0s
 52000K .......... .......... .......... .......... .......... 93%  209M 0s
 52050K .......... .......... .......... .......... .......... 93%  257M 0s
 52100K .......... .......... .......... .......... .......... 94%  278M 0s
 52150K .......... .......... .......... .......... .......... 94%  266M 0s
 52200K .......... .......... .......... .......... .......... 94%  253M 0s
 52250K .......... .......... .......... .......... .......... 94%  294M 0s
 52300K .......... .......... .......... .......... .......... 94%  293M 0s
 52350K .......... .......... .......... .......... .......... 94%  293M 0s
 52400K .......... .......... .......... .......... .......... 94%  247M 0s
 52450K .......... .......... .......... .......... .......... 94%  245M 0s
 52500K .......... .......... .......... .......... .......... 94%  281M 0s
 52550K .......... .......... .......... .......... .......... 94%  247M 0s
 52600K .......... .......... .......... .......... .......... 94%  247M 0s
 52650K .......... .......... .......... .......... .......... 95%  275M 0s
 52700K .......... .......... .......... .......... .......... 95%  279M 0s
 52750K .......... .......... .......... .......... .......... 95%  279M 0s
 52800K .......... .......... .......... .......... .......... 95%  243M 0s
 52850K .......... .......... .......... .......... .......... 95%  282M 0s
 52900K .......... .......... .......... .......... .......... 95% 23.6M 0s
 52950K .......... .......... .......... .......... .......... 95%  225M 0s
 53000K .......... .......... .......... .......... .......... 95%  254M 0s
 53050K .......... .......... .......... .......... .......... 95%  216M 0s
 53100K .......... .......... .......... .......... .......... 95%  237M 0s
 53150K .......... .......... .......... .......... .......... 95%  271M 0s
 53200K .......... .......... .......... .......... .......... 96%  272M 0s
 53250K .......... .......... .......... .......... .......... 96% 65.0M 0s
 53300K .......... .......... .......... .......... .......... 96%  287M 0s
 53350K .......... .......... .......... .......... .......... 96%  278M 0s
 53400K .......... .......... .......... .......... .......... 96%  287M 0s
 53450K .......... .......... .......... .......... .......... 96%  162M 0s
 53500K .......... .......... .......... .......... .......... 96%  200M 0s
 53550K .......... .......... .......... .......... .......... 96%  184M 0s
 53600K .......... .......... .......... .......... .......... 96%  225M 0s
 53650K .......... .......... .......... .......... .......... 96%  292M 0s
 53700K .......... .......... .......... .......... .......... 96%  288M 0s
 53750K .......... .......... .......... .......... .......... 97%  200M 0s
 53800K .......... .......... .......... .......... .......... 97%  253M 0s
 53850K .......... .......... .......... .......... .......... 97%  267M 0s
 53900K .......... .......... .......... .......... .......... 97%  290M 0s
 53950K .......... .......... .......... .......... .......... 97%  252M 0s
 54000K .......... .......... .......... .......... .......... 97%  289M 0s
 54050K .......... .......... .......... .......... .......... 97%  284M 0s
 54100K .......... .......... .......... .......... .......... 97%  286M 0s
 54150K .......... .......... .......... .......... .......... 97%  251M 0s
 54200K .......... .......... .......... .......... .......... 97%  275M 0s
 54250K .......... .......... .......... .......... .......... 97%  301M 0s
 54300K .......... .......... .......... .......... .......... 98%  301M 0s
 54350K .......... .......... .......... .......... .......... 98%  261M 0s
 54400K .......... .......... .......... .......... .......... 98% 21.9M 0s
 54450K .......... .......... .......... .......... .......... 98%  142M 0s
 54500K .......... .......... .......... .......... .......... 98%  294M 0s
 54550K .......... .......... .......... .......... .......... 98%  305M 0s
 54600K .......... .......... .......... .......... .......... 98%  260M 0s
 54650K .......... .......... .......... .......... .......... 98%  302M 0s
 54700K .......... .......... .......... .......... .......... 98%  304M 0s
 54750K .......... .......... .......... .......... .......... 98%  249M 0s
 54800K .......... .......... .......... .......... .......... 98%  245M 0s
 54850K .......... .......... .......... .......... .......... 99%  278M 0s
 54900K .......... .......... .......... .......... .......... 99%  281M 0s
 54950K .......... .......... .......... .......... .......... 99%  286M 0s
 55000K .......... .......... .......... .......... .......... 99%  250M 0s
 55050K .......... .......... .......... .......... .......... 99%  285M 0s
 55100K .......... .......... .......... .......... .......... 99%  285M 0s
 55150K .......... .......... .......... .......... .......... 99%  280M 0s
 55200K .......... .......... .......... .......... .......... 99%  215M 0s
 55250K .......... .......... .......... .......... .......... 99%  122M 0s
 55300K .......... .......... .......... .......... .......... 99%  250M 0s
 55350K .......... .......... .......... .......... .......... 99%  280M 0s
 55400K .......... .......... .......... ......               100%  246M=0.5s2021-12-02 12:49:59 URL: ftp://ftp.ncbi.nlm.nih.gov/pub/taxonomy/taxdump.tar.gz [56766554] -> "taxdump.tar.gz" [1]
Extracting taxdump.tar.gz
Downloading file list for complete genomes from RefSeq
https://ftp.ncbi.nlm.nih.gov/genomes/refseq/archaea/assembly_summary.txt:
2021-12-02 12:50:01 ERROR 403: Forbidden.
